[INFO] Scanning for projects...
[INFO] 
[INFO] --------------< com.fasterxml.jackson.core:jackson-core >---------------
[INFO] Building Jackson-core 2.9.0-SNAPSHOT
[INFO] -------------------------------[ bundle ]-------------------------------
[INFO] 
[INFO] --- uniapr-plugin:profiler-only:validate (default-cli) @ jackson-core ---
Installing UniAPR agent
Profiler is HERE!
Found 568 test units
RUNNING: com.fasterxml.jackson.core.json.TestDecorators.testInputDecoration... 
RUNNING: com.fasterxml.jackson.core.json.TestDecorators.testOutputDecoration... 
RUNNING: com.fasterxml.jackson.core.json.StringGenerationTest.testBasicEscaping... 
RUNNING: com.fasterxml.jackson.core.json.StringGenerationTest.testMediumStringsBytes... 
RUNNING: com.fasterxml.jackson.core.json.StringGenerationTest.testMediumStringsChars... 
RUNNING: com.fasterxml.jackson.core.json.StringGenerationTest.testLongerRandomSingleChunk... 
RUNNING: com.fasterxml.jackson.core.json.StringGenerationTest.testLongerRandomMultiChunk... 
RUNNING: com.fasterxml.jackson.core.json.GeneratorFailTest.testFailOnWritingStringNotFieldNameChars... 
RUNNING: com.fasterxml.jackson.core.json.GeneratorFailTest.testDupFieldNameWrites... 
RUNNING: com.fasterxml.jackson.core.json.GeneratorFailTest.testFailOnWritingFieldNameInRoot... 
RUNNING: com.fasterxml.jackson.core.json.GeneratorFailTest.testFailOnWritingStringNotFieldNameBytes... 
RUNNING: com.fasterxml.jackson.core.main.TestParserLinefeeds.testCR... 
RUNNING: com.fasterxml.jackson.core.main.TestParserLinefeeds.testCRLF... 
RUNNING: com.fasterxml.jackson.core.main.TestParserLinefeeds.testLF... 
RUNNING: com.fasterxml.jackson.core.PointerFromContextTest.testParserWithRoot... 
RUNNING: com.fasterxml.jackson.core.PointerFromContextTest.testViaParser... 
RUNNING: com.fasterxml.jackson.core.PointerFromContextTest.testViaGenerator... 
RUNNING: com.fasterxml.jackson.core.PointerFromContextTest.testGeneratorWithRoot... 
RUNNING: com.fasterxml.jackson.core.json.async.AsyncSimpleObjectTest.testBooleans... 
RUNNING: com.fasterxml.jackson.core.json.async.AsyncSimpleObjectTest.testNumbers... 
RUNNING: com.fasterxml.jackson.core.read.NextXxxAccessTest.testIssue38... 
RUNNING: com.fasterxml.jackson.core.read.NextXxxAccessTest.testNextIntValue... 
RUNNING: com.fasterxml.jackson.core.read.NextXxxAccessTest.testIssue34... 
RUNNING: com.fasterxml.jackson.core.read.NextXxxAccessTest.testIsNextTokenName... 
RUNNING: com.fasterxml.jackson.core.read.NextXxxAccessTest.testIsNextTokenName2... 
RUNNING: com.fasterxml.jackson.core.read.NextXxxAccessTest.testIsNextTokenName3... 
RUNNING: com.fasterxml.jackson.core.read.NextXxxAccessTest.testIsNextTokenName4... 
RUNNING: com.fasterxml.jackson.core.read.NextXxxAccessTest.testNextNameWithLongContent... 
RUNNING: com.fasterxml.jackson.core.read.NextXxxAccessTest.testNextNameWithIndentation... 
RUNNING: com.fasterxml.jackson.core.read.NextXxxAccessTest.testNextTextValue... 
RUNNING: com.fasterxml.jackson.core.read.NextXxxAccessTest.testNextLongValue... 
RUNNING: com.fasterxml.jackson.core.read.NextXxxAccessTest.testNextBooleanValue... 
RUNNING: com.fasterxml.jackson.core.io.TestJsonStringEncoder.testEncodeAsUTF8... 
RUNNING: com.fasterxml.jackson.core.io.TestJsonStringEncoder.testCtrlChars... 
RUNNING: com.fasterxml.jackson.core.io.TestJsonStringEncoder.testQuoteAsString... 
RUNNING: com.fasterxml.jackson.core.io.TestJsonStringEncoder.testQuoteCharSequenceAsString... 
RUNNING: com.fasterxml.jackson.core.io.TestJsonStringEncoder.testQuoteAsUTF8... 
RUNNING: com.fasterxml.jackson.core.io.TestJsonStringEncoder.testQuoteLongAsString... 
RUNNING: com.fasterxml.jackson.core.io.TestJsonStringEncoder.testQuoteLongCharSequenceAsString... 
RUNNING: com.fasterxml.jackson.core.io.TestJsonStringEncoder.testCharSequenceWithCtrlChars... 
RUNNING: com.fasterxml.jackson.core.json.ParserSequenceTest.testSimple... 
RUNNING: com.fasterxml.jackson.core.json.ParserSequenceTest.testMultiLevel... 
RUNNING: com.fasterxml.jackson.core.json.ParserSequenceTest.testInitializationDisabled... 
RUNNING: com.fasterxml.jackson.core.json.ParserSequenceTest.testInitializationEnabled... 
RUNNING: com.fasterxml.jackson.core.sym.TestByteBasedSymbols.testSharedSymbols... 
RUNNING: com.fasterxml.jackson.core.sym.TestByteBasedSymbols.testAuxMethodsWithNewSymboTable... 
RUNNING: com.fasterxml.jackson.core.sym.TestByteBasedSymbols.testIssue207... 
RUNNING: com.fasterxml.jackson.core.TestVersions.testMisc... 
RUNNING: com.fasterxml.jackson.core.TestVersions.testCoreVersions... 
RUNNING: com.fasterxml.jackson.core.json.async.AsyncNumberLeadingZeroesTest.testDefaultsForAsync... 
RUNNING: com.fasterxml.jackson.core.json.async.AsyncNumberLeadingZeroesTest.testLeadingZeroesInt... 
RUNNING: com.fasterxml.jackson.core.json.async.AsyncNumberLeadingZeroesTest.testLeadingZeroesFloat... 
RUNNING: com.fasterxml.jackson.core.base64.Base64GenerationTest.testIssue55... 
RUNNING: com.fasterxml.jackson.core.base64.Base64GenerationTest.testStreamingBinaryWrites... 
RUNNING: com.fasterxml.jackson.core.base64.Base64GenerationTest.testSimpleBinaryWrite... 
RUNNING: com.fasterxml.jackson.core.base64.Base64GenerationTest.testBinaryAsEmbeddedObject... 
RUNNING: com.fasterxml.jackson.core.json.async.AsyncTokenFilterTest.testFilteredNonBlockingParserAllContent... 
RUNNING: com.fasterxml.jackson.core.json.async.AsyncTokenFilterTest.testSkipChildrenFailOnSplit... 
RUNNING: com.fasterxml.jackson.core.json.JsonReadContextTest.testReset... 
RUNNING: com.fasterxml.jackson.core.json.JsonReadContextTest.testSetCurrentNameTwiceWithSameNameRaisesJsonParseException... 
RUNNING: com.fasterxml.jackson.core.json.JsonReadContextTest.testSetCurrentName... 
RUNNING: com.fasterxml.jackson.core.io.TestIOContext.testAllocations... 
RUNNING: com.fasterxml.jackson.core.main.TestPrettyPrinter.testArrayCount... 
RUNNING: com.fasterxml.jackson.core.main.TestPrettyPrinter.testObjectCount... 
RUNNING: com.fasterxml.jackson.core.main.TestPrettyPrinter.testSimpleDocWithMinimal... 
RUNNING: com.fasterxml.jackson.core.main.TestPrettyPrinter.testCustomRootSeparatorWithPP... 
RUNNING: com.fasterxml.jackson.core.main.TestPrettyPrinter.testCustomRootSeparatorWithFactory... 
RUNNING: com.fasterxml.jackson.core.main.TestPrettyPrinter.testCustomSeparatorsWithMinimal... 
RUNNING: com.fasterxml.jackson.core.main.TestPrettyPrinter.testCustomSeparatorsWithPP... 
RUNNING: com.fasterxml.jackson.core.main.TestPrettyPrinter.testCustomSeparatorsWithPPWithoutSpaces... 
RUNNING: com.fasterxml.jackson.core.main.TestPrettyPrinter.testSimpleDocWithDefault... 
RUNNING: com.fasterxml.jackson.core.json.JsonFactoryTest.testCopy... 
RUNNING: com.fasterxml.jackson.core.json.JsonFactoryTest.testGeneratorFeatures... 
RUNNING: com.fasterxml.jackson.core.json.JsonFactoryTest.testFactoryFeatures... 
RUNNING: com.fasterxml.jackson.core.json.JsonFactoryTest.testDisablingBufferRecycling... 
RUNNING: com.fasterxml.jackson.core.json.JsonFactoryTest.testJsonWithFiles... 
RUNNING: com.fasterxml.jackson.core.json.async.AsyncNonStdNumbersTest.testAllowInf... 
RUNNING: com.fasterxml.jackson.core.json.async.AsyncNonStdNumbersTest.testDefaultsForAsync... 
RUNNING: com.fasterxml.jackson.core.json.async.AsyncNonStdNumbersTest.testDisallowNaN... 
RUNNING: com.fasterxml.jackson.core.json.async.AsyncNonStdNumbersTest.testAllowNaN... 
RUNNING: com.fasterxml.jackson.core.json.async.AsyncNonStdNumbersTest.testDisallowInf... 
RUNNING: com.fasterxml.jackson.core.read.NumberCoercionTest.testToIntFailing... 
RUNNING: com.fasterxml.jackson.core.read.NumberCoercionTest.testToIntCoercion... 
RUNNING: com.fasterxml.jackson.core.read.NumberCoercionTest.testToLongCoercion... 
RUNNING: com.fasterxml.jackson.core.read.NumberCoercionTest.testToLongFailing... 
RUNNING: com.fasterxml.jackson.core.read.NumberCoercionTest.testToBigIntegerCoercion... 
RUNNING: com.fasterxml.jackson.core.read.NumberCoercionTest.testToDoubleCoercion... 
RUNNING: com.fasterxml.jackson.core.read.NumberCoercionTest.testToBigDecimalCoercion... 
RUNNING: com.fasterxml.jackson.core.util.RequestPayloadTest.testFailsToCreateTakingCharSequenceThrowsIllegalArgumentExceptionOne... 
RUNNING: com.fasterxml.jackson.core.util.RequestPayloadTest.testFailsToCreateTakingCharSequenceThrowsIllegalArgumentExceptionTwo... 
RUNNING: com.fasterxml.jackson.core.util.RequestPayloadTest.testCreateTakingCharSequenceAndCallsGetRawPayload... 
RUNNING: com.fasterxml.jackson.core.util.RequestPayloadTest.testCreateTaking2ArgumentsAndCallsGetRawPayload... 
RUNNING: com.fasterxml.jackson.core.json.LocationOffsetsTest.testSimpleInitialOffsets... 
RUNNING: com.fasterxml.jackson.core.json.LocationOffsetsTest.testOffsetWithInputOffset... 
RUNNING: com.fasterxml.jackson.core.main.TestParserClosing.testNoAutoCloseReader... 
RUNNING: com.fasterxml.jackson.core.main.TestParserClosing.testAutoCloseReader... 
RUNNING: com.fasterxml.jackson.core.main.TestParserClosing.testNoAutoCloseInputStream... 
RUNNING: com.fasterxml.jackson.core.main.TestParserClosing.testReleaseContentBytes... 
RUNNING: com.fasterxml.jackson.core.main.TestParserClosing.testReleaseContentChars... 
RUNNING: com.fasterxml.jackson.core.format.TestJsonFormatDetection.testSimpleInvalid... 

com.fasterxml.jackson.core.JsonParseException: Numeric value (2147483648) out of range of int
 at [Source: (ByteArrayInputStream); line: 1, column: 21]
	at com.fasterxml.jackson.core.JsonParser._constructError(JsonParser.java:1833)
	at com.fasterxml.jackson.core.base.ParserMinimalBase._reportError(ParserMinimalBase.java:704)
	at com.fasterxml.jackson.core.base.ParserBase.convertNumberToInt(ParserBase.java:887)
	at com.fasterxml.jackson.core.base.ParserBase.getIntValue(ParserBase.java:649)
	at com.fasterxml.jackson.core.read.NumberCoercionTest.testToIntFailing(NumberCoercionTest.java:68)
	at sun.reflect.NativeMethodAccessorImpl.invoke0(Native Method)
	at sun.reflect.NativeMethodAccessorImpl.invoke(NativeMethodAccessorImpl.java:62)
	at sun.reflect.DelegatingMethodAccessorImpl.invoke(DelegatingMethodAccessorImpl.java:43)
	at java.lang.reflect.Method.invoke(Method.java:498)
	at junit.framework.TestCase.runTest(TestCase.java:176)
	at junit.framework.TestCase.runBare(TestCase.java:141)
	at junit.framework.TestResult$1.protect(TestResult.java:122)
	at junit.framework.TestResult.runProtected(TestResult.java:142)
	at junit.framework.TestResult.run(TestResult.java:125)
	at junit.framework.TestCase.run(TestCase.java:129)
	at junit.framework.TestSuite.runTest(TestSuite.java:252)
	at junit.framework.TestSuite.run(TestSuite.java:247)
	at org.junit.internal.runners.JUnit38ClassRunner.run(JUnit38ClassRunner.java:86)
	at org.pitest.junit.adapter.CustomRunnerExecutor.run(CustomRunnerExecutor.java:42)
	at org.pitest.junit.adapter.AdaptedJUnitTestUnit.execute(AdaptedJUnitTestUnit.java:69)
	at org.uniapr.profiler.ProfilerDriver$1.execute(ProfilerDriver.java:75)
	at org.uniapr.junit.runner.JUnitRunner.run(JUnitRunner.java:106)
	at org.uniapr.junit.runner.JUnitRunner.run(JUnitRunner.java:92)
	at org.uniapr.profiler.ProfilerDriver.main(ProfilerDriver.java:46)


com.fasterxml.jackson.core.JsonParseException: Numeric value (9223372036854775817) out of range of long (-9223372036854775808 - 9223372036854775807)
 at [Source: (ByteArrayInputStream); line: 1, column: 39]
	at com.fasterxml.jackson.core.JsonParser._constructError(JsonParser.java:1833)
	at com.fasterxml.jackson.core.base.ParserMinimalBase._reportError(ParserMinimalBase.java:704)
	at com.fasterxml.jackson.core.base.ParserMinimalBase.reportOverflowLong(ParserMinimalBase.java:582)
	at com.fasterxml.jackson.core.base.ParserMinimalBase.reportOverflowLong(ParserMinimalBase.java:577)
	at com.fasterxml.jackson.core.base.ParserBase.convertNumberToLong(ParserBase.java:921)
	at com.fasterxml.jackson.core.base.ParserBase.getLongValue(ParserBase.java:663)
	at com.fasterxml.jackson.core.read.NumberCoercionTest.testToLongFailing(NumberCoercionTest.java:189)
	at sun.reflect.NativeMethodAccessorImpl.invoke0(Native Method)
	at sun.reflect.NativeMethodAccessorImpl.invoke(NativeMethodAccessorImpl.java:62)
	at sun.reflect.DelegatingMethodAccessorImpl.invoke(DelegatingMethodAccessorImpl.java:43)
	at java.lang.reflect.Method.invoke(Method.java:498)
	at junit.framework.TestCase.runTest(TestCase.java:176)
	at junit.framework.TestCase.runBare(TestCase.java:141)
	at junit.framework.TestResult$1.protect(TestResult.java:122)
	at junit.framework.TestResult.runProtected(TestResult.java:142)
	at junit.framework.TestResult.run(TestResult.java:125)
	at junit.framework.TestCase.run(TestCase.java:129)
	at junit.framework.TestSuite.runTest(TestSuite.java:252)
	at junit.framework.TestSuite.run(TestSuite.java:247)
	at org.junit.internal.runners.JUnit38ClassRunner.run(JUnit38ClassRunner.java:86)
	at org.pitest.junit.adapter.CustomRunnerExecutor.run(CustomRunnerExecutor.java:42)
	at org.pitest.junit.adapter.AdaptedJUnitTestUnit.execute(AdaptedJUnitTestUnit.java:69)
	at org.uniapr.profiler.ProfilerDriver$1.execute(ProfilerDriver.java:75)
	at org.uniapr.junit.runner.JUnitRunner.run(JUnitRunner.java:106)
	at org.uniapr.junit.runner.JUnitRunner.run(JUnitRunner.java:92)
	at org.uniapr.profiler.ProfilerDriver.main(ProfilerDriver.java:46)

RUNNING: com.fasterxml.jackson.core.format.TestJsonFormatDetection.testSimpleValidArray... 
RUNNING: com.fasterxml.jackson.core.format.TestJsonFormatDetection.testSimpleValidObject... 
RUNNING: com.fasterxml.jackson.core.format.TestJsonFormatDetection.testSimpleValidString... 
RUNNING: com.fasterxml.jackson.core.sym.TestSymbolTables.testSyntheticWithChars... 
RUNNING: com.fasterxml.jackson.core.sym.TestSymbolTables.testSyntheticWithBytesNew... 
RUNNING: com.fasterxml.jackson.core.sym.TestSymbolTables.testThousandsOfSymbolsWithChars... 
RUNNING: com.fasterxml.jackson.core.sym.TestSymbolTables.testThousandsOfSymbolsWithNew... 
RUNNING: com.fasterxml.jackson.core.sym.TestSymbolTables.testByteBasedSymbolTable... 
RUNNING: com.fasterxml.jackson.core.sym.TestSymbolTables.testCollisionsWithChars187... 
RUNNING: com.fasterxml.jackson.core.sym.TestSymbolTables.testCollisionsWithBytesNew187a... 
RUNNING: com.fasterxml.jackson.core.sym.TestSymbolTables.testCollisionsWithBytesNew187b... 
RUNNING: com.fasterxml.jackson.core.sym.TestSymbolTables.testShortNameCollisionsViaParser... 
RUNNING: com.fasterxml.jackson.core.sym.TestSymbolTables.testShortQuotedDirectChars... 
RUNNING: com.fasterxml.jackson.core.sym.TestSymbolTables.testShortQuotedDirectBytes... 
RUNNING: com.fasterxml.jackson.core.sym.TestSymbolTables.testShortNameCollisionsDirect... 
RUNNING: com.fasterxml.jackson.core.sym.TestSymbolTables.testShortNameCollisionsDirectNew... 
RUNNING: com.fasterxml.jackson.core.sym.TestSymbolTables.testLongSymbols17Bytes... 
RUNNING: com.fasterxml.jackson.core.util.TestSerializedString.testAppending... 
RUNNING: com.fasterxml.jackson.core.util.TestSerializedString.testFailedAccess... 
RUNNING: com.fasterxml.jackson.core.json.async.AsyncNumberCoercionTest.testToIntFailing... 

com.fasterxml.jackson.core.JsonParseException: Numeric value (2147483648) out of range of int
 at [Source: UNKNOWN; line: 1, column: 11]
	at com.fasterxml.jackson.core.JsonParser._constructError(JsonParser.java:1833)
	at com.fasterxml.jackson.core.base.ParserMinimalBase._reportError(ParserMinimalBase.java:704)
	at com.fasterxml.jackson.core.base.ParserBase.convertNumberToInt(ParserBase.java:887)
	at com.fasterxml.jackson.core.base.ParserBase.getIntValue(ParserBase.java:649)
	at com.fasterxml.jackson.core.testsupport.AsyncReaderWrapper.getIntValue(AsyncReaderWrapper.java:56)
	at com.fasterxml.jackson.core.json.async.AsyncNumberCoercionTest.testToIntFailing(AsyncNumberCoercionTest.java:73)
	at sun.reflect.NativeMethodAccessorImpl.invoke0(Native Method)
	at sun.reflect.NativeMethodAccessorImpl.invoke(NativeMethodAccessorImpl.java:62)
	at sun.reflect.DelegatingMethodAccessorImpl.invoke(DelegatingMethodAccessorImpl.java:43)
	at java.lang.reflect.Method.invoke(Method.java:498)
	at junit.framework.TestCase.runTest(TestCase.java:176)
	at junit.framework.TestCase.runBare(TestCase.java:141)
	at junit.framework.TestResult$1.protect(TestResult.java:122)
	at junit.framework.TestResult.runProtected(TestResult.java:142)
	at junit.framework.TestResult.run(TestResult.java:125)
	at junit.framework.TestCase.run(TestCase.java:129)
	at junit.framework.TestSuite.runTest(TestSuite.java:252)
	at junit.framework.TestSuite.run(TestSuite.java:247)
	at org.junit.internal.runners.JUnit38ClassRunner.run(JUnit38ClassRunner.java:86)
	at org.pitest.junit.adapter.CustomRunnerExecutor.run(CustomRunnerExecutor.java:42)
	at org.pitest.junit.adapter.AdaptedJUnitTestUnit.execute(AdaptedJUnitTestUnit.java:69)
	at org.uniapr.profiler.ProfilerDriver$1.execute(ProfilerDriver.java:75)
	at org.uniapr.junit.runner.JUnitRunner.run(JUnitRunner.java:106)
	at org.uniapr.junit.runner.JUnitRunner.run(JUnitRunner.java:92)
	at org.uniapr.profiler.ProfilerDriver.main(ProfilerDriver.java:46)

RUNNING: com.fasterxml.jackson.core.json.async.AsyncNumberCoercionTest.testToIntCoercion... 
RUNNING: com.fasterxml.jackson.core.json.async.AsyncNumberCoercionTest.testToLongCoercion... 
RUNNING: com.fasterxml.jackson.core.json.async.AsyncNumberCoercionTest.testToLongFailing... 

com.fasterxml.jackson.core.JsonParseException: Numeric value (9223372036854775817) out of range of long (-9223372036854775808 - 9223372036854775807)
 at [Source: UNKNOWN; line: 1, column: 20]
	at com.fasterxml.jackson.core.JsonParser._constructError(JsonParser.java:1833)
	at com.fasterxml.jackson.core.base.ParserMinimalBase._reportError(ParserMinimalBase.java:704)
	at com.fasterxml.jackson.core.base.ParserMinimalBase.reportOverflowLong(ParserMinimalBase.java:582)
	at com.fasterxml.jackson.core.base.ParserMinimalBase.reportOverflowLong(ParserMinimalBase.java:577)
	at com.fasterxml.jackson.core.base.ParserBase.convertNumberToLong(ParserBase.java:921)
	at com.fasterxml.jackson.core.base.ParserBase.getLongValue(ParserBase.java:663)
	at com.fasterxml.jackson.core.testsupport.AsyncReaderWrapper.getLongValue(AsyncReaderWrapper.java:57)
	at com.fasterxml.jackson.core.json.async.AsyncNumberCoercionTest.testToLongFailing(AsyncNumberCoercionTest.java:189)
	at sun.reflect.NativeMethodAccessorImpl.invoke0(Native Method)
	at sun.reflect.NativeMethodAccessorImpl.invoke(NativeMethodAccessorImpl.java:62)
	at sun.reflect.DelegatingMethodAccessorImpl.invoke(DelegatingMethodAccessorImpl.java:43)
	at java.lang.reflect.Method.invoke(Method.java:498)
	at junit.framework.TestCase.runTest(TestCase.java:176)
	at junit.framework.TestCase.runBare(TestCase.java:141)
	at junit.framework.TestResult$1.protect(TestResult.java:122)
	at junit.framework.TestResult.runProtected(TestResult.java:142)
	at junit.framework.TestResult.run(TestResult.java:125)
	at junit.framework.TestCase.run(TestCase.java:129)
	at junit.framework.TestSuite.runTest(TestSuite.java:252)
	at junit.framework.TestSuite.run(TestSuite.java:247)
	at org.junit.internal.runners.JUnit38ClassRunner.run(JUnit38ClassRunner.java:86)
	at org.pitest.junit.adapter.CustomRunnerExecutor.run(CustomRunnerExecutor.java:42)
	at org.pitest.junit.adapter.AdaptedJUnitTestUnit.execute(AdaptedJUnitTestUnit.java:69)
	at org.uniapr.profiler.ProfilerDriver$1.execute(ProfilerDriver.java:75)
	at org.uniapr.junit.runner.JUnitRunner.run(JUnitRunner.java:106)
	at org.uniapr.junit.runner.JUnitRunner.run(JUnitRunner.java:92)
	at org.uniapr.profiler.ProfilerDriver.main(ProfilerDriver.java:46)

RUNNING: com.fasterxml.jackson.core.json.async.AsyncNumberCoercionTest.testToBigIntegerCoercion... 
RUNNING: com.fasterxml.jackson.core.json.async.AsyncNumberCoercionTest.testToDoubleCoercion... 
RUNNING: com.fasterxml.jackson.core.json.async.AsyncNumberCoercionTest.testToBigDecimalCoercion... 
RUNNING: com.fasterxml.jackson.core.read.ValueConversionsTest.testAsLong... 
RUNNING: com.fasterxml.jackson.core.read.ValueConversionsTest.testAsInt... 
RUNNING: com.fasterxml.jackson.core.read.ValueConversionsTest.testAsBoolean... 
RUNNING: com.fasterxml.jackson.core.read.ValueConversionsTest.testAsDouble... 
RUNNING: com.fasterxml.jackson.core.json.RawValueWithSurrogatesTest.testRawWithSurrogatesString... 
RUNNING: com.fasterxml.jackson.core.json.RawValueWithSurrogatesTest.testRawWithSurrogatesCharArray... 
RUNNING: com.fasterxml.jackson.core.type.TypeReferenceTest.testSimple... 
RUNNING: com.fasterxml.jackson.core.type.TypeReferenceTest.testInvalid... 
RUNNING: com.fasterxml.jackson.core.type.TypeReferenceTest.testResolvedType... 
RUNNING: com.fasterxml.jackson.core.main.TestArrayParsing.testValidEmpty... 
RUNNING: com.fasterxml.jackson.core.main.TestArrayParsing.testInvalidEmptyMissingClose... 
RUNNING: com.fasterxml.jackson.core.main.TestArrayParsing.testInvalidMissingFieldName... 
RUNNING: com.fasterxml.jackson.core.main.TestArrayParsing.testInvalidExtraComma... 
RUNNING: com.fasterxml.jackson.core.main.TestArrayParsing.testMissingValueAsNullByEnablingFeature... 
RUNNING: com.fasterxml.jackson.core.main.TestArrayParsing.testMissingValueAsNullByNotEnablingFeature... 
RUNNING: com.fasterxml.jackson.core.main.TestArrayParsing.testNotMissingValueByEnablingFeature... 
RUNNING: com.fasterxml.jackson.core.json.TestCustomEscaping.testJsonpEscapes... 
RUNNING: com.fasterxml.jackson.core.json.TestCustomEscaping.testAboveAsciiEscapeWithReader... 
RUNNING: com.fasterxml.jackson.core.json.TestCustomEscaping.testAboveAsciiEscapeWithUTF8Stream... 
RUNNING: com.fasterxml.jackson.core.json.TestCustomEscaping.testEscapeCustomWithReader... 
RUNNING: com.fasterxml.jackson.core.json.TestCustomEscaping.testEscapeCustomWithUTF8Stream... 
RUNNING: com.fasterxml.jackson.core.json.async.AsyncParserNamesTest.testEvenLongerName... 
RUNNING: com.fasterxml.jackson.core.json.async.AsyncParserNamesTest.testLongNames... 
RUNNING: com.fasterxml.jackson.core.json.async.AsyncParserNamesTest.testSymbolTable... 
RUNNING: com.fasterxml.jackson.core.main.TestNumberParsing.testFloatBoundary146Bytes... 
RUNNING: com.fasterxml.jackson.core.main.TestNumberParsing.testIntParsing... 
RUNNING: com.fasterxml.jackson.core.main.TestNumberParsing.testLongParsing... 
RUNNING: com.fasterxml.jackson.core.main.TestNumberParsing.testIntParsingWithStrings... 
RUNNING: com.fasterxml.jackson.core.main.TestNumberParsing.testLongBoundsChecks... 
RUNNING: com.fasterxml.jackson.core.main.TestNumberParsing.testFloatBoundary146Chars... 
RUNNING: com.fasterxml.jackson.core.json.LocationInArrayTest.testOffsetInArraysBytes... 
RUNNING: com.fasterxml.jackson.core.json.LocationInArrayTest.testOffsetInArraysChars... 
RUNNING: com.fasterxml.jackson.core.util.TestDefaultPrettyPrinter.testWithIndent... 
RUNNING: com.fasterxml.jackson.core.util.TestDefaultPrettyPrinter.testUnixLinefeed... 
RUNNING: com.fasterxml.jackson.core.util.TestDefaultPrettyPrinter.testWithLineFeed... 
RUNNING: com.fasterxml.jackson.core.util.TestDefaultPrettyPrinter.testSystemLinefeed... 
RUNNING: com.fasterxml.jackson.core.util.TestDefaultPrettyPrinter.testWindowsLinefeed... 
RUNNING: com.fasterxml.jackson.core.util.TestDefaultPrettyPrinter.testTabIndent... 
RUNNING: com.fasterxml.jackson.core.util.TestDefaultPrettyPrinter.testRootSeparator... 
RUNNING: com.fasterxml.jackson.core.util.TestDefaultPrettyPrinter.testInvalidSubClass... 
RUNNING: com.fasterxml.jackson.core.TestJDKSerializability.testJsonFactorySerializable... 
RUNNING: com.fasterxml.jackson.core.TestJDKSerializability.testBase64Variant... 
RUNNING: com.fasterxml.jackson.core.TestJDKSerializability.testPrettyPrinter... 
RUNNING: com.fasterxml.jackson.core.TestJDKSerializability.testParseException... 
RUNNING: com.fasterxml.jackson.core.TestJDKSerializability.testGenerationException... 
RUNNING: com.fasterxml.jackson.core.TestJDKSerializability.testLocation... 
RUNNING: com.fasterxml.jackson.core.util.TestVersionUtil.testVersionPartParsing... 
RUNNING: com.fasterxml.jackson.core.util.TestVersionUtil.testVersionParsing... 
RUNNING: com.fasterxml.jackson.core.util.TestVersionUtil.testMavenVersionParsing... 
RUNNING: com.fasterxml.jackson.core.util.TestVersionUtil.testPackageVersionMatches... 
RUNNING: com.fasterxml.jackson.core.util.TestVersionUtil.testVersionForUnknownVersion... 
RUNNING: com.fasterxml.jackson.core.filter.JsonPointerGeneratorFilteringTest.testSimplePropertyWithPath... 
RUNNING: com.fasterxml.jackson.core.filter.JsonPointerGeneratorFilteringTest.testSimplePropertyWithoutPath... 
RUNNING: com.fasterxml.jackson.core.filter.JsonPointerGeneratorFilteringTest.testArrayElementWithPath... 
RUNNING: com.fasterxml.jackson.core.filter.JsonPointerGeneratorFilteringTest.testArrayNestedWithPath... 
RUNNING: com.fasterxml.jackson.core.filter.JsonPointerGeneratorFilteringTest.testArrayNestedWithoutPath... 
RUNNING: com.fasterxml.jackson.core.filter.JsonPointerGeneratorFilteringTest.testArrayElementWithoutPath... 
RUNNING: com.fasterxml.jackson.core.json.StringGenerationFromReaderTest.testBasicEscaping... 
RUNNING: com.fasterxml.jackson.core.json.StringGenerationFromReaderTest.testMediumStringsBytes... 
RUNNING: com.fasterxml.jackson.core.json.StringGenerationFromReaderTest.testMediumStringsChars... 
RUNNING: com.fasterxml.jackson.core.json.StringGenerationFromReaderTest.testLongerRandomSingleChunk... 
RUNNING: com.fasterxml.jackson.core.json.StringGenerationFromReaderTest.testLongerRandomMultiChunk... 
RUNNING: com.fasterxml.jackson.core.json.TestCharEscaping.testMissingEscaping... 
RUNNING: com.fasterxml.jackson.core.json.TestCharEscaping.testSimpleEscaping... 
RUNNING: com.fasterxml.jackson.core.json.TestCharEscaping.testInvalid... 
RUNNING: com.fasterxml.jackson.core.json.TestCharEscaping.test8DigitSequence... 
RUNNING: com.fasterxml.jackson.core.json.TestCharEscaping.testWriteLongCustomEscapes... 
RUNNING: com.fasterxml.jackson.core.json.TestCharEscaping.testEscapesForCharArrays... 
RUNNING: com.fasterxml.jackson.core.json.TestCharEscaping.testEscapeNonLatin1Chars... 
RUNNING: com.fasterxml.jackson.core.json.TestCharEscaping.testEscapeNonLatin1Bytes... 
RUNNING: com.fasterxml.jackson.core.json.TestRootValues.testSimpleWrites... 
RUNNING: com.fasterxml.jackson.core.json.TestRootValues.testBrokenNumber... 
RUNNING: com.fasterxml.jackson.core.json.TestRootValues.testSimpleNumbers... 
RUNNING: com.fasterxml.jackson.core.json.TestRootValues.testSimpleBooleans... 
RUNNING: com.fasterxml.jackson.core.json.async.AsyncScopeMatchingTest.testMismatchArrayToObject... 
RUNNING: com.fasterxml.jackson.core.json.async.AsyncScopeMatchingTest.testMismatchObjectToArray... 
RUNNING: com.fasterxml.jackson.core.read.NumberParsingTest.testLongNumbers... 
RUNNING: com.fasterxml.jackson.core.read.NumberParsingTest.testNumbers... 
RUNNING: com.fasterxml.jackson.core.read.NumberParsingTest.testIntRange... 
RUNNING: com.fasterxml.jackson.core.read.NumberParsingTest.testParsingOfLongerSequencesWithNonNumeric... 
RUNNING: com.fasterxml.jackson.core.read.NumberParsingTest.testSimpleInt... 
RUNNING: com.fasterxml.jackson.core.read.NumberParsingTest.testSimpleLong... 

com.fasterxml.jackson.core.JsonParseException: Numeric value (12345678907) out of range of int
 at [Source: (ByteArrayInputStream); line: 1, column: 14]
	at com.fasterxml.jackson.core.JsonParser._constructError(JsonParser.java:1833)
	at com.fasterxml.jackson.core.base.ParserMinimalBase._reportError(ParserMinimalBase.java:704)
	at com.fasterxml.jackson.core.base.ParserBase.convertNumberToInt(ParserBase.java:887)
	at com.fasterxml.jackson.core.base.ParserBase.getIntValue(ParserBase.java:649)
	at com.fasterxml.jackson.core.read.NumberParsingTest._testSimpleLong(NumberParsingTest.java:128)
	at com.fasterxml.jackson.core.read.NumberParsingTest.testSimpleLong(NumberParsingTest.java:108)
	at sun.reflect.NativeMethodAccessorImpl.invoke0(Native Method)
	at sun.reflect.NativeMethodAccessorImpl.invoke(NativeMethodAccessorImpl.java:62)
	at sun.reflect.DelegatingMethodAccessorImpl.invoke(DelegatingMethodAccessorImpl.java:43)
	at java.lang.reflect.Method.invoke(Method.java:498)
	at junit.framework.TestCase.runTest(TestCase.java:176)
	at junit.framework.TestCase.runBare(TestCase.java:141)
	at junit.framework.TestResult$1.protect(TestResult.java:122)
	at junit.framework.TestResult.runProtected(TestResult.java:142)
	at junit.framework.TestResult.run(TestResult.java:125)
	at junit.framework.TestCase.run(TestCase.java:129)
	at junit.framework.TestSuite.runTest(TestSuite.java:252)
	at junit.framework.TestSuite.run(TestSuite.java:247)
	at org.junit.internal.runners.JUnit38ClassRunner.run(JUnit38ClassRunner.java:86)
	at org.pitest.junit.adapter.CustomRunnerExecutor.run(CustomRunnerExecutor.java:42)
	at org.pitest.junit.adapter.AdaptedJUnitTestUnit.execute(AdaptedJUnitTestUnit.java:69)
	at org.uniapr.profiler.ProfilerDriver$1.execute(ProfilerDriver.java:75)
	at org.uniapr.junit.runner.JUnitRunner.run(JUnitRunner.java:106)
	at org.uniapr.junit.runner.JUnitRunner.run(JUnitRunner.java:92)
	at org.uniapr.profiler.ProfilerDriver.main(ProfilerDriver.java:46)

RUNNING: com.fasterxml.jackson.core.read.NumberParsingTest.testLongRange... 
RUNNING: com.fasterxml.jackson.core.read.NumberParsingTest.testSimpleBoolean... 
RUNNING: com.fasterxml.jackson.core.read.NumberParsingTest.testBigDecimalRange... 
RUNNING: com.fasterxml.jackson.core.read.NumberParsingTest.testBigNumbers... 
RUNNING: com.fasterxml.jackson.core.read.NumberParsingTest.testSimpleDouble... 
RUNNING: com.fasterxml.jackson.core.read.NumberParsingTest.testParsingOfLongerSequences... 
RUNNING: com.fasterxml.jackson.core.read.NumberParsingTest.testLongNumbers2... 
RUNNING: com.fasterxml.jackson.core.read.NumberParsingTest.testInvalidBooleanAccess... 
RUNNING: com.fasterxml.jackson.core.read.NumberParsingTest.testInvalidIntAccess... 
RUNNING: com.fasterxml.jackson.core.read.NumberParsingTest.testInvalidLongAccess... 
RUNNING: com.fasterxml.jackson.core.read.NumberParsingTest.testLongerFloatingPoint... 
RUNNING: com.fasterxml.jackson.core.read.NumberParsingTest.testInvalidNumber... 
RUNNING: com.fasterxml.jackson.core.io.UTF8WriterTest.testSimple... 
RUNNING: com.fasterxml.jackson.core.io.UTF8WriterTest.testSurrogatesOk... 
RUNNING: com.fasterxml.jackson.core.io.UTF8WriterTest.testFlushAfterClose... 
RUNNING: com.fasterxml.jackson.core.io.UTF8WriterTest.testSurrogatesFail... 
RUNNING: com.fasterxml.jackson.core.io.UTF8WriterTest.testSimpleAscii... 
RUNNING: com.fasterxml.jackson.core.json.LocationInObjectTest.testOffsetWithObjectFieldsUsingUTF8... 
RUNNING: com.fasterxml.jackson.core.json.LocationInObjectTest.testOffsetWithObjectFieldsUsingReader... 
RUNNING: com.fasterxml.jackson.core.util.SeparatorsTest.testWithArrayValueSeparatorWithDigit... 
RUNNING: com.fasterxml.jackson.core.util.SeparatorsTest.testWithObjectEntrySeparator... 
RUNNING: com.fasterxml.jackson.core.util.SeparatorsTest.testWithObjectFieldValueSeparatorWithDigit... 
RUNNING: com.fasterxml.jackson.core.io.TestCharTypes.testAppendQuoted0_31... 
RUNNING: com.fasterxml.jackson.core.json.async.AsyncCommentParsingTest.testCommentsDisabled... 
RUNNING: com.fasterxml.jackson.core.json.async.AsyncCommentParsingTest.testCommentsEnabled... 
RUNNING: com.fasterxml.jackson.core.json.async.AsyncCommentParsingTest.testCCommentsWithUTF8... 
RUNNING: com.fasterxml.jackson.core.json.async.AsyncCommentParsingTest.testYAMLCommentsEnabled... 
RUNNING: com.fasterxml.jackson.core.json.async.AsyncCommentParsingTest.testCCommentsEnabled... 
RUNNING: com.fasterxml.jackson.core.json.async.AsyncCommentParsingTest.testCppCommentsEnabled... 
RUNNING: com.fasterxml.jackson.core.json.async.AsyncFieldNamesTest.testSimpleFieldNames... 
RUNNING: com.fasterxml.jackson.core.json.async.AsyncFieldNamesTest.testEscapedFieldNames... 
RUNNING: com.fasterxml.jackson.core.read.NonStandardParserFeaturesTest.testNonStandardNameChars... 
RUNNING: com.fasterxml.jackson.core.read.NonStandardParserFeaturesTest.testAllowNaN... 
RUNNING: com.fasterxml.jackson.core.read.NonStandardParserFeaturesTest.testDefaults... 
RUNNING: com.fasterxml.jackson.core.read.NonStandardParserFeaturesTest.testSimpleUnquotedBytes... 
RUNNING: com.fasterxml.jackson.core.read.NonStandardParserFeaturesTest.testSimpleUnquotedChars... 
RUNNING: com.fasterxml.jackson.core.read.NonStandardParserFeaturesTest.testLargeUnquoted... 
RUNNING: com.fasterxml.jackson.core.read.NonStandardParserFeaturesTest.testSingleQuotesDefault... 
RUNNING: com.fasterxml.jackson.core.read.NonStandardParserFeaturesTest.testSingleQuotesEnabled... 
RUNNING: com.fasterxml.jackson.core.read.NonStandardParserFeaturesTest.testNonStandardAnyCharQuoting... 
RUNNING: com.fasterxml.jackson.core.read.NonStandardParserFeaturesTest.testLeadingZeroesUTF8... 
RUNNING: com.fasterxml.jackson.core.read.NonStandardParserFeaturesTest.testLeadingZeroesReader... 
RUNNING: com.fasterxml.jackson.core.read.NonStandardParserFeaturesTest.testAllowInfinity... 
RUNNING: com.fasterxml.jackson.core.json.async.AsyncScalarArrayTest.testLong... 
RUNNING: com.fasterxml.jackson.core.json.async.AsyncScalarArrayTest.testTokens... 
RUNNING: com.fasterxml.jackson.core.json.async.AsyncScalarArrayTest.testInts... 
RUNNING: com.fasterxml.jackson.core.json.async.AsyncScalarArrayTest.testFloats... 
RUNNING: com.fasterxml.jackson.core.json.async.AsyncScalarArrayTest.testDoubles... 
RUNNING: com.fasterxml.jackson.core.json.async.AsyncScalarArrayTest.testBigIntegers... 
RUNNING: com.fasterxml.jackson.core.json.async.AsyncScalarArrayTest.testBigDecimals... 
RUNNING: com.fasterxml.jackson.core.read.NumberOverflowTest.testSimpleLongOverflow... 

com.fasterxml.jackson.core.JsonParseException: Numeric value (-9223372036854775809) out of range of long
 at [Source: (ByteArrayInputStream); line: 1, column: 22]
	at com.fasterxml.jackson.core.JsonParser._constructError(JsonParser.java:1833)
	at com.fasterxml.jackson.core.base.ParserMinimalBase._reportError(ParserMinimalBase.java:714)
	at com.fasterxml.jackson.core.base.ParserBase._reportTooLongIntegral(ParserBase.java:870)
	at com.fasterxml.jackson.core.base.ParserBase._parseSlowInt(ParserBase.java:849)
	at com.fasterxml.jackson.core.base.ParserBase._parseNumericValue(ParserBase.java:775)
	at com.fasterxml.jackson.core.base.ParserBase.getLongValue(ParserBase.java:660)
	at com.fasterxml.jackson.core.read.NumberOverflowTest.testSimpleLongOverflow(NumberOverflowTest.java:41)
	at sun.reflect.NativeMethodAccessorImpl.invoke0(Native Method)
	at sun.reflect.NativeMethodAccessorImpl.invoke(NativeMethodAccessorImpl.java:62)
	at sun.reflect.DelegatingMethodAccessorImpl.invoke(DelegatingMethodAccessorImpl.java:43)
	at java.lang.reflect.Method.invoke(Method.java:498)
	at junit.framework.TestCase.runTest(TestCase.java:176)
	at junit.framework.TestCase.runBare(TestCase.java:141)
	at junit.framework.TestResult$1.protect(TestResult.java:122)
	at junit.framework.TestResult.runProtected(TestResult.java:142)
	at junit.framework.TestResult.run(TestResult.java:125)
	at junit.framework.TestCase.run(TestCase.java:129)
	at junit.framework.TestSuite.runTest(TestSuite.java:252)
	at junit.framework.TestSuite.run(TestSuite.java:247)
	at org.junit.internal.runners.JUnit38ClassRunner.run(JUnit38ClassRunner.java:86)
	at org.pitest.junit.adapter.CustomRunnerExecutor.run(CustomRunnerExecutor.java:42)
	at org.pitest.junit.adapter.AdaptedJUnitTestUnit.execute(AdaptedJUnitTestUnit.java:69)
	at org.uniapr.profiler.ProfilerDriver$1.execute(ProfilerDriver.java:75)
	at org.uniapr.junit.runner.JUnitRunner.run(JUnitRunner.java:106)
	at org.uniapr.junit.runner.JUnitRunner.run(JUnitRunner.java:92)
	at org.uniapr.profiler.ProfilerDriver.main(ProfilerDriver.java:46)

RUNNING: com.fasterxml.jackson.core.read.NumberOverflowTest.testMaliciousLongOverflow... 

com.fasterxml.jackson.core.JsonParseException: Numeric value ([Integer with 199999 digits]) out of range of long
 at [Source: (ByteArrayInputStream); line: 1, column: 200001]
	at com.fasterxml.jackson.core.JsonParser._constructError(JsonParser.java:1833)
	at com.fasterxml.jackson.core.base.ParserMinimalBase._reportError(ParserMinimalBase.java:714)
	at com.fasterxml.jackson.core.base.ParserBase._reportTooLongIntegral(ParserBase.java:870)
	at com.fasterxml.jackson.core.base.ParserBase._parseSlowInt(ParserBase.java:849)
	at com.fasterxml.jackson.core.base.ParserBase._parseNumericValue(ParserBase.java:775)
	at com.fasterxml.jackson.core.base.ParserBase.getLongValue(ParserBase.java:660)
	at com.fasterxml.jackson.core.read.NumberOverflowTest.testMaliciousLongOverflow(NumberOverflowTest.java:72)
	at sun.reflect.NativeMethodAccessorImpl.invoke0(Native Method)
	at sun.reflect.NativeMethodAccessorImpl.invoke(NativeMethodAccessorImpl.java:62)
	at sun.reflect.DelegatingMethodAccessorImpl.invoke(DelegatingMethodAccessorImpl.java:43)
	at java.lang.reflect.Method.invoke(Method.java:498)
	at junit.framework.TestCase.runTest(TestCase.java:176)
	at junit.framework.TestCase.runBare(TestCase.java:141)
	at junit.framework.TestResult$1.protect(TestResult.java:122)
	at junit.framework.TestResult.runProtected(TestResult.java:142)
	at junit.framework.TestResult.run(TestResult.java:125)
	at junit.framework.TestCase.run(TestCase.java:129)
	at junit.framework.TestSuite.runTest(TestSuite.java:252)
	at junit.framework.TestSuite.run(TestSuite.java:247)
	at org.junit.internal.runners.JUnit38ClassRunner.run(JUnit38ClassRunner.java:86)
	at org.pitest.junit.adapter.CustomRunnerExecutor.run(CustomRunnerExecutor.java:42)
	at org.pitest.junit.adapter.AdaptedJUnitTestUnit.execute(AdaptedJUnitTestUnit.java:69)
	at org.uniapr.profiler.ProfilerDriver$1.execute(ProfilerDriver.java:75)
	at org.uniapr.junit.runner.JUnitRunner.run(JUnitRunner.java:106)
	at org.uniapr.junit.runner.JUnitRunner.run(JUnitRunner.java:92)
	at org.uniapr.profiler.ProfilerDriver.main(ProfilerDriver.java:46)

RUNNING: com.fasterxml.jackson.core.read.NumberOverflowTest.testMaliciousIntOverflow... 

com.fasterxml.jackson.core.JsonParseException: Numeric value ([Integer with 199999 digits]) out of range of int
 at [Source: (ByteArrayInputStream); line: 1, column: 200001]
	at com.fasterxml.jackson.core.JsonParser._constructError(JsonParser.java:1833)
	at com.fasterxml.jackson.core.base.ParserMinimalBase._reportError(ParserMinimalBase.java:714)
	at com.fasterxml.jackson.core.base.ParserBase._reportTooLongIntegral(ParserBase.java:870)
	at com.fasterxml.jackson.core.base.ParserBase._parseSlowInt(ParserBase.java:849)
	at com.fasterxml.jackson.core.base.ParserBase._parseNumericValue(ParserBase.java:775)
	at com.fasterxml.jackson.core.base.ParserBase._parseIntValue(ParserBase.java:800)
	at com.fasterxml.jackson.core.base.ParserBase.getIntValue(ParserBase.java:646)
	at com.fasterxml.jackson.core.read.NumberOverflowTest.testMaliciousIntOverflow(NumberOverflowTest.java:92)
	at sun.reflect.NativeMethodAccessorImpl.invoke0(Native Method)
	at sun.reflect.NativeMethodAccessorImpl.invoke(NativeMethodAccessorImpl.java:62)
	at sun.reflect.DelegatingMethodAccessorImpl.invoke(DelegatingMethodAccessorImpl.java:43)
	at java.lang.reflect.Method.invoke(Method.java:498)
	at junit.framework.TestCase.runTest(TestCase.java:176)
	at junit.framework.TestCase.runBare(TestCase.java:141)
	at junit.framework.TestResult$1.protect(TestResult.java:122)
	at junit.framework.TestResult.runProtected(TestResult.java:142)
	at junit.framework.TestResult.run(TestResult.java:125)
	at junit.framework.TestCase.run(TestCase.java:129)
	at junit.framework.TestSuite.runTest(TestSuite.java:252)
	at junit.framework.TestSuite.run(TestSuite.java:247)
	at org.junit.internal.runners.JUnit38ClassRunner.run(JUnit38ClassRunner.java:86)
	at org.pitest.junit.adapter.CustomRunnerExecutor.run(CustomRunnerExecutor.java:42)
	at org.pitest.junit.adapter.AdaptedJUnitTestUnit.execute(AdaptedJUnitTestUnit.java:69)
	at org.uniapr.profiler.ProfilerDriver$1.execute(ProfilerDriver.java:75)
	at org.uniapr.junit.runner.JUnitRunner.run(JUnitRunner.java:106)
	at org.uniapr.junit.runner.JUnitRunner.run(JUnitRunner.java:92)
	at org.uniapr.profiler.ProfilerDriver.main(ProfilerDriver.java:46)

RUNNING: com.fasterxml.jackson.core.read.NumberOverflowTest.testMaliciousBigIntToDouble... 
RUNNING: com.fasterxml.jackson.core.read.NumberOverflowTest.testMaliciousBigIntToFloat... 
RUNNING: com.fasterxml.jackson.core.filter.BasicGeneratorFilteringTest.testNonFiltering... 
RUNNING: com.fasterxml.jackson.core.filter.BasicGeneratorFilteringTest.testSingleMatchFilteringWithoutPath... 
RUNNING: com.fasterxml.jackson.core.filter.BasicGeneratorFilteringTest.testSingleMatchFilteringWithPathSkippedArray... 
RUNNING: com.fasterxml.jackson.core.filter.BasicGeneratorFilteringTest.testSingleMatchFilteringWithPath... 
RUNNING: com.fasterxml.jackson.core.filter.BasicGeneratorFilteringTest.testSingleMatchFilteringWithPathAlternate1... 
RUNNING: com.fasterxml.jackson.core.filter.BasicGeneratorFilteringTest.testSingleMatchFilteringWithPathRawBinary... 
RUNNING: com.fasterxml.jackson.core.filter.BasicGeneratorFilteringTest.testMultipleMatchFilteringWithPath1... 
RUNNING: com.fasterxml.jackson.core.filter.BasicGeneratorFilteringTest.testMultipleMatchFilteringWithPath2... 
RUNNING: com.fasterxml.jackson.core.filter.BasicGeneratorFilteringTest.testMultipleMatchFilteringWithPath3... 
RUNNING: com.fasterxml.jackson.core.filter.BasicGeneratorFilteringTest.testIndexMatchWithPath1... 
RUNNING: com.fasterxml.jackson.core.filter.BasicGeneratorFilteringTest.testIndexMatchWithPath2... 
RUNNING: com.fasterxml.jackson.core.filter.BasicGeneratorFilteringTest.testWriteStartObjectWithObject... 
RUNNING: com.fasterxml.jackson.core.json.async.AsyncStringObjectTest.testBasicFieldsNames... 
RUNNING: com.fasterxml.jackson.core.JsonpCharacterEscapesTest.testGetEscapeSequenceOne... 
RUNNING: com.fasterxml.jackson.core.JsonpCharacterEscapesTest.testGetEscapeSequenceTwo... 
RUNNING: com.fasterxml.jackson.core.json.TestUnicode.testSurrogates... 
RUNNING: com.fasterxml.jackson.core.json.TestParserOverrides.testCurrentName... 
RUNNING: com.fasterxml.jackson.core.json.TestParserOverrides.testTokenAccess... 
RUNNING: com.fasterxml.jackson.core.TestExceptions.testOriginalMesssage... 
RUNNING: com.fasterxml.jackson.core.TestExceptions.testAccessToParser... 
RUNNING: com.fasterxml.jackson.core.TestExceptions.testAccessToGenerator... 
RUNNING: com.fasterxml.jackson.core.TestExceptions.testEofExceptionsBytes... 
RUNNING: com.fasterxml.jackson.core.TestExceptions.testEofExceptionsChars... 
RUNNING: com.fasterxml.jackson.core.json.RequestPayloadOnExceptionTest.testRequestPayloadAsBytesOnParseException... 
RUNNING: com.fasterxml.jackson.core.json.RequestPayloadOnExceptionTest.testRequestPayloadAsStringOnParseException... 
RUNNING: com.fasterxml.jackson.core.json.RequestPayloadOnExceptionTest.testRawRequestPayloadOnParseException... 
RUNNING: com.fasterxml.jackson.core.json.RequestPayloadOnExceptionTest.testNoRequestPayloadOnParseException... 
RUNNING: com.fasterxml.jackson.core.json.RequestPayloadOnExceptionTest.testNullRequestPayloadOnParseException... 
RUNNING: com.fasterxml.jackson.core.json.RequestPayloadOnExceptionTest.testNullCharsetOnParseException... 
RUNNING: com.fasterxml.jackson.core.main.TestGeneratorClosing.testNoAutoCloseGenerator... 
RUNNING: com.fasterxml.jackson.core.main.TestGeneratorClosing.testCloseGenerator... 
RUNNING: com.fasterxml.jackson.core.main.TestGeneratorClosing.testNoAutoCloseOutputStream... 
RUNNING: com.fasterxml.jackson.core.main.TestGeneratorClosing.testAutoCloseArraysAndObjects... 
RUNNING: com.fasterxml.jackson.core.main.TestGeneratorClosing.testNoAutoCloseArraysAndObjects... 
RUNNING: com.fasterxml.jackson.core.main.TestGeneratorClosing.testAutoFlushOrNot... 
RUNNING: com.fasterxml.jackson.core.filter.JsonPointerParserFilteringTest.testSimplestWithPath... 
RUNNING: com.fasterxml.jackson.core.filter.JsonPointerParserFilteringTest.testSimpleNoPath... 
RUNNING: com.fasterxml.jackson.core.filter.JsonPointerParserFilteringTest.testSimplestNoPath... 
RUNNING: com.fasterxml.jackson.core.filter.JsonPointerParserFilteringTest.testSimpleWithPath... 
RUNNING: com.fasterxml.jackson.core.io.TestMergedStream.testSimple... 
RUNNING: com.fasterxml.jackson.core.util.VersionUtilTest.testParseVersionPartReturningPositive... 
RUNNING: com.fasterxml.jackson.core.util.VersionUtilTest.testParseVersionReturningVersionWhereGetMajorVersionIsZero... 
RUNNING: com.fasterxml.jackson.core.util.VersionUtilTest.testParseVersionWithEmptyStringAndEmptyString... 
RUNNING: com.fasterxml.jackson.core.util.VersionUtilTest.testParseVersionWithNullAndEmptyString... 
RUNNING: com.fasterxml.jackson.core.read.DataInputTest.testEOFAfterArray... 
RUNNING: com.fasterxml.jackson.core.read.DataInputTest.testEOFAfterObject... 
RUNNING: com.fasterxml.jackson.core.read.DataInputTest.testEOFAfterScalar... 
RUNNING: com.fasterxml.jackson.core.util.TestDelegates.testParserDelegate... 
RUNNING: com.fasterxml.jackson.core.util.TestDelegates.testGeneratorDelegate... 
RUNNING: com.fasterxml.jackson.core.util.TestDelegates.testNotDelegateCopyMethods... 
RUNNING: com.fasterxml.jackson.core.util.TestDelegates.testGeneratorWithCodec... 
RUNNING: com.fasterxml.jackson.core.json.GeneratorFeaturesTest.testConfigDefaults... 
RUNNING: com.fasterxml.jackson.core.json.GeneratorFeaturesTest.testConfigOverrides... 
RUNNING: com.fasterxml.jackson.core.json.GeneratorFeaturesTest.testFieldNameQuoting... 
RUNNING: com.fasterxml.jackson.core.json.GeneratorFeaturesTest.testNonNumericQuoting... 
RUNNING: com.fasterxml.jackson.core.json.GeneratorFeaturesTest.testNumbersAsJSONStrings... 
RUNNING: com.fasterxml.jackson.core.json.GeneratorFeaturesTest.testBigDecimalAsPlain... 
RUNNING: com.fasterxml.jackson.core.json.GeneratorFeaturesTest.testBigDecimalAsPlainString... 
RUNNING: com.fasterxml.jackson.core.json.GeneratorFeaturesTest.testTooBigBigDecimal... 
RUNNING: com.fasterxml.jackson.core.json.GeneratorFeaturesTest.testFieldNameQuotingEnabled... 
RUNNING: com.fasterxml.jackson.core.json.GeneratorFeaturesTest.testChangeOnGenerator... 
RUNNING: com.fasterxml.jackson.core.json.async.AsyncConcurrencyTest.testConcurrentAsync... 
RUNNING: com.fasterxml.jackson.core.read.CommentParsingTest.testDefaultSettings... 
RUNNING: com.fasterxml.jackson.core.read.CommentParsingTest.testCommentsDisabled... 
RUNNING: com.fasterxml.jackson.core.read.CommentParsingTest.testCommentsEnabled... 
RUNNING: com.fasterxml.jackson.core.read.CommentParsingTest.testYAMLCommentsBytes... 
RUNNING: com.fasterxml.jackson.core.read.CommentParsingTest.testYAMLCommentsChars... 
RUNNING: com.fasterxml.jackson.core.read.CommentParsingTest.testCommentsWithUTF8... 
RUNNING: com.fasterxml.jackson.core.read.CommentParsingTest.testCCommentsBytes... 
RUNNING: com.fasterxml.jackson.core.read.CommentParsingTest.testCCommentsChars... 
RUNNING: com.fasterxml.jackson.core.read.CommentParsingTest.testCppCommentsBytes... 
RUNNING: com.fasterxml.jackson.core.read.CommentParsingTest.testCppCommentsChars... 
RUNNING: com.fasterxml.jackson.core.util.ByteArrayBuilderTest.testSimple... 
RUNNING: com.fasterxml.jackson.core.json.async.AsyncNonStdParsingTest.testLargeUnquotedNames... 
RUNNING: com.fasterxml.jackson.core.json.async.AsyncNonStdParsingTest.testSimpleUnquotedNames... 
RUNNING: com.fasterxml.jackson.core.json.async.AsyncNonStdParsingTest.testAposQuotingDisabled... 
RUNNING: com.fasterxml.jackson.core.json.async.AsyncNonStdParsingTest.testAposQuotingEnabled... 
RUNNING: com.fasterxml.jackson.core.json.async.AsyncNonStdParsingTest.testSingleQuotesEscaped... 
RUNNING: com.fasterxml.jackson.core.json.async.AsyncNonStdParsingTest.testNonStandardNameChars... 
RUNNING: com.fasterxml.jackson.core.read.UTF32ParseTest.testSimpleInvalidUTF32... 
RUNNING: com.fasterxml.jackson.core.read.UTF32ParseTest.testSimpleSevenNullBytes... 
RUNNING: com.fasterxml.jackson.core.read.UTF32ParseTest.testSimpleEOFs... 
RUNNING: com.fasterxml.jackson.core.TestJsonPointer.testEmpty... 
RUNNING: com.fasterxml.jackson.core.TestJsonPointer.testSimplePath... 
RUNNING: com.fasterxml.jackson.core.TestJsonPointer.testLast... 
RUNNING: com.fasterxml.jackson.core.TestJsonPointer.testIZeroIndex... 
RUNNING: com.fasterxml.jackson.core.TestJsonPointer.testAppend... 
RUNNING: com.fasterxml.jackson.core.TestJsonPointer.testSimplePathLonger... 
RUNNING: com.fasterxml.jackson.core.TestJsonPointer.testWonkyNumber173... 
RUNNING: com.fasterxml.jackson.core.TestJsonPointer.testAppendWithFinalSlash... 
RUNNING: com.fasterxml.jackson.core.TestJsonPointer.testQuotedPath... 
RUNNING: com.fasterxml.jackson.core.TestJsonPointer.testLongNumbers... 
RUNNING: com.fasterxml.jackson.core.read.UTF8NamesParseTest.testUtf8Name2Bytes... 
RUNNING: com.fasterxml.jackson.core.read.UTF8NamesParseTest.testUtf8Name3Bytes... 
RUNNING: com.fasterxml.jackson.core.read.UTF8NamesParseTest.testUtf8StringTrivial... 
RUNNING: com.fasterxml.jackson.core.read.UTF8NamesParseTest.testUtf8StringValue... 
RUNNING: com.fasterxml.jackson.core.read.UTF8NamesParseTest.testNextFieldName... 
RUNNING: com.fasterxml.jackson.core.read.UTF8NamesParseTest.testEmptyName... 
RUNNING: com.fasterxml.jackson.core.main.TestParserWithObjects.testNextValue... 
RUNNING: com.fasterxml.jackson.core.main.TestParserWithObjects.testNextValueNested... 
RUNNING: com.fasterxml.jackson.core.main.TestParserWithObjects.testIsClosed... 
RUNNING: com.fasterxml.jackson.core.read.JsonParserTest.testUtf8BOMHandling... 
RUNNING: com.fasterxml.jackson.core.read.JsonParserTest.testKeywords... 
RUNNING: com.fasterxml.jackson.core.read.JsonParserTest.testConfig... 
RUNNING: com.fasterxml.jackson.core.read.JsonParserTest.testInterningWithStreams... 
RUNNING: com.fasterxml.jackson.core.read.JsonParserTest.testInterningWithReaders... 
RUNNING: com.fasterxml.jackson.core.read.JsonParserTest.testSpecExampleSkipping... 
RUNNING: com.fasterxml.jackson.core.read.JsonParserTest.testSpecExampleFully... 
RUNNING: com.fasterxml.jackson.core.read.JsonParserTest.testNameEscaping... 
RUNNING: com.fasterxml.jackson.core.read.JsonParserTest.testLongText... 
RUNNING: com.fasterxml.jackson.core.read.JsonParserTest.testBytesAsSource... 
RUNNING: com.fasterxml.jackson.core.read.JsonParserTest.testSpacesInURL... 
RUNNING: com.fasterxml.jackson.core.read.JsonParserTest.testHandlingOfInvalidSpaceByteStream... 
RUNNING: com.fasterxml.jackson.core.read.JsonParserTest.testHandlingOfInvalidSpaceChars... 
RUNNING: com.fasterxml.jackson.core.read.JsonParserTest.testHandlingOfInvalidSpaceDataInput... 
RUNNING: com.fasterxml.jackson.core.read.JsonParserTest.testGetValueAsTextBytes... 
RUNNING: com.fasterxml.jackson.core.read.JsonParserTest.testGetValueAsTextDataInput... 
RUNNING: com.fasterxml.jackson.core.read.JsonParserTest.testGetValueAsTextChars... 
RUNNING: com.fasterxml.jackson.core.read.JsonParserTest.testGetTextViaWriter... 
RUNNING: com.fasterxml.jackson.core.read.JsonParserTest.testLongerReadText... 
RUNNING: com.fasterxml.jackson.core.read.JsonParserTest.testSkipping... 
RUNNING: com.fasterxml.jackson.core.main.TestParserFeatures.testTabsDefault... 
RUNNING: com.fasterxml.jackson.core.main.TestParserFeatures.testTabsEnabled... 
RUNNING: com.fasterxml.jackson.core.main.TestParserFeatures.testDefaultSettings... 
RUNNING: com.fasterxml.jackson.core.main.TestParserFeatures.testDeprecatedDefaultSettings... 
RUNNING: com.fasterxml.jackson.core.main.TestParserFeatures.testQuotesRequired... 
RUNNING: com.fasterxml.jackson.core.util.TestNumberPrinting.testIntPrinting... 
RUNNING: com.fasterxml.jackson.core.util.TestNumberPrinting.testLongPrinting... 
RUNNING: com.fasterxml.jackson.core.main.TestGeneratorMisc.testAsEmbedded... 
RUNNING: com.fasterxml.jackson.core.main.TestGeneratorMisc.testRaw... 
RUNNING: com.fasterxml.jackson.core.main.TestGeneratorMisc.testRawValue... 
RUNNING: com.fasterxml.jackson.core.main.TestGeneratorMisc.testLongerObjects... 
RUNNING: com.fasterxml.jackson.core.main.TestGeneratorMisc.testIsClosed... 
RUNNING: com.fasterxml.jackson.core.main.TestGeneratorMisc.testSimpleWriteObject... 
RUNNING: com.fasterxml.jackson.core.json.async.AsyncInvalidCharsTest.testUtf8BOMHandling... 
RUNNING: com.fasterxml.jackson.core.json.async.AsyncInvalidCharsTest.testHandlingOfInvalidSpace... 
RUNNING: com.fasterxml.jackson.core.json.async.AsyncCharEscapingTest.testSimpleEscaping... 
RUNNING: com.fasterxml.jackson.core.json.async.AsyncCharEscapingTest.test8DigitSequence... 
RUNNING: com.fasterxml.jackson.core.json.async.AsyncCharEscapingTest.testMissingLinefeedEscaping... 
RUNNING: com.fasterxml.jackson.core.read.ParserSymbolHandlingTest.testSymbolsWithNullChars... 
RUNNING: com.fasterxml.jackson.core.read.ParserSymbolHandlingTest.testSymbolsWithNullBytes... 
RUNNING: com.fasterxml.jackson.core.json.TestGeneratorDupHandling.testSimpleDupsEagerlyBytes... 
RUNNING: com.fasterxml.jackson.core.json.TestGeneratorDupHandling.testSimpleDupsEagerlyChars... 
RUNNING: com.fasterxml.jackson.core.json.TestGeneratorDupHandling.testSimpleDupsLazilyBytes... 
RUNNING: com.fasterxml.jackson.core.json.TestGeneratorDupHandling.testSimpleDupsLazilyChars... 
RUNNING: com.fasterxml.jackson.core.json.async.AsyncBinaryParseTest.testRawAsArray... 
RUNNING: com.fasterxml.jackson.core.json.async.AsyncBinaryParseTest.testRawAsObject... 
RUNNING: com.fasterxml.jackson.core.json.async.AsyncBinaryParseTest.testRawAsRootValue... 
RUNNING: com.fasterxml.jackson.core.json.ArrayGenerationTest.testLongArray... 
RUNNING: com.fasterxml.jackson.core.json.ArrayGenerationTest.testIntArray... 
RUNNING: com.fasterxml.jackson.core.json.ArrayGenerationTest.testDoubleArray... 
RUNNING: com.fasterxml.jackson.core.json.TestMaxErrorSize.testLongErrorMessage... 
RUNNING: com.fasterxml.jackson.core.json.TestMaxErrorSize.testLongErrorMessageReader... 
RUNNING: com.fasterxml.jackson.core.json.TestMaxErrorSize.testShortErrorMessage... 
RUNNING: com.fasterxml.jackson.core.util.TestCharTypes.testQuoting... 
RUNNING: com.fasterxml.jackson.core.json.TestWithTonsaSymbols.testStreamReaderParser... 
RUNNING: com.fasterxml.jackson.core.json.TestWithTonsaSymbols.testReaderParser... 
RUNNING: com.fasterxml.jackson.core.json.async.AsyncStringArrayTest.testShortAsciiStrings... 
RUNNING: com.fasterxml.jackson.core.json.async.AsyncStringArrayTest.testShortUnicodeStrings... 
RUNNING: com.fasterxml.jackson.core.json.async.AsyncStringArrayTest.testLongAsciiStrings... 
RUNNING: com.fasterxml.jackson.core.json.async.AsyncStringArrayTest.testLongUnicodeStrings... 
RUNNING: com.fasterxml.jackson.core.sym.SymbolsViaParserTest.test17CharSymbols... 
RUNNING: com.fasterxml.jackson.core.sym.SymbolsViaParserTest.test17ByteSymbols... 
RUNNING: com.fasterxml.jackson.core.sym.SymbolsViaParserTest.testSymbolTableExpansionChars... 
RUNNING: com.fasterxml.jackson.core.sym.SymbolsViaParserTest.testSymbolTableExpansionBytes... 
RUNNING: com.fasterxml.jackson.core.json.async.AsyncUnicodeHandlingTest.testShortUnicodeWithSurrogates... 
RUNNING: com.fasterxml.jackson.core.json.async.AsyncUnicodeHandlingTest.testLongUnicodeWithSurrogates... 
RUNNING: com.fasterxml.jackson.core.json.async.ConfigTest.testFactoryDefaults... 
RUNNING: com.fasterxml.jackson.core.json.async.ConfigTest.testAsyncParerDefaults... 
RUNNING: com.fasterxml.jackson.core.main.TestRawStringWriting.testUtf8RawStrings... 
RUNNING: com.fasterxml.jackson.core.main.TestRawStringWriting.testUtf8StringsWithEscaping... 
RUNNING: com.fasterxml.jackson.core.main.TestRawStringWriting.testWriteRawWithSerializable... 
RUNNING: com.fasterxml.jackson.core.json.async.AsyncSimpleNestedTest.testStuffInObject... 
RUNNING: com.fasterxml.jackson.core.json.async.AsyncSimpleNestedTest.testStuffInArray2... 
RUNNING: com.fasterxml.jackson.core.json.async.AsyncSimpleNestedTest.testMismatchedArray... 
RUNNING: com.fasterxml.jackson.core.json.async.AsyncSimpleNestedTest.testMismatchedObject... 
RUNNING: com.fasterxml.jackson.core.json.async.AsyncSimpleNestedTest.testStuffInArray... 
RUNNING: com.fasterxml.jackson.core.util.TestTextBuffer.testEmpty... 
RUNNING: com.fasterxml.jackson.core.util.TestTextBuffer.testSimple... 
RUNNING: com.fasterxml.jackson.core.util.TestTextBuffer.testLonger... 
RUNNING: com.fasterxml.jackson.core.util.TestTextBuffer.testLongAppend... 
RUNNING: com.fasterxml.jackson.core.util.TestTextBuffer.testExpand... 
RUNNING: com.fasterxml.jackson.core.util.TestTextBuffer.testResetWithAndSetCurrentAndReturn... 
RUNNING: com.fasterxml.jackson.core.util.TestTextBuffer.testGetCurrentSegment... 
RUNNING: com.fasterxml.jackson.core.util.TestTextBuffer.testAppendTakingTwoAndThreeInts... 
RUNNING: com.fasterxml.jackson.core.util.TestTextBuffer.testEnsureNotSharedAndResetWithString... 
RUNNING: com.fasterxml.jackson.core.util.TestTextBuffer.testContentsAsDecimalThrowsNumberFormatException... 
RUNNING: com.fasterxml.jackson.core.util.TestTextBuffer.testGetTextBufferAndEmptyAndGetCurrentSegmentAndFinishCurrentSegment... 
RUNNING: com.fasterxml.jackson.core.util.TestTextBuffer.testGetTextBufferAndAppendTakingCharAndContentsAsArray... 
RUNNING: com.fasterxml.jackson.core.util.TestTextBuffer.testGetTextBufferAndResetWithString... 
RUNNING: com.fasterxml.jackson.core.util.TestTextBuffer.testResetWithString... 
RUNNING: com.fasterxml.jackson.core.util.TestTextBuffer.testGetCurrentSegmentSizeResetWith... 
RUNNING: com.fasterxml.jackson.core.util.TestTextBuffer.testGetSizeFinishCurrentSegmentAndResetWith... 
RUNNING: com.fasterxml.jackson.core.json.GeneratorFailFromReaderTest.testFailOnWritingStringNotFieldNameChars... 
RUNNING: com.fasterxml.jackson.core.json.GeneratorFailFromReaderTest.testFailOnWritingStringFromReaderWithTooFewCharacters... 
RUNNING: com.fasterxml.jackson.core.json.GeneratorFailFromReaderTest.testFailOnWritingStringFromNullReader... 
RUNNING: com.fasterxml.jackson.core.json.GeneratorFailFromReaderTest.testFailOnWritingStringNotFieldNameBytes... 
RUNNING: com.fasterxml.jackson.core.base64.Base64BinaryParsingTest.testOkMissingPadding... 
RUNNING: com.fasterxml.jackson.core.base64.Base64BinaryParsingTest.testFailDueToMissingPadding... 
RUNNING: com.fasterxml.jackson.core.base64.Base64BinaryParsingTest.testStreaming... 
RUNNING: com.fasterxml.jackson.core.base64.Base64BinaryParsingTest.testInArray... 
RUNNING: com.fasterxml.jackson.core.base64.Base64BinaryParsingTest.testSimple... 
RUNNING: com.fasterxml.jackson.core.base64.Base64BinaryParsingTest.testBase64UsingInputStream... 
RUNNING: com.fasterxml.jackson.core.base64.Base64BinaryParsingTest.testBase64UsingReader... 
RUNNING: com.fasterxml.jackson.core.base64.Base64BinaryParsingTest.testWithEscaped... 
RUNNING: com.fasterxml.jackson.core.base64.Base64BinaryParsingTest.testWithEscapedPadding... 
RUNNING: com.fasterxml.jackson.core.base64.Base64BinaryParsingTest.testInvalidTokenForBase64... 
RUNNING: com.fasterxml.jackson.core.base64.Base64BinaryParsingTest.testInvalidChar... 
RUNNING: com.fasterxml.jackson.core.json.TestGeneratorWithSerializedString.testSimpleValues... 
RUNNING: com.fasterxml.jackson.core.json.TestGeneratorWithSerializedString.testSimpleFieldNames... 
RUNNING: com.fasterxml.jackson.core.sym.TestHashCollisionChars.testReaderCollisions... 
RUNNING: com.fasterxml.jackson.core.io.SegmentedStringWriterTest.testSimple... 
RUNNING: com.fasterxml.jackson.core.json.async.AsyncRootNumbersTest.testRootDoublesSimple... 
RUNNING: com.fasterxml.jackson.core.json.async.AsyncRootNumbersTest.testRootDoublesScientific... 
RUNNING: com.fasterxml.jackson.core.json.async.AsyncRootNumbersTest.testRootInts... 
RUNNING: com.fasterxml.jackson.core.main.TestGeneratorArray.testEmptyArrayWrite... 
RUNNING: com.fasterxml.jackson.core.main.TestGeneratorArray.testInvalidArrayWrite... 
RUNNING: com.fasterxml.jackson.core.main.TestGeneratorArray.testSimpleArrayWrite... 
RUNNING: com.fasterxml.jackson.core.TestLocation.testBasics... 
RUNNING: com.fasterxml.jackson.core.TestLocation.testBasicToString... 
RUNNING: com.fasterxml.jackson.core.TestLocation.testTruncatedSource... 
RUNNING: com.fasterxml.jackson.core.TestLocation.testDisableSourceInclusion... 
RUNNING: com.fasterxml.jackson.core.VersionTest.testCompareToAndCreatesVersionTaking6ArgumentsAndUnknownVersion... 
RUNNING: com.fasterxml.jackson.core.VersionTest.testCompareToOne... 
RUNNING: com.fasterxml.jackson.core.VersionTest.testCompareToTwo... 
RUNNING: com.fasterxml.jackson.core.VersionTest.testCompareToReturningZero... 
RUNNING: com.fasterxml.jackson.core.VersionTest.testCreatesVersionTaking6ArgumentsAndCallsCompareTo... 
RUNNING: com.fasterxml.jackson.core.json.async.AsyncRootValuesTest.testTokenRootTokens... 
RUNNING: com.fasterxml.jackson.core.json.async.AsyncRootValuesTest.testTokenRootSequence... 
RUNNING: com.fasterxml.jackson.core.json.async.AsyncRootValuesTest.testMixedRootSequence... 
RUNNING: com.fasterxml.jackson.core.util.DefaultIndenterTest.testWithIndent... 
RUNNING: com.fasterxml.jackson.core.util.DefaultIndenterTest.testWithLinefeed... 
RUNNING: com.fasterxml.jackson.core.format.DataFormatMatcherTest.testGetDataStream... 
RUNNING: com.fasterxml.jackson.core.format.DataFormatMatcherTest.testCreatesDataFormatMatcherTwo... 
RUNNING: com.fasterxml.jackson.core.read.ParserErrorHandlingTest.testInvalidKeywordsBytes... 
RUNNING: com.fasterxml.jackson.core.read.ParserErrorHandlingTest.testInvalidKeywordsChars... 
RUNNING: com.fasterxml.jackson.core.read.ParserErrorHandlingTest.testMangledIntsBytes... 
RUNNING: com.fasterxml.jackson.core.read.ParserErrorHandlingTest.testMangledFloatsBytes... 
RUNNING: com.fasterxml.jackson.core.read.ParserErrorHandlingTest.testMangledNumbersChars... 
RUNNING: com.fasterxml.jackson.core.json.TestUtf8Generator.testUtf8Issue462... 
RUNNING: com.fasterxml.jackson.core.json.TestUtf8Generator.testSurrogatesWithRaw... 
RUNNING: com.fasterxml.jackson.core.json.TestUtf8Generator.testFilteringWithEscapedChars... 
RUNNING: com.fasterxml.jackson.core.read.ParserDupHandlingTest.testSimpleDupCheckDisabled... 
RUNNING: com.fasterxml.jackson.core.read.ParserDupHandlingTest.testSimpleDupsBytes... 
RUNNING: com.fasterxml.jackson.core.read.ParserDupHandlingTest.testSimpleDupsDataInput... 
RUNNING: com.fasterxml.jackson.core.read.ParserDupHandlingTest.testSimpleDupsChars... 
RUNNING: com.fasterxml.jackson.core.sym.SymbolTableMergingTest.testByteSymbolsWithClose... 
RUNNING: com.fasterxml.jackson.core.sym.SymbolTableMergingTest.testByteSymbolsWithEOF... 
RUNNING: com.fasterxml.jackson.core.sym.SymbolTableMergingTest.testCharSymbolsWithClose... 
RUNNING: com.fasterxml.jackson.core.sym.SymbolTableMergingTest.testCharSymbolsWithEOF... 
RUNNING: com.fasterxml.jackson.core.sym.SymbolTableMergingTest.testHashCalc... 
RUNNING: com.fasterxml.jackson.core.main.TestGeneratorObject.testConvenienceMethods... 
RUNNING: com.fasterxml.jackson.core.main.TestGeneratorObject.testEmptyObjectWrite... 
RUNNING: com.fasterxml.jackson.core.main.TestGeneratorObject.testInvalidObjectWrite... 
RUNNING: com.fasterxml.jackson.core.main.TestGeneratorObject.testSimpleObjectWrite... 
RUNNING: com.fasterxml.jackson.core.main.TestGeneratorObject.testConvenienceMethodsWithNulls... 
RUNNING: com.fasterxml.jackson.core.base64.Base64CodecTest.testProps... 
RUNNING: com.fasterxml.jackson.core.base64.Base64CodecTest.testVariantAccess... 
RUNNING: com.fasterxml.jackson.core.base64.Base64CodecTest.testErrors... 
RUNNING: com.fasterxml.jackson.core.base64.Base64CodecTest.testCharEncoding... 
RUNNING: com.fasterxml.jackson.core.base64.Base64CodecTest.testConvenienceMethods... 
RUNNING: com.fasterxml.jackson.core.filter.BasicParserFilteringTest.testNonFiltering... 
RUNNING: com.fasterxml.jackson.core.filter.BasicParserFilteringTest.testSingleMatchFilteringWithoutPath... 
RUNNING: com.fasterxml.jackson.core.filter.BasicParserFilteringTest.testMultipleMatchFilteringWithPath1... 
RUNNING: com.fasterxml.jackson.core.filter.BasicParserFilteringTest.testMultipleMatchFilteringWithPath2... 
RUNNING: com.fasterxml.jackson.core.filter.BasicParserFilteringTest.testMultipleMatchFilteringWithPath3... 
RUNNING: com.fasterxml.jackson.core.filter.BasicParserFilteringTest.testIndexMatchWithPath1... 
RUNNING: com.fasterxml.jackson.core.filter.BasicParserFilteringTest.testIndexMatchWithPath2... 
RUNNING: com.fasterxml.jackson.core.filter.BasicParserFilteringTest.testSingleMatchFilteringWithPath1... 
RUNNING: com.fasterxml.jackson.core.filter.BasicParserFilteringTest.testSingleMatchFilteringWithPath2... 
RUNNING: com.fasterxml.jackson.core.filter.BasicParserFilteringTest.testSingleMatchFilteringWithPath3... 
RUNNING: com.fasterxml.jackson.core.filter.BasicParserFilteringTest.testNotAllowMultipleMatchesWithoutPath1... 
RUNNING: com.fasterxml.jackson.core.filter.BasicParserFilteringTest.testNotAllowMultipleMatchesWithoutPath2... 
RUNNING: com.fasterxml.jackson.core.filter.BasicParserFilteringTest.testNotAllowMultipleMatchesWithPath1... 
RUNNING: com.fasterxml.jackson.core.filter.BasicParserFilteringTest.testNotAllowMultipleMatchesWithPath2... 
RUNNING: com.fasterxml.jackson.core.filter.BasicParserFilteringTest.testNotAllowMultipleMatchesWithPath3... 
RUNNING: com.fasterxml.jackson.core.filter.BasicParserFilteringTest.testNotAllowMultipleMatchesWithPath4... 
RUNNING: com.fasterxml.jackson.core.filter.BasicParserFilteringTest.testAllowMultipleMatchesWithoutPath... 
RUNNING: com.fasterxml.jackson.core.filter.BasicParserFilteringTest.testAllowMultipleMatchesWithPath1... 
RUNNING: com.fasterxml.jackson.core.filter.BasicParserFilteringTest.testAllowMultipleMatchesWithPath2... 
RUNNING: com.fasterxml.jackson.core.filter.BasicParserFilteringTest.testBasicSingleMatchFilteringWithPath... 
RUNNING: com.fasterxml.jackson.core.filter.BasicParserFilteringTest.testTokensSingleMatchWithPath... 
RUNNING: com.fasterxml.jackson.core.filter.BasicParserFilteringTest.testSkippingForSingleWithPath... 
RUNNING: com.fasterxml.jackson.core.main.TestGeneratorCopy.testCopyRootTokens... 
RUNNING: com.fasterxml.jackson.core.main.TestGeneratorCopy.testCopyArrayTokens... 
RUNNING: com.fasterxml.jackson.core.main.TestGeneratorCopy.testCopyObjectTokens... 
RUNNING: com.fasterxml.jackson.core.json.GeneratorBasicTest.testBooleanWrite... 
RUNNING: com.fasterxml.jackson.core.json.GeneratorBasicTest.testStringWrite... 
RUNNING: com.fasterxml.jackson.core.json.GeneratorBasicTest.testNullWrite... 
RUNNING: com.fasterxml.jackson.core.json.GeneratorBasicTest.testIntValueWrite... 
RUNNING: com.fasterxml.jackson.core.json.GeneratorBasicTest.testLongValueWrite... 
RUNNING: com.fasterxml.jackson.core.json.GeneratorBasicTest.testRootIntsWrite... 
RUNNING: com.fasterxml.jackson.core.json.GeneratorBasicTest.testFieldValueWrites... 
RUNNING: com.fasterxml.jackson.core.json.GeneratorBasicTest.testOutputContext... 
RUNNING: com.fasterxml.jackson.core.json.GeneratorBasicTest.testGetOutputTarget... 
RUNNING: com.fasterxml.jackson.core.json.GeneratorBasicTest.testGetOutputBufferd... 
RUNNING: com.fasterxml.jackson.core.read.ParserScopeMatchingTest.testEOFInName... 
RUNNING: com.fasterxml.jackson.core.read.ParserScopeMatchingTest.testUnclosedArray... 
RUNNING: com.fasterxml.jackson.core.read.ParserScopeMatchingTest.testUnclosedObject... 
RUNNING: com.fasterxml.jackson.core.read.ParserScopeMatchingTest.testMismatchArrayToObject... 
RUNNING: com.fasterxml.jackson.core.read.ParserScopeMatchingTest.testMismatchObjectToArray... 
RUNNING: com.fasterxml.jackson.core.read.ParserScopeMatchingTest.testMisssingColon... 
RUNNING: com.fasterxml.jackson.core.read.ParserScopeMatchingTest.testWeirdToken... 
RUNNING: com.fasterxml.jackson.core.sym.TestSymbolsWithMediaItem.testSmallSymbolSetWithBytes... 
RUNNING: com.fasterxml.jackson.core.sym.TestSymbolsWithMediaItem.testSmallSymbolSetWithChars... 
Profiler failed test: com.fasterxml.jackson.core.read.NumberCoercionTest.testToIntFailing
Profiler failed test: com.fasterxml.jackson.core.read.NumberCoercionTest.testToLongFailing
Profiler failed test: com.fasterxml.jackson.core.json.async.AsyncNumberCoercionTest.testToIntFailing
Profiler failed test: com.fasterxml.jackson.core.json.async.AsyncNumberCoercionTest.testToLongFailing
Profiler failed test: com.fasterxml.jackson.core.read.NumberParsingTest.testSimpleLong
Profiler failed test: com.fasterxml.jackson.core.read.NumberOverflowTest.testSimpleLongOverflow
Profiler failed test: com.fasterxml.jackson.core.read.NumberOverflowTest.testMaliciousLongOverflow
Profiler failed test: com.fasterxml.jackson.core.read.NumberOverflowTest.testMaliciousIntOverflow
Profiler is DONE!
