[INFO] Scanning for projects...
[WARNING] 
[WARNING] Some problems were encountered while building the effective model for org.apache.commons:commons-compress:jar:1.0-SNAPSHOT
[WARNING] 'build.plugins.plugin.version' for org.apache.maven.plugins:maven-idea-plugin is missing. @ org.apache.commons:commons-parent:11, /home/yicheng/.m2/repository/org/apache/commons/commons-parent/11/commons-parent-11.pom, line 255, column 15
[WARNING] The expression ${pom.version} is deprecated. Please use ${project.version} instead.
[WARNING] The expression ${pom.version} is deprecated. Please use ${project.version} instead.
[WARNING] 
[WARNING] It is highly recommended to fix these problems because they threaten the stability of your build.
[WARNING] 
[WARNING] For this reason, future Maven versions might no longer support building such malformed projects.
[WARNING] 
[INFO] 
[INFO] ----------------< org.apache.commons:commons-compress >-----------------
[INFO] Building Commons Compress 1.0-SNAPSHOT
[INFO] --------------------------------[ jar ]---------------------------------
[INFO] 
[INFO] --- uniapr-plugin:profiler-only:validate (default-cli) @ commons-compress ---
Installing UniAPR agent
Profiler is HERE!
Found 120 test units
RUNNING: org.apache.commons.compress.DetectCompressorTestCase.testDetection... 
RUNNING: org.apache.commons.compress.compressors.GZipTestCase.testGzipUnarchive... 
RUNNING: org.apache.commons.compress.compressors.GZipTestCase.testGzipCreation... 
RUNNING: org.apache.commons.compress.DetectArchiverTestCase.testEmptyCpioArchive... 
RUNNING: org.apache.commons.compress.DetectArchiverTestCase.testEmptyJarArchive... 
RUNNING: org.apache.commons.compress.DetectArchiverTestCase.testEmptyZipArchive... 
RUNNING: org.apache.commons.compress.DetectArchiverTestCase.testDetection... 
RUNNING: org.apache.commons.compress.archivers.tar.TarUtilsTest.testName... 
RUNNING: org.apache.commons.compress.archivers.tar.TarUtilsTest.testParseOctal... 
RUNNING: org.apache.commons.compress.archivers.tar.TarUtilsTest.testRoundTripOctal... 
RUNNING: org.apache.commons.compress.archivers.tar.TarUtilsTest.testTrailers... 
RUNNING: org.apache.commons.compress.archivers.tar.TarUtilsTest.testNegative... 
RUNNING: org.apache.commons.compress.archivers.tar.TarUtilsTest.testOverflow... 
RUNNING: org.apache.commons.compress.archivers.zip.ZipLongTest.testClone... 
RUNNING: org.apache.commons.compress.archivers.zip.ZipLongTest.testFromBytes... 
RUNNING: org.apache.commons.compress.archivers.zip.ZipLongTest.testEquals... 
RUNNING: org.apache.commons.compress.archivers.zip.ZipLongTest.testToBytes... 
RUNNING: org.apache.commons.compress.archivers.zip.ZipLongTest.testSign... 
RUNNING: org.apache.commons.compress.archivers.zip.ZipArchiveEntryTest.testUnixMode... 
RUNNING: org.apache.commons.compress.archivers.zip.ZipArchiveEntryTest.testAddAsFirstExtraField... 
RUNNING: org.apache.commons.compress.archivers.zip.ZipArchiveEntryTest.testExtraFields... 
RUNNING: org.apache.commons.compress.archivers.zip.ZipArchiveEntryTest.testExtraFieldMerging... 
RUNNING: org.apache.commons.compress.compressors.BZip2TestCase.testBzipCreation... 
RUNNING: org.apache.commons.compress.compressors.BZip2TestCase.testBzip2Unarchive... 
RUNNING: org.apache.commons.compress.archivers.TarTestCase.testTarUnarchive... 
RUNNING: org.apache.commons.compress.archivers.TarTestCase.testTarArchiveCreation... 
RUNNING: org.apache.commons.compress.archivers.TarTestCase.testTarArchiveLongNameCreation... 
RUNNING: org.apache.commons.compress.IOMethodsTest.testReadCpio... 
RUNNING: org.apache.commons.compress.IOMethodsTest.testReadJar... 
RUNNING: org.apache.commons.compress.IOMethodsTest.testReadTar... 
RUNNING: org.apache.commons.compress.IOMethodsTest.testReadZip... 
RUNNING: org.apache.commons.compress.IOMethodsTest.testWriteZip... 
RUNNING: org.apache.commons.compress.IOMethodsTest.testWriteTar... 
RUNNING: org.apache.commons.compress.IOMethodsTest.testWriteAr... 
RUNNING: org.apache.commons.compress.IOMethodsTest.testReadAr... 
RUNNING: org.apache.commons.compress.IOMethodsTest.testWriteCpio... 
RUNNING: org.apache.commons.compress.IOMethodsTest.testWriteJar... 
RUNNING: org.apache.commons.compress.archivers.CpioTestCase.testCpioArchiveCreation... 
RUNNING: org.apache.commons.compress.archivers.CpioTestCase.testCpioUnarchive... 
RUNNING: org.apache.commons.compress.archivers.zip.ExtraFieldUtilsTest.testMerge... 
RUNNING: org.apache.commons.compress.archivers.zip.ExtraFieldUtilsTest.testParse... 
RUNNING: org.apache.commons.compress.archivers.ArchiveOutputStreamTest.testFinish... 
RUNNING: org.apache.commons.compress.archivers.cpio.CpioArchiveInputStreamTest.testCpioUnarchive... 
RUNNING: org.apache.commons.compress.archivers.tar.TarArchiveEntryTest.testMaxFileSize... 
RUNNING: org.apache.commons.compress.archivers.tar.TarArchiveEntryTest.testFileSystemRoot... 
RUNNING: org.apache.commons.compress.archivers.tar.TarArchiveEntryTest.testTarFileWithFSRoot... 
RUNNING: org.apache.commons.compress.compressors.GzipUtilsTestCase.testIsCompressedFilename... 
RUNNING: org.apache.commons.compress.compressors.GzipUtilsTestCase.testGetUncompressedFilename... 
RUNNING: org.apache.commons.compress.compressors.GzipUtilsTestCase.testGetCompressedFilename... 
RUNNING: org.apache.commons.compress.archivers.zip.ZipShortTest.testClone... 
RUNNING: org.apache.commons.compress.archivers.zip.ZipShortTest.testFromBytes... 
RUNNING: org.apache.commons.compress.archivers.zip.ZipShortTest.testEquals... 
RUNNING: org.apache.commons.compress.archivers.zip.ZipShortTest.testToBytes... 
RUNNING: org.apache.commons.compress.archivers.zip.ZipShortTest.testSign... 
RUNNING: org.apache.commons.compress.archivers.zip.UTF8ZipFilesTest.testUtf8FileRoundtripExplicitUnicodeExtra... 

java.io.IOException: central directory is empty, can't expand corrupt archive.
	at org.apache.commons.compress.archivers.zip.ZipFile.populateFromCentralDirectory(ZipFile.java:318)
	at org.apache.commons.compress.archivers.zip.ZipFile.<init>(ZipFile.java:181)
	at org.apache.commons.compress.archivers.zip.UTF8ZipFilesTest.testFile(UTF8ZipFilesTest.java:291)
	at org.apache.commons.compress.archivers.zip.UTF8ZipFilesTest.testFileRoundtrip(UTF8ZipFilesTest.java:202)
	at org.apache.commons.compress.archivers.zip.UTF8ZipFilesTest.testUtf8FileRoundtripExplicitUnicodeExtra(UTF8ZipFilesTest.java:45)
	at sun.reflect.NativeMethodAccessorImpl.invoke0(Native Method)
	at sun.reflect.NativeMethodAccessorImpl.invoke(NativeMethodAccessorImpl.java:62)
	at sun.reflect.DelegatingMethodAccessorImpl.invoke(DelegatingMethodAccessorImpl.java:43)
	at java.lang.reflect.Method.invoke(Method.java:498)
	at junit.framework.TestCase.runTest(TestCase.java:176)
	at junit.framework.TestCase.runBare(TestCase.java:141)
	at junit.framework.TestResult$1.protect(TestResult.java:122)
	at junit.framework.TestResult.runProtected(TestResult.java:142)
	at junit.framework.TestResult.run(TestResult.java:125)
	at junit.framework.TestCase.run(TestCase.java:129)
	at junit.framework.TestSuite.runTest(TestSuite.java:252)
	at junit.framework.TestSuite.run(TestSuite.java:247)
	at org.junit.internal.runners.JUnit38ClassRunner.run(JUnit38ClassRunner.java:86)
	at org.pitest.junit.adapter.CustomRunnerExecutor.run(CustomRunnerExecutor.java:42)
	at org.pitest.junit.adapter.AdaptedJUnitTestUnit.execute(AdaptedJUnitTestUnit.java:69)
	at org.uniapr.profiler.ProfilerDriver$1.execute(ProfilerDriver.java:75)
	at org.uniapr.junit.runner.JUnitRunner.run(JUnitRunner.java:106)
	at org.uniapr.junit.runner.JUnitRunner.run(JUnitRunner.java:92)
	at org.uniapr.profiler.ProfilerDriver.main(ProfilerDriver.java:46)

RUNNING: org.apache.commons.compress.archivers.zip.UTF8ZipFilesTest.testUtf8FileRoundtripNoEFSExplicitUnicodeExtra... 

java.io.IOException: central directory is empty, can't expand corrupt archive.
	at org.apache.commons.compress.archivers.zip.ZipFile.populateFromCentralDirectory(ZipFile.java:318)
	at org.apache.commons.compress.archivers.zip.ZipFile.<init>(ZipFile.java:181)
	at org.apache.commons.compress.archivers.zip.UTF8ZipFilesTest.testFile(UTF8ZipFilesTest.java:291)
	at org.apache.commons.compress.archivers.zip.UTF8ZipFilesTest.testFileRoundtrip(UTF8ZipFilesTest.java:202)
	at org.apache.commons.compress.archivers.zip.UTF8ZipFilesTest.testUtf8FileRoundtripNoEFSExplicitUnicodeExtra(UTF8ZipFilesTest.java:50)
	at sun.reflect.NativeMethodAccessorImpl.invoke0(Native Method)
	at sun.reflect.NativeMethodAccessorImpl.invoke(NativeMethodAccessorImpl.java:62)
	at sun.reflect.DelegatingMethodAccessorImpl.invoke(DelegatingMethodAccessorImpl.java:43)
	at java.lang.reflect.Method.invoke(Method.java:498)
	at junit.framework.TestCase.runTest(TestCase.java:176)
	at junit.framework.TestCase.runBare(TestCase.java:141)
	at junit.framework.TestResult$1.protect(TestResult.java:122)
	at junit.framework.TestResult.runProtected(TestResult.java:142)
	at junit.framework.TestResult.run(TestResult.java:125)
	at junit.framework.TestCase.run(TestCase.java:129)
	at junit.framework.TestSuite.runTest(TestSuite.java:252)
	at junit.framework.TestSuite.run(TestSuite.java:247)
	at org.junit.internal.runners.JUnit38ClassRunner.run(JUnit38ClassRunner.java:86)
	at org.pitest.junit.adapter.CustomRunnerExecutor.run(CustomRunnerExecutor.java:42)
	at org.pitest.junit.adapter.AdaptedJUnitTestUnit.execute(AdaptedJUnitTestUnit.java:69)
	at org.uniapr.profiler.ProfilerDriver$1.execute(ProfilerDriver.java:75)
	at org.uniapr.junit.runner.JUnitRunner.run(JUnitRunner.java:106)
	at org.uniapr.junit.runner.JUnitRunner.run(JUnitRunner.java:92)
	at org.uniapr.profiler.ProfilerDriver.main(ProfilerDriver.java:46)

RUNNING: org.apache.commons.compress.archivers.zip.UTF8ZipFilesTest.testCP437FileRoundtripExplicitUnicodeExtra... 

java.io.IOException: central directory is empty, can't expand corrupt archive.
	at org.apache.commons.compress.archivers.zip.ZipFile.populateFromCentralDirectory(ZipFile.java:318)
	at org.apache.commons.compress.archivers.zip.ZipFile.<init>(ZipFile.java:181)
	at org.apache.commons.compress.archivers.zip.UTF8ZipFilesTest.testFile(UTF8ZipFilesTest.java:291)
	at org.apache.commons.compress.archivers.zip.UTF8ZipFilesTest.testFileRoundtrip(UTF8ZipFilesTest.java:202)
	at org.apache.commons.compress.archivers.zip.UTF8ZipFilesTest.testCP437FileRoundtripExplicitUnicodeExtra(UTF8ZipFilesTest.java:55)
	at sun.reflect.NativeMethodAccessorImpl.invoke0(Native Method)
	at sun.reflect.NativeMethodAccessorImpl.invoke(NativeMethodAccessorImpl.java:62)
	at sun.reflect.DelegatingMethodAccessorImpl.invoke(DelegatingMethodAccessorImpl.java:43)
	at java.lang.reflect.Method.invoke(Method.java:498)
	at junit.framework.TestCase.runTest(TestCase.java:176)
	at junit.framework.TestCase.runBare(TestCase.java:141)
	at junit.framework.TestResult$1.protect(TestResult.java:122)
	at junit.framework.TestResult.runProtected(TestResult.java:142)
	at junit.framework.TestResult.run(TestResult.java:125)
	at junit.framework.TestCase.run(TestCase.java:129)
	at junit.framework.TestSuite.runTest(TestSuite.java:252)
	at junit.framework.TestSuite.run(TestSuite.java:247)
	at org.junit.internal.runners.JUnit38ClassRunner.run(JUnit38ClassRunner.java:86)
	at org.pitest.junit.adapter.CustomRunnerExecutor.run(CustomRunnerExecutor.java:42)
	at org.pitest.junit.adapter.AdaptedJUnitTestUnit.execute(AdaptedJUnitTestUnit.java:69)
	at org.uniapr.profiler.ProfilerDriver$1.execute(ProfilerDriver.java:75)
	at org.uniapr.junit.runner.JUnitRunner.run(JUnitRunner.java:106)
	at org.uniapr.junit.runner.JUnitRunner.run(JUnitRunner.java:92)
	at org.uniapr.profiler.ProfilerDriver.main(ProfilerDriver.java:46)

RUNNING: org.apache.commons.compress.archivers.zip.UTF8ZipFilesTest.testASCIIFileRoundtripExplicitUnicodeExtra... 

java.io.IOException: central directory is empty, can't expand corrupt archive.
	at org.apache.commons.compress.archivers.zip.ZipFile.populateFromCentralDirectory(ZipFile.java:318)
	at org.apache.commons.compress.archivers.zip.ZipFile.<init>(ZipFile.java:181)
	at org.apache.commons.compress.archivers.zip.UTF8ZipFilesTest.testFile(UTF8ZipFilesTest.java:291)
	at org.apache.commons.compress.archivers.zip.UTF8ZipFilesTest.testFileRoundtrip(UTF8ZipFilesTest.java:202)
	at org.apache.commons.compress.archivers.zip.UTF8ZipFilesTest.testASCIIFileRoundtripExplicitUnicodeExtra(UTF8ZipFilesTest.java:60)
	at sun.reflect.NativeMethodAccessorImpl.invoke0(Native Method)
	at sun.reflect.NativeMethodAccessorImpl.invoke(NativeMethodAccessorImpl.java:62)
	at sun.reflect.DelegatingMethodAccessorImpl.invoke(DelegatingMethodAccessorImpl.java:43)
	at java.lang.reflect.Method.invoke(Method.java:498)
	at junit.framework.TestCase.runTest(TestCase.java:176)
	at junit.framework.TestCase.runBare(TestCase.java:141)
	at junit.framework.TestResult$1.protect(TestResult.java:122)
	at junit.framework.TestResult.runProtected(TestResult.java:142)
	at junit.framework.TestResult.run(TestResult.java:125)
	at junit.framework.TestCase.run(TestCase.java:129)
	at junit.framework.TestSuite.runTest(TestSuite.java:252)
	at junit.framework.TestSuite.run(TestSuite.java:247)
	at org.junit.internal.runners.JUnit38ClassRunner.run(JUnit38ClassRunner.java:86)
	at org.pitest.junit.adapter.CustomRunnerExecutor.run(CustomRunnerExecutor.java:42)
	at org.pitest.junit.adapter.AdaptedJUnitTestUnit.execute(AdaptedJUnitTestUnit.java:69)
	at org.uniapr.profiler.ProfilerDriver$1.execute(ProfilerDriver.java:75)
	at org.uniapr.junit.runner.JUnitRunner.run(JUnitRunner.java:106)
	at org.uniapr.junit.runner.JUnitRunner.run(JUnitRunner.java:92)
	at org.uniapr.profiler.ProfilerDriver.main(ProfilerDriver.java:46)

RUNNING: org.apache.commons.compress.archivers.zip.UTF8ZipFilesTest.testUtf8FileRoundtripImplicitUnicodeExtra... 

java.io.IOException: central directory is empty, can't expand corrupt archive.
	at org.apache.commons.compress.archivers.zip.ZipFile.populateFromCentralDirectory(ZipFile.java:318)
	at org.apache.commons.compress.archivers.zip.ZipFile.<init>(ZipFile.java:181)
	at org.apache.commons.compress.archivers.zip.UTF8ZipFilesTest.testFile(UTF8ZipFilesTest.java:291)
	at org.apache.commons.compress.archivers.zip.UTF8ZipFilesTest.testFileRoundtrip(UTF8ZipFilesTest.java:202)
	at org.apache.commons.compress.archivers.zip.UTF8ZipFilesTest.testUtf8FileRoundtripImplicitUnicodeExtra(UTF8ZipFilesTest.java:65)
	at sun.reflect.NativeMethodAccessorImpl.invoke0(Native Method)
	at sun.reflect.NativeMethodAccessorImpl.invoke(NativeMethodAccessorImpl.java:62)
	at sun.reflect.DelegatingMethodAccessorImpl.invoke(DelegatingMethodAccessorImpl.java:43)
	at java.lang.reflect.Method.invoke(Method.java:498)
	at junit.framework.TestCase.runTest(TestCase.java:176)
	at junit.framework.TestCase.runBare(TestCase.java:141)
	at junit.framework.TestResult$1.protect(TestResult.java:122)
	at junit.framework.TestResult.runProtected(TestResult.java:142)
	at junit.framework.TestResult.run(TestResult.java:125)
	at junit.framework.TestCase.run(TestCase.java:129)
	at junit.framework.TestSuite.runTest(TestSuite.java:252)
	at junit.framework.TestSuite.run(TestSuite.java:247)
	at org.junit.internal.runners.JUnit38ClassRunner.run(JUnit38ClassRunner.java:86)
	at org.pitest.junit.adapter.CustomRunnerExecutor.run(CustomRunnerExecutor.java:42)
	at org.pitest.junit.adapter.AdaptedJUnitTestUnit.execute(AdaptedJUnitTestUnit.java:69)
	at org.uniapr.profiler.ProfilerDriver$1.execute(ProfilerDriver.java:75)
	at org.uniapr.junit.runner.JUnitRunner.run(JUnitRunner.java:106)
	at org.uniapr.junit.runner.JUnitRunner.run(JUnitRunner.java:92)
	at org.uniapr.profiler.ProfilerDriver.main(ProfilerDriver.java:46)

RUNNING: org.apache.commons.compress.archivers.zip.UTF8ZipFilesTest.testUtf8FileRoundtripNoEFSImplicitUnicodeExtra... 

java.io.IOException: central directory is empty, can't expand corrupt archive.
	at org.apache.commons.compress.archivers.zip.ZipFile.populateFromCentralDirectory(ZipFile.java:318)
	at org.apache.commons.compress.archivers.zip.ZipFile.<init>(ZipFile.java:181)
	at org.apache.commons.compress.archivers.zip.UTF8ZipFilesTest.testFile(UTF8ZipFilesTest.java:291)
	at org.apache.commons.compress.archivers.zip.UTF8ZipFilesTest.testFileRoundtrip(UTF8ZipFilesTest.java:202)
	at org.apache.commons.compress.archivers.zip.UTF8ZipFilesTest.testUtf8FileRoundtripNoEFSImplicitUnicodeExtra(UTF8ZipFilesTest.java:70)
	at sun.reflect.NativeMethodAccessorImpl.invoke0(Native Method)
	at sun.reflect.NativeMethodAccessorImpl.invoke(NativeMethodAccessorImpl.java:62)
	at sun.reflect.DelegatingMethodAccessorImpl.invoke(DelegatingMethodAccessorImpl.java:43)
	at java.lang.reflect.Method.invoke(Method.java:498)
	at junit.framework.TestCase.runTest(TestCase.java:176)
	at junit.framework.TestCase.runBare(TestCase.java:141)
	at junit.framework.TestResult$1.protect(TestResult.java:122)
	at junit.framework.TestResult.runProtected(TestResult.java:142)
	at junit.framework.TestResult.run(TestResult.java:125)
	at junit.framework.TestCase.run(TestCase.java:129)
	at junit.framework.TestSuite.runTest(TestSuite.java:252)
	at junit.framework.TestSuite.run(TestSuite.java:247)
	at org.junit.internal.runners.JUnit38ClassRunner.run(JUnit38ClassRunner.java:86)
	at org.pitest.junit.adapter.CustomRunnerExecutor.run(CustomRunnerExecutor.java:42)
	at org.pitest.junit.adapter.AdaptedJUnitTestUnit.execute(AdaptedJUnitTestUnit.java:69)
	at org.uniapr.profiler.ProfilerDriver$1.execute(ProfilerDriver.java:75)
	at org.uniapr.junit.runner.JUnitRunner.run(JUnitRunner.java:106)
	at org.uniapr.junit.runner.JUnitRunner.run(JUnitRunner.java:92)
	at org.uniapr.profiler.ProfilerDriver.main(ProfilerDriver.java:46)

RUNNING: org.apache.commons.compress.archivers.zip.UTF8ZipFilesTest.testCP437FileRoundtripImplicitUnicodeExtra... 

java.io.IOException: central directory is empty, can't expand corrupt archive.
	at org.apache.commons.compress.archivers.zip.ZipFile.populateFromCentralDirectory(ZipFile.java:318)
	at org.apache.commons.compress.archivers.zip.ZipFile.<init>(ZipFile.java:181)
	at org.apache.commons.compress.archivers.zip.UTF8ZipFilesTest.testFile(UTF8ZipFilesTest.java:291)
	at org.apache.commons.compress.archivers.zip.UTF8ZipFilesTest.testFileRoundtrip(UTF8ZipFilesTest.java:202)
	at org.apache.commons.compress.archivers.zip.UTF8ZipFilesTest.testCP437FileRoundtripImplicitUnicodeExtra(UTF8ZipFilesTest.java:75)
	at sun.reflect.NativeMethodAccessorImpl.invoke0(Native Method)
	at sun.reflect.NativeMethodAccessorImpl.invoke(NativeMethodAccessorImpl.java:62)
	at sun.reflect.DelegatingMethodAccessorImpl.invoke(DelegatingMethodAccessorImpl.java:43)
	at java.lang.reflect.Method.invoke(Method.java:498)
	at junit.framework.TestCase.runTest(TestCase.java:176)
	at junit.framework.TestCase.runBare(TestCase.java:141)
	at junit.framework.TestResult$1.protect(TestResult.java:122)
	at junit.framework.TestResult.runProtected(TestResult.java:142)
	at junit.framework.TestResult.run(TestResult.java:125)
	at junit.framework.TestCase.run(TestCase.java:129)
	at junit.framework.TestSuite.runTest(TestSuite.java:252)
	at junit.framework.TestSuite.run(TestSuite.java:247)
	at org.junit.internal.runners.JUnit38ClassRunner.run(JUnit38ClassRunner.java:86)
	at org.pitest.junit.adapter.CustomRunnerExecutor.run(CustomRunnerExecutor.java:42)
	at org.pitest.junit.adapter.AdaptedJUnitTestUnit.execute(AdaptedJUnitTestUnit.java:69)
	at org.uniapr.profiler.ProfilerDriver$1.execute(ProfilerDriver.java:75)
	at org.uniapr.junit.runner.JUnitRunner.run(JUnitRunner.java:106)
	at org.uniapr.junit.runner.JUnitRunner.run(JUnitRunner.java:92)
	at org.uniapr.profiler.ProfilerDriver.main(ProfilerDriver.java:46)

RUNNING: org.apache.commons.compress.archivers.zip.UTF8ZipFilesTest.testASCIIFileRoundtripImplicitUnicodeExtra... 

java.io.IOException: central directory is empty, can't expand corrupt archive.
	at org.apache.commons.compress.archivers.zip.ZipFile.populateFromCentralDirectory(ZipFile.java:318)
	at org.apache.commons.compress.archivers.zip.ZipFile.<init>(ZipFile.java:181)
	at org.apache.commons.compress.archivers.zip.UTF8ZipFilesTest.testFile(UTF8ZipFilesTest.java:291)
	at org.apache.commons.compress.archivers.zip.UTF8ZipFilesTest.testFileRoundtrip(UTF8ZipFilesTest.java:202)
	at org.apache.commons.compress.archivers.zip.UTF8ZipFilesTest.testASCIIFileRoundtripImplicitUnicodeExtra(UTF8ZipFilesTest.java:80)
	at sun.reflect.NativeMethodAccessorImpl.invoke0(Native Method)
	at sun.reflect.NativeMethodAccessorImpl.invoke(NativeMethodAccessorImpl.java:62)
	at sun.reflect.DelegatingMethodAccessorImpl.invoke(DelegatingMethodAccessorImpl.java:43)
	at java.lang.reflect.Method.invoke(Method.java:498)
	at junit.framework.TestCase.runTest(TestCase.java:176)
	at junit.framework.TestCase.runBare(TestCase.java:141)
	at junit.framework.TestResult$1.protect(TestResult.java:122)
	at junit.framework.TestResult.runProtected(TestResult.java:142)
	at junit.framework.TestResult.run(TestResult.java:125)
	at junit.framework.TestCase.run(TestCase.java:129)
	at junit.framework.TestSuite.runTest(TestSuite.java:252)
	at junit.framework.TestSuite.run(TestSuite.java:247)
	at org.junit.internal.runners.JUnit38ClassRunner.run(JUnit38ClassRunner.java:86)
	at org.pitest.junit.adapter.CustomRunnerExecutor.run(CustomRunnerExecutor.java:42)
	at org.pitest.junit.adapter.AdaptedJUnitTestUnit.execute(AdaptedJUnitTestUnit.java:69)
	at org.uniapr.profiler.ProfilerDriver$1.execute(ProfilerDriver.java:75)
	at org.uniapr.junit.runner.JUnitRunner.run(JUnitRunner.java:106)
	at org.uniapr.junit.runner.JUnitRunner.run(JUnitRunner.java:92)
	at org.uniapr.profiler.ProfilerDriver.main(ProfilerDriver.java:46)

RUNNING: org.apache.commons.compress.archivers.zip.UTF8ZipFilesTest.testRead7ZipArchive... 
RUNNING: org.apache.commons.compress.archivers.zip.UTF8ZipFilesTest.testRead7ZipArchiveForStream... 
RUNNING: org.apache.commons.compress.archivers.zip.UTF8ZipFilesTest.testReadWinZipArchive... 
RUNNING: org.apache.commons.compress.archivers.zip.UTF8ZipFilesTest.testReadWinZipArchiveForStream... 
RUNNING: org.apache.commons.compress.archivers.zip.UTF8ZipFilesTest.testZipFileReadsUnicodeFields... 
RUNNING: org.apache.commons.compress.archivers.zip.UTF8ZipFilesTest.testZipArchiveInputStreamReadsUnicodeFields... 

java.io.IOException: central directory is empty, can't expand corrupt archive.
	at org.apache.commons.compress.archivers.zip.ZipFile.populateFromCentralDirectory(ZipFile.java:318)
	at org.apache.commons.compress.archivers.zip.ZipFile.<init>(ZipFile.java:181)
	at org.apache.commons.compress.archivers.zip.UTF8ZipFilesTest.testZipArchiveInputStreamReadsUnicodeFields(UTF8ZipFilesTest.java:183)
	at sun.reflect.NativeMethodAccessorImpl.invoke0(Native Method)
	at sun.reflect.NativeMethodAccessorImpl.invoke(NativeMethodAccessorImpl.java:62)
	at sun.reflect.DelegatingMethodAccessorImpl.invoke(DelegatingMethodAccessorImpl.java:43)
	at java.lang.reflect.Method.invoke(Method.java:498)
	at junit.framework.TestCase.runTest(TestCase.java:176)
	at junit.framework.TestCase.runBare(TestCase.java:141)
	at junit.framework.TestResult$1.protect(TestResult.java:122)
	at junit.framework.TestResult.runProtected(TestResult.java:142)
	at junit.framework.TestResult.run(TestResult.java:125)
	at junit.framework.TestCase.run(TestCase.java:129)
	at junit.framework.TestSuite.runTest(TestSuite.java:252)
	at junit.framework.TestSuite.run(TestSuite.java:247)
	at org.junit.internal.runners.JUnit38ClassRunner.run(JUnit38ClassRunner.java:86)
	at org.pitest.junit.adapter.CustomRunnerExecutor.run(CustomRunnerExecutor.java:42)
	at org.pitest.junit.adapter.AdaptedJUnitTestUnit.execute(AdaptedJUnitTestUnit.java:69)
	at org.uniapr.profiler.ProfilerDriver$1.execute(ProfilerDriver.java:75)
	at org.uniapr.junit.runner.JUnitRunner.run(JUnitRunner.java:106)
	at org.uniapr.junit.runner.JUnitRunner.run(JUnitRunner.java:92)
	at org.uniapr.profiler.ProfilerDriver.main(ProfilerDriver.java:46)

RUNNING: org.apache.commons.compress.archivers.zip.UTF8ZipFilesTest.testUtf8Interoperability... 
RUNNING: org.apache.commons.compress.archivers.JarTestCase.testJarUnarchive... 
RUNNING: org.apache.commons.compress.archivers.JarTestCase.testJarArchiveCreation... 
RUNNING: org.apache.commons.compress.archivers.JarTestCase.testJarUnarchiveAll... 
RUNNING: org.apache.commons.compress.archivers.zip.TestZipEncodings.testSimpleCp437Encoding... 
RUNNING: org.apache.commons.compress.archivers.zip.TestZipEncodings.testSimpleCp850Encoding... 
RUNNING: org.apache.commons.compress.archivers.zip.TestZipEncodings.testNioCp1252Encoding... 
RUNNING: org.apache.commons.compress.archivers.ArTestCase.testArDelete... 
RUNNING: org.apache.commons.compress.archivers.ArTestCase.testArArchiveCreation... 
RUNNING: org.apache.commons.compress.archivers.ArTestCase.testArUnarchive... 
RUNNING: org.apache.commons.compress.archivers.ZipTestCase.testListAllFilesWithNestedArchive... 
RUNNING: org.apache.commons.compress.archivers.ZipTestCase.testZipUnarchive... 
RUNNING: org.apache.commons.compress.archivers.ZipTestCase.testZipArchiveCreation... 
RUNNING: org.apache.commons.compress.archivers.memory.MemoryArchiveTestCase.testReading... 
RUNNING: org.apache.commons.compress.archivers.jar.JarArchiveOutputStreamTest.testJarMarker... 

java.io.IOException: central directory is empty, can't expand corrupt archive.
	at org.apache.commons.compress.archivers.zip.ZipFile.populateFromCentralDirectory(ZipFile.java:318)
	at org.apache.commons.compress.archivers.zip.ZipFile.<init>(ZipFile.java:181)
	at org.apache.commons.compress.archivers.zip.ZipFile.<init>(ZipFile.java:158)
	at org.apache.commons.compress.archivers.zip.ZipFile.<init>(ZipFile.java:119)
	at org.apache.commons.compress.archivers.jar.JarArchiveOutputStreamTest.testJarMarker(JarArchiveOutputStreamTest.java:48)
	at sun.reflect.NativeMethodAccessorImpl.invoke0(Native Method)
	at sun.reflect.NativeMethodAccessorImpl.invoke(NativeMethodAccessorImpl.java:62)
	at sun.reflect.DelegatingMethodAccessorImpl.invoke(DelegatingMethodAccessorImpl.java:43)
	at java.lang.reflect.Method.invoke(Method.java:498)
	at junit.framework.TestCase.runTest(TestCase.java:176)
	at junit.framework.TestCase.runBare(TestCase.java:141)
	at junit.framework.TestResult$1.protect(TestResult.java:122)
	at junit.framework.TestResult.runProtected(TestResult.java:142)
	at junit.framework.TestResult.run(TestResult.java:125)
	at junit.framework.TestCase.run(TestCase.java:129)
	at junit.framework.TestSuite.runTest(TestSuite.java:252)
	at junit.framework.TestSuite.run(TestSuite.java:247)
	at org.junit.internal.runners.JUnit38ClassRunner.run(JUnit38ClassRunner.java:86)
	at org.pitest.junit.adapter.CustomRunnerExecutor.run(CustomRunnerExecutor.java:42)
	at org.pitest.junit.adapter.AdaptedJUnitTestUnit.execute(AdaptedJUnitTestUnit.java:69)
	at org.uniapr.profiler.ProfilerDriver$1.execute(ProfilerDriver.java:75)
	at org.uniapr.junit.runner.JUnitRunner.run(JUnitRunner.java:106)
	at org.uniapr.junit.runner.JUnitRunner.run(JUnitRunner.java:92)
	at org.uniapr.profiler.ProfilerDriver.main(ProfilerDriver.java:46)

RUNNING: org.apache.commons.compress.archivers.zip.AsiExtraFieldTest.testContent... 
RUNNING: org.apache.commons.compress.archivers.zip.AsiExtraFieldTest.testReparse... 
RUNNING: org.apache.commons.compress.archivers.zip.AsiExtraFieldTest.testModes... 
RUNNING: org.apache.commons.compress.archivers.zip.AsiExtraFieldTest.testClone... 
RUNNING: org.apache.commons.compress.archivers.zip.ZipUtilTest.testAdjustToLong... 
RUNNING: org.apache.commons.compress.archivers.zip.ZipUtilTest.testMinTime... 
RUNNING: org.apache.commons.compress.archivers.zip.ZipUtilTest.testZipLong... 
RUNNING: org.apache.commons.compress.changes.ChangeSetTestCase.testAddChangeTwice... 
RUNNING: org.apache.commons.compress.changes.ChangeSetTestCase.testAddChangeTwiceWithoutReplace... 
RUNNING: org.apache.commons.compress.changes.ChangeSetTestCase.testDeleteDir3... 
RUNNING: org.apache.commons.compress.changes.ChangeSetTestCase.testDeleteFile... 
RUNNING: org.apache.commons.compress.changes.ChangeSetTestCase.testDeleteFile2... 
RUNNING: org.apache.commons.compress.changes.ChangeSetTestCase.testDeletePlusAddSame... 
RUNNING: org.apache.commons.compress.changes.ChangeSetTestCase.testChangeSetResults... 
RUNNING: org.apache.commons.compress.changes.ChangeSetTestCase.testDeletePlusAdd... 
RUNNING: org.apache.commons.compress.changes.ChangeSetTestCase.testDeleteFromAndAddToZip... 
RUNNING: org.apache.commons.compress.changes.ChangeSetTestCase.testAddDeleteAdd... 
RUNNING: org.apache.commons.compress.changes.ChangeSetTestCase.testDeleteAddDelete... 
RUNNING: org.apache.commons.compress.changes.ChangeSetTestCase.testDeleteFromZip... 
RUNNING: org.apache.commons.compress.changes.ChangeSetTestCase.testDeleteFromTar... 
RUNNING: org.apache.commons.compress.changes.ChangeSetTestCase.testDeleteFromJar... 
RUNNING: org.apache.commons.compress.changes.ChangeSetTestCase.testDeleteFromAndAddToTar... 
RUNNING: org.apache.commons.compress.changes.ChangeSetTestCase.testDeleteFromAndAddToJar... 
RUNNING: org.apache.commons.compress.changes.ChangeSetTestCase.testDeleteFromAr... 
RUNNING: org.apache.commons.compress.changes.ChangeSetTestCase.testDeleteFromAndAddToAr... 
RUNNING: org.apache.commons.compress.changes.ChangeSetTestCase.testRenameAndDelete... 
RUNNING: org.apache.commons.compress.changes.ChangeSetTestCase.testAddMoveDelete... 
RUNNING: org.apache.commons.compress.changes.ChangeSetTestCase.testAddToEmptyArchive... 
RUNNING: org.apache.commons.compress.changes.ChangeSetTestCase.testDeleteAddToOneFileArchive... 
RUNNING: org.apache.commons.compress.changes.ChangeSetTestCase.testAddDeleteToOneFileArchive... 
RUNNING: org.apache.commons.compress.changes.ChangeSetTestCase.testAddAllreadyExistingWithReplaceTrue... 
RUNNING: org.apache.commons.compress.changes.ChangeSetTestCase.testAddAllreadyExistingWithReplaceFalse... 
RUNNING: org.apache.commons.compress.changes.ChangeSetTestCase.testDeleteDir2... 
RUNNING: org.apache.commons.compress.changes.ChangeSetTestCase.testDeleteDir... 
RUNNING: org.apache.commons.compress.ArchiveUtilsTest.testCompareBA... 
RUNNING: org.apache.commons.compress.ArchiveUtilsTest.testAsciiConversions... 
RUNNING: org.apache.commons.compress.ArchiveUtilsTest.testCompareAscii... 
Profiler failed test: org.apache.commons.compress.archivers.zip.UTF8ZipFilesTest.testUtf8FileRoundtripExplicitUnicodeExtra
Profiler failed test: org.apache.commons.compress.archivers.zip.UTF8ZipFilesTest.testUtf8FileRoundtripNoEFSExplicitUnicodeExtra
Profiler failed test: org.apache.commons.compress.archivers.zip.UTF8ZipFilesTest.testCP437FileRoundtripExplicitUnicodeExtra
Profiler failed test: org.apache.commons.compress.archivers.zip.UTF8ZipFilesTest.testASCIIFileRoundtripExplicitUnicodeExtra
Profiler failed test: org.apache.commons.compress.archivers.zip.UTF8ZipFilesTest.testUtf8FileRoundtripImplicitUnicodeExtra
Profiler failed test: org.apache.commons.compress.archivers.zip.UTF8ZipFilesTest.testUtf8FileRoundtripNoEFSImplicitUnicodeExtra
Profiler failed test: org.apache.commons.compress.archivers.zip.UTF8ZipFilesTest.testCP437FileRoundtripImplicitUnicodeExtra
Profiler failed test: org.apache.commons.compress.archivers.zip.UTF8ZipFilesTest.testASCIIFileRoundtripImplicitUnicodeExtra
Profiler failed test: org.apache.commons.compress.archivers.zip.UTF8ZipFilesTest.testZipArchiveInputStreamReadsUnicodeFields
Profiler failed test: org.apache.commons.compress.archivers.jar.JarArchiveOutputStreamTest.testJarMarker
Profiler is DONE!
