[INFO] Scanning for projects...
[WARNING] 
[WARNING] Some problems were encountered while building the effective model for com.google.code.gson:gson:jar:2.8.2-SNAPSHOT
[WARNING] 'build.plugins.plugin.version' for org.apache.maven.plugins:maven-jar-plugin is missing. @ com.google.code.gson:gson:[unknown-version], /home/yicheng/research/apr/experiments/uniapr-consistency/projects_2.0/Gson/15/gson/pom.xml, line 46, column 15
[WARNING] 
[WARNING] It is highly recommended to fix these problems because they threaten the stability of your build.
[WARNING] 
[WARNING] For this reason, future Maven versions might no longer support building such malformed projects.
[WARNING] 
[INFO] ------------------------------------------------------------------------
[INFO] Reactor Build Order:
[INFO] 
[INFO] Gson Parent                                                        [pom]
[INFO] Gson                                                               [jar]
[INFO] 
[INFO] ------------------< com.google.code.gson:gson-parent >------------------
[INFO] Building Gson Parent 2.8.2-SNAPSHOT                                [1/2]
[INFO] --------------------------------[ pom ]---------------------------------
[INFO] 
[INFO] --- uniapr-plugin:profiler-only:validate (default-cli) @ gson-parent ---
Installing UniAPR agent
Profiler is HERE!
8:55:22 PM PIT >> WARNING : Could not load com.google.gson.CommentsTest (ClassNotFoundException: com.google.gson.CommentsTest)
8:55:22 PM PIT >> WARNING : Could not load com.google.gson.DefaultDateTypeAdapterTest (ClassNotFoundException: com.google.gson.DefaultDateTypeAdapterTest)
8:55:22 PM PIT >> WARNING : Could not load com.google.gson.DefaultDateTypeAdapterTest (ClassNotFoundException: com.google.gson.DefaultDateTypeAdapterTest)
8:55:22 PM PIT >> WARNING : Could not load com.google.gson.DefaultDateTypeAdapterTest (ClassNotFoundException: com.google.gson.DefaultDateTypeAdapterTest)
8:55:22 PM PIT >> WARNING : Could not load com.google.gson.DefaultDateTypeAdapterTest (ClassNotFoundException: com.google.gson.DefaultDateTypeAdapterTest)
8:55:22 PM PIT >> WARNING : Could not load com.google.gson.DefaultDateTypeAdapterTest (ClassNotFoundException: com.google.gson.DefaultDateTypeAdapterTest)
8:55:22 PM PIT >> WARNING : Could not load com.google.gson.DefaultDateTypeAdapterTest (ClassNotFoundException: com.google.gson.DefaultDateTypeAdapterTest)
8:55:22 PM PIT >> WARNING : Could not load com.google.gson.DefaultDateTypeAdapterTest (ClassNotFoundException: com.google.gson.DefaultDateTypeAdapterTest)
8:55:22 PM PIT >> WARNING : Could not load com.google.gson.DefaultDateTypeAdapterTest (ClassNotFoundException: com.google.gson.DefaultDateTypeAdapterTest)
8:55:22 PM PIT >> WARNING : Could not load com.google.gson.DefaultDateTypeAdapterTest (ClassNotFoundException: com.google.gson.DefaultDateTypeAdapterTest)
8:55:22 PM PIT >> WARNING : Could not load com.google.gson.DefaultInetAddressTypeAdapterTest (ClassNotFoundException: com.google.gson.DefaultInetAddressTypeAdapterTest)
8:55:22 PM PIT >> WARNING : Could not load com.google.gson.DefaultMapJsonSerializerTest (ClassNotFoundException: com.google.gson.DefaultMapJsonSerializerTest)
8:55:22 PM PIT >> WARNING : Could not load com.google.gson.DefaultMapJsonSerializerTest (ClassNotFoundException: com.google.gson.DefaultMapJsonSerializerTest)
8:55:22 PM PIT >> WARNING : Could not load com.google.gson.DefaultMapJsonSerializerTest (ClassNotFoundException: com.google.gson.DefaultMapJsonSerializerTest)
8:55:22 PM PIT >> WARNING : Could not load com.google.gson.ExposeAnnotationExclusionStrategyTest (ClassNotFoundException: com.google.gson.ExposeAnnotationExclusionStrategyTest)
8:55:22 PM PIT >> WARNING : Could not load com.google.gson.ExposeAnnotationExclusionStrategyTest (ClassNotFoundException: com.google.gson.ExposeAnnotationExclusionStrategyTest)
8:55:22 PM PIT >> WARNING : Could not load com.google.gson.ExposeAnnotationExclusionStrategyTest (ClassNotFoundException: com.google.gson.ExposeAnnotationExclusionStrategyTest)
8:55:22 PM PIT >> WARNING : Could not load com.google.gson.ExposeAnnotationExclusionStrategyTest (ClassNotFoundException: com.google.gson.ExposeAnnotationExclusionStrategyTest)
8:55:22 PM PIT >> WARNING : Could not load com.google.gson.ExposeAnnotationExclusionStrategyTest (ClassNotFoundException: com.google.gson.ExposeAnnotationExclusionStrategyTest)
8:55:22 PM PIT >> WARNING : Could not load com.google.gson.ExposeAnnotationExclusionStrategyTest (ClassNotFoundException: com.google.gson.ExposeAnnotationExclusionStrategyTest)
8:55:22 PM PIT >> WARNING : Could not load com.google.gson.FieldAttributesTest (ClassNotFoundException: com.google.gson.FieldAttributesTest)
8:55:22 PM PIT >> WARNING : Could not load com.google.gson.FieldAttributesTest (ClassNotFoundException: com.google.gson.FieldAttributesTest)
8:55:22 PM PIT >> WARNING : Could not load com.google.gson.FieldAttributesTest (ClassNotFoundException: com.google.gson.FieldAttributesTest)
8:55:22 PM PIT >> WARNING : Could not load com.google.gson.FieldAttributesTest (ClassNotFoundException: com.google.gson.FieldAttributesTest)
8:55:22 PM PIT >> WARNING : Could not load com.google.gson.FieldAttributesTest (ClassNotFoundException: com.google.gson.FieldAttributesTest)
8:55:22 PM PIT >> WARNING : Could not load com.google.gson.FieldAttributesTest (ClassNotFoundException: com.google.gson.FieldAttributesTest)
8:55:22 PM PIT >> WARNING : Could not load com.google.gson.GenericArrayTypeTest (ClassNotFoundException: com.google.gson.GenericArrayTypeTest)
8:55:22 PM PIT >> WARNING : Could not load com.google.gson.GenericArrayTypeTest (ClassNotFoundException: com.google.gson.GenericArrayTypeTest)
8:55:22 PM PIT >> WARNING : Could not load com.google.gson.GsonBuilderTest (ClassNotFoundException: com.google.gson.GsonBuilderTest)
8:55:22 PM PIT >> WARNING : Could not load com.google.gson.GsonBuilderTest (ClassNotFoundException: com.google.gson.GsonBuilderTest)
8:55:22 PM PIT >> WARNING : Could not load com.google.gson.GsonBuilderTest (ClassNotFoundException: com.google.gson.GsonBuilderTest)
8:55:22 PM PIT >> WARNING : Could not load com.google.gson.GsonBuilderTest (ClassNotFoundException: com.google.gson.GsonBuilderTest)
8:55:22 PM PIT >> WARNING : Could not load com.google.gson.GsonTest (ClassNotFoundException: com.google.gson.GsonTest)
8:55:22 PM PIT >> WARNING : Could not load com.google.gson.GsonTypeAdapterTest (ClassNotFoundException: com.google.gson.GsonTypeAdapterTest)
8:55:22 PM PIT >> WARNING : Could not load com.google.gson.GsonTypeAdapterTest (ClassNotFoundException: com.google.gson.GsonTypeAdapterTest)
8:55:22 PM PIT >> WARNING : Could not load com.google.gson.GsonTypeAdapterTest (ClassNotFoundException: com.google.gson.GsonTypeAdapterTest)
8:55:22 PM PIT >> WARNING : Could not load com.google.gson.GsonTypeAdapterTest (ClassNotFoundException: com.google.gson.GsonTypeAdapterTest)
8:55:22 PM PIT >> WARNING : Could not load com.google.gson.GsonTypeAdapterTest (ClassNotFoundException: com.google.gson.GsonTypeAdapterTest)
8:55:22 PM PIT >> WARNING : Could not load com.google.gson.InnerClassExclusionStrategyTest (ClassNotFoundException: com.google.gson.InnerClassExclusionStrategyTest)
8:55:22 PM PIT >> WARNING : Could not load com.google.gson.InnerClassExclusionStrategyTest (ClassNotFoundException: com.google.gson.InnerClassExclusionStrategyTest)
8:55:22 PM PIT >> WARNING : Could not load com.google.gson.InnerClassExclusionStrategyTest (ClassNotFoundException: com.google.gson.InnerClassExclusionStrategyTest)
8:55:22 PM PIT >> WARNING : Could not load com.google.gson.InnerClassExclusionStrategyTest (ClassNotFoundException: com.google.gson.InnerClassExclusionStrategyTest)
8:55:22 PM PIT >> WARNING : Could not load com.google.gson.JavaSerializationTest (ClassNotFoundException: com.google.gson.JavaSerializationTest)
8:55:22 PM PIT >> WARNING : Could not load com.google.gson.JavaSerializationTest (ClassNotFoundException: com.google.gson.JavaSerializationTest)
8:55:22 PM PIT >> WARNING : Could not load com.google.gson.JavaSerializationTest (ClassNotFoundException: com.google.gson.JavaSerializationTest)
8:55:22 PM PIT >> WARNING : Could not load com.google.gson.JsonArrayTest (ClassNotFoundException: com.google.gson.JsonArrayTest)
8:55:22 PM PIT >> WARNING : Could not load com.google.gson.JsonArrayTest (ClassNotFoundException: com.google.gson.JsonArrayTest)
8:55:22 PM PIT >> WARNING : Could not load com.google.gson.JsonArrayTest (ClassNotFoundException: com.google.gson.JsonArrayTest)
8:55:22 PM PIT >> WARNING : Could not load com.google.gson.JsonArrayTest (ClassNotFoundException: com.google.gson.JsonArrayTest)
8:55:22 PM PIT >> WARNING : Could not load com.google.gson.JsonArrayTest (ClassNotFoundException: com.google.gson.JsonArrayTest)
8:55:22 PM PIT >> WARNING : Could not load com.google.gson.JsonNullTest (ClassNotFoundException: com.google.gson.JsonNullTest)
8:55:22 PM PIT >> WARNING : Could not load com.google.gson.JsonNullTest (ClassNotFoundException: com.google.gson.JsonNullTest)
8:55:22 PM PIT >> WARNING : Could not load com.google.gson.JsonObjectTest (ClassNotFoundException: com.google.gson.JsonObjectTest)
8:55:22 PM PIT >> WARNING : Could not load com.google.gson.JsonObjectTest (ClassNotFoundException: com.google.gson.JsonObjectTest)
8:55:22 PM PIT >> WARNING : Could not load com.google.gson.JsonObjectTest (ClassNotFoundException: com.google.gson.JsonObjectTest)
8:55:22 PM PIT >> WARNING : Could not load com.google.gson.JsonObjectTest (ClassNotFoundException: com.google.gson.JsonObjectTest)
8:55:22 PM PIT >> WARNING : Could not load com.google.gson.JsonObjectTest (ClassNotFoundException: com.google.gson.JsonObjectTest)
8:55:22 PM PIT >> WARNING : Could not load com.google.gson.JsonObjectTest (ClassNotFoundException: com.google.gson.JsonObjectTest)
8:55:22 PM PIT >> WARNING : Could not load com.google.gson.JsonObjectTest (ClassNotFoundException: com.google.gson.JsonObjectTest)
8:55:22 PM PIT >> WARNING : Could not load com.google.gson.JsonObjectTest (ClassNotFoundException: com.google.gson.JsonObjectTest)
8:55:22 PM PIT >> WARNING : Could not load com.google.gson.JsonObjectTest (ClassNotFoundException: com.google.gson.JsonObjectTest)
8:55:22 PM PIT >> WARNING : Could not load com.google.gson.JsonObjectTest (ClassNotFoundException: com.google.gson.JsonObjectTest)
8:55:22 PM PIT >> WARNING : Could not load com.google.gson.JsonObjectTest (ClassNotFoundException: com.google.gson.JsonObjectTest)
8:55:22 PM PIT >> WARNING : Could not load com.google.gson.JsonObjectTest (ClassNotFoundException: com.google.gson.JsonObjectTest)
8:55:22 PM PIT >> WARNING : Could not load com.google.gson.JsonObjectTest (ClassNotFoundException: com.google.gson.JsonObjectTest)
8:55:22 PM PIT >> WARNING : Could not load com.google.gson.JsonObjectTest (ClassNotFoundException: com.google.gson.JsonObjectTest)
8:55:22 PM PIT >> WARNING : Could not load com.google.gson.JsonParserTest (ClassNotFoundException: com.google.gson.JsonParserTest)
8:55:22 PM PIT >> WARNING : Could not load com.google.gson.JsonParserTest (ClassNotFoundException: com.google.gson.JsonParserTest)
8:55:22 PM PIT >> WARNING : Could not load com.google.gson.JsonParserTest (ClassNotFoundException: com.google.gson.JsonParserTest)
8:55:22 PM PIT >> WARNING : Could not load com.google.gson.JsonParserTest (ClassNotFoundException: com.google.gson.JsonParserTest)
8:55:22 PM PIT >> WARNING : Could not load com.google.gson.JsonParserTest (ClassNotFoundException: com.google.gson.JsonParserTest)
8:55:22 PM PIT >> WARNING : Could not load com.google.gson.JsonParserTest (ClassNotFoundException: com.google.gson.JsonParserTest)
8:55:22 PM PIT >> WARNING : Could not load com.google.gson.JsonParserTest (ClassNotFoundException: com.google.gson.JsonParserTest)
8:55:22 PM PIT >> WARNING : Could not load com.google.gson.JsonParserTest (ClassNotFoundException: com.google.gson.JsonParserTest)
8:55:22 PM PIT >> WARNING : Could not load com.google.gson.JsonParserTest (ClassNotFoundException: com.google.gson.JsonParserTest)
8:55:22 PM PIT >> WARNING : Could not load com.google.gson.JsonParserTest (ClassNotFoundException: com.google.gson.JsonParserTest)
8:55:22 PM PIT >> WARNING : Could not load com.google.gson.JsonPrimitiveTest (ClassNotFoundException: com.google.gson.JsonPrimitiveTest)
8:55:22 PM PIT >> WARNING : Could not load com.google.gson.JsonPrimitiveTest (ClassNotFoundException: com.google.gson.JsonPrimitiveTest)
8:55:22 PM PIT >> WARNING : Could not load com.google.gson.JsonPrimitiveTest (ClassNotFoundException: com.google.gson.JsonPrimitiveTest)
8:55:22 PM PIT >> WARNING : Could not load com.google.gson.JsonPrimitiveTest (ClassNotFoundException: com.google.gson.JsonPrimitiveTest)
8:55:22 PM PIT >> WARNING : Could not load com.google.gson.JsonPrimitiveTest (ClassNotFoundException: com.google.gson.JsonPrimitiveTest)
8:55:22 PM PIT >> WARNING : Could not load com.google.gson.JsonPrimitiveTest (ClassNotFoundException: com.google.gson.JsonPrimitiveTest)
8:55:22 PM PIT >> WARNING : Could not load com.google.gson.JsonPrimitiveTest (ClassNotFoundException: com.google.gson.JsonPrimitiveTest)
8:55:22 PM PIT >> WARNING : Could not load com.google.gson.JsonPrimitiveTest (ClassNotFoundException: com.google.gson.JsonPrimitiveTest)
8:55:22 PM PIT >> WARNING : Could not load com.google.gson.JsonPrimitiveTest (ClassNotFoundException: com.google.gson.JsonPrimitiveTest)
8:55:22 PM PIT >> WARNING : Could not load com.google.gson.JsonPrimitiveTest (ClassNotFoundException: com.google.gson.JsonPrimitiveTest)
8:55:22 PM PIT >> WARNING : Could not load com.google.gson.JsonPrimitiveTest (ClassNotFoundException: com.google.gson.JsonPrimitiveTest)
8:55:22 PM PIT >> WARNING : Could not load com.google.gson.JsonPrimitiveTest (ClassNotFoundException: com.google.gson.JsonPrimitiveTest)
8:55:22 PM PIT >> WARNING : Could not load com.google.gson.JsonPrimitiveTest (ClassNotFoundException: com.google.gson.JsonPrimitiveTest)
8:55:22 PM PIT >> WARNING : Could not load com.google.gson.JsonPrimitiveTest (ClassNotFoundException: com.google.gson.JsonPrimitiveTest)
8:55:22 PM PIT >> WARNING : Could not load com.google.gson.JsonPrimitiveTest (ClassNotFoundException: com.google.gson.JsonPrimitiveTest)
8:55:22 PM PIT >> WARNING : Could not load com.google.gson.JsonPrimitiveTest (ClassNotFoundException: com.google.gson.JsonPrimitiveTest)
8:55:22 PM PIT >> WARNING : Could not load com.google.gson.JsonPrimitiveTest (ClassNotFoundException: com.google.gson.JsonPrimitiveTest)
8:55:22 PM PIT >> WARNING : Could not load com.google.gson.JsonPrimitiveTest (ClassNotFoundException: com.google.gson.JsonPrimitiveTest)
8:55:22 PM PIT >> WARNING : Could not load com.google.gson.JsonPrimitiveTest (ClassNotFoundException: com.google.gson.JsonPrimitiveTest)
8:55:22 PM PIT >> WARNING : Could not load com.google.gson.JsonPrimitiveTest (ClassNotFoundException: com.google.gson.JsonPrimitiveTest)
8:55:22 PM PIT >> WARNING : Could not load com.google.gson.JsonPrimitiveTest (ClassNotFoundException: com.google.gson.JsonPrimitiveTest)
8:55:22 PM PIT >> WARNING : Could not load com.google.gson.JsonPrimitiveTest (ClassNotFoundException: com.google.gson.JsonPrimitiveTest)
8:55:22 PM PIT >> WARNING : Could not load com.google.gson.JsonPrimitiveTest (ClassNotFoundException: com.google.gson.JsonPrimitiveTest)
8:55:22 PM PIT >> WARNING : Could not load com.google.gson.JsonPrimitiveTest (ClassNotFoundException: com.google.gson.JsonPrimitiveTest)
8:55:22 PM PIT >> WARNING : Could not load com.google.gson.JsonStreamParserTest (ClassNotFoundException: com.google.gson.JsonStreamParserTest)
8:55:22 PM PIT >> WARNING : Could not load com.google.gson.JsonStreamParserTest (ClassNotFoundException: com.google.gson.JsonStreamParserTest)
8:55:22 PM PIT >> WARNING : Could not load com.google.gson.JsonStreamParserTest (ClassNotFoundException: com.google.gson.JsonStreamParserTest)
8:55:22 PM PIT >> WARNING : Could not load com.google.gson.JsonStreamParserTest (ClassNotFoundException: com.google.gson.JsonStreamParserTest)
8:55:22 PM PIT >> WARNING : Could not load com.google.gson.LongSerializationPolicyTest (ClassNotFoundException: com.google.gson.LongSerializationPolicyTest)
8:55:22 PM PIT >> WARNING : Could not load com.google.gson.LongSerializationPolicyTest (ClassNotFoundException: com.google.gson.LongSerializationPolicyTest)
8:55:22 PM PIT >> WARNING : Could not load com.google.gson.LongSerializationPolicyTest (ClassNotFoundException: com.google.gson.LongSerializationPolicyTest)
8:55:22 PM PIT >> WARNING : Could not load com.google.gson.LongSerializationPolicyTest (ClassNotFoundException: com.google.gson.LongSerializationPolicyTest)
8:55:22 PM PIT >> WARNING : Could not load com.google.gson.MixedStreamTest (ClassNotFoundException: com.google.gson.MixedStreamTest)
8:55:22 PM PIT >> WARNING : Could not load com.google.gson.MixedStreamTest (ClassNotFoundException: com.google.gson.MixedStreamTest)
8:55:22 PM PIT >> WARNING : Could not load com.google.gson.MixedStreamTest (ClassNotFoundException: com.google.gson.MixedStreamTest)
8:55:22 PM PIT >> WARNING : Could not load com.google.gson.MixedStreamTest (ClassNotFoundException: com.google.gson.MixedStreamTest)
8:55:22 PM PIT >> WARNING : Could not load com.google.gson.MixedStreamTest (ClassNotFoundException: com.google.gson.MixedStreamTest)
8:55:22 PM PIT >> WARNING : Could not load com.google.gson.MixedStreamTest (ClassNotFoundException: com.google.gson.MixedStreamTest)
8:55:22 PM PIT >> WARNING : Could not load com.google.gson.MixedStreamTest (ClassNotFoundException: com.google.gson.MixedStreamTest)
8:55:22 PM PIT >> WARNING : Could not load com.google.gson.MixedStreamTest (ClassNotFoundException: com.google.gson.MixedStreamTest)
8:55:22 PM PIT >> WARNING : Could not load com.google.gson.MixedStreamTest (ClassNotFoundException: com.google.gson.MixedStreamTest)
8:55:22 PM PIT >> WARNING : Could not load com.google.gson.MixedStreamTest (ClassNotFoundException: com.google.gson.MixedStreamTest)
8:55:22 PM PIT >> WARNING : Could not load com.google.gson.MixedStreamTest (ClassNotFoundException: com.google.gson.MixedStreamTest)
8:55:22 PM PIT >> WARNING : Could not load com.google.gson.MixedStreamTest (ClassNotFoundException: com.google.gson.MixedStreamTest)
8:55:22 PM PIT >> WARNING : Could not load com.google.gson.ObjectTypeAdapterTest (ClassNotFoundException: com.google.gson.ObjectTypeAdapterTest)
8:55:22 PM PIT >> WARNING : Could not load com.google.gson.ObjectTypeAdapterTest (ClassNotFoundException: com.google.gson.ObjectTypeAdapterTest)
8:55:22 PM PIT >> WARNING : Could not load com.google.gson.ObjectTypeAdapterTest (ClassNotFoundException: com.google.gson.ObjectTypeAdapterTest)
8:55:22 PM PIT >> WARNING : Could not load com.google.gson.ObjectTypeAdapterTest (ClassNotFoundException: com.google.gson.ObjectTypeAdapterTest)
8:55:22 PM PIT >> WARNING : Could not load com.google.gson.ObjectTypeAdapterTest (ClassNotFoundException: com.google.gson.ObjectTypeAdapterTest)
8:55:22 PM PIT >> WARNING : Could not load com.google.gson.OverrideCoreTypeAdaptersTest (ClassNotFoundException: com.google.gson.OverrideCoreTypeAdaptersTest)
8:55:22 PM PIT >> WARNING : Could not load com.google.gson.OverrideCoreTypeAdaptersTest (ClassNotFoundException: com.google.gson.OverrideCoreTypeAdaptersTest)
8:55:22 PM PIT >> WARNING : Could not load com.google.gson.OverrideCoreTypeAdaptersTest (ClassNotFoundException: com.google.gson.OverrideCoreTypeAdaptersTest)
8:55:22 PM PIT >> WARNING : Could not load com.google.gson.ParameterizedTypeTest (ClassNotFoundException: com.google.gson.ParameterizedTypeTest)
8:55:22 PM PIT >> WARNING : Could not load com.google.gson.ParameterizedTypeTest (ClassNotFoundException: com.google.gson.ParameterizedTypeTest)
8:55:22 PM PIT >> WARNING : Could not load com.google.gson.VersionExclusionStrategyTest (ClassNotFoundException: com.google.gson.VersionExclusionStrategyTest)
8:55:22 PM PIT >> WARNING : Could not load com.google.gson.VersionExclusionStrategyTest (ClassNotFoundException: com.google.gson.VersionExclusionStrategyTest)
8:55:22 PM PIT >> WARNING : Could not load com.google.gson.VersionExclusionStrategyTest (ClassNotFoundException: com.google.gson.VersionExclusionStrategyTest)
8:55:22 PM PIT >> WARNING : Could not load com.google.gson.functional.ArrayTest (ClassNotFoundException: com.google.gson.functional.ArrayTest)
8:55:22 PM PIT >> WARNING : Could not load com.google.gson.functional.ArrayTest (ClassNotFoundException: com.google.gson.functional.ArrayTest)
8:55:22 PM PIT >> WARNING : Could not load com.google.gson.functional.ArrayTest (ClassNotFoundException: com.google.gson.functional.ArrayTest)
8:55:22 PM PIT >> WARNING : Could not load com.google.gson.functional.ArrayTest (ClassNotFoundException: com.google.gson.functional.ArrayTest)
8:55:22 PM PIT >> WARNING : Could not load com.google.gson.functional.ArrayTest (ClassNotFoundException: com.google.gson.functional.ArrayTest)
8:55:22 PM PIT >> WARNING : Could not load com.google.gson.functional.ArrayTest (ClassNotFoundException: com.google.gson.functional.ArrayTest)
8:55:22 PM PIT >> WARNING : Could not load com.google.gson.functional.ArrayTest (ClassNotFoundException: com.google.gson.functional.ArrayTest)
8:55:22 PM PIT >> WARNING : Could not load com.google.gson.functional.ArrayTest (ClassNotFoundException: com.google.gson.functional.ArrayTest)
8:55:22 PM PIT >> WARNING : Could not load com.google.gson.functional.ArrayTest (ClassNotFoundException: com.google.gson.functional.ArrayTest)
8:55:22 PM PIT >> WARNING : Could not load com.google.gson.functional.ArrayTest (ClassNotFoundException: com.google.gson.functional.ArrayTest)
8:55:22 PM PIT >> WARNING : Could not load com.google.gson.functional.ArrayTest (ClassNotFoundException: com.google.gson.functional.ArrayTest)
8:55:22 PM PIT >> WARNING : Could not load com.google.gson.functional.ArrayTest (ClassNotFoundException: com.google.gson.functional.ArrayTest)
8:55:22 PM PIT >> WARNING : Could not load com.google.gson.functional.ArrayTest (ClassNotFoundException: com.google.gson.functional.ArrayTest)
8:55:22 PM PIT >> WARNING : Could not load com.google.gson.functional.ArrayTest (ClassNotFoundException: com.google.gson.functional.ArrayTest)
8:55:22 PM PIT >> WARNING : Could not load com.google.gson.functional.ArrayTest (ClassNotFoundException: com.google.gson.functional.ArrayTest)
8:55:22 PM PIT >> WARNING : Could not load com.google.gson.functional.ArrayTest (ClassNotFoundException: com.google.gson.functional.ArrayTest)
8:55:22 PM PIT >> WARNING : Could not load com.google.gson.functional.ArrayTest (ClassNotFoundException: com.google.gson.functional.ArrayTest)
8:55:22 PM PIT >> WARNING : Could not load com.google.gson.functional.ArrayTest (ClassNotFoundException: com.google.gson.functional.ArrayTest)
8:55:22 PM PIT >> WARNING : Could not load com.google.gson.functional.ArrayTest (ClassNotFoundException: com.google.gson.functional.ArrayTest)
8:55:22 PM PIT >> WARNING : Could not load com.google.gson.functional.ArrayTest (ClassNotFoundException: com.google.gson.functional.ArrayTest)
8:55:22 PM PIT >> WARNING : Could not load com.google.gson.functional.ArrayTest (ClassNotFoundException: com.google.gson.functional.ArrayTest)
8:55:22 PM PIT >> WARNING : Could not load com.google.gson.functional.ArrayTest (ClassNotFoundException: com.google.gson.functional.ArrayTest)
8:55:22 PM PIT >> WARNING : Could not load com.google.gson.functional.ArrayTest (ClassNotFoundException: com.google.gson.functional.ArrayTest)
8:55:22 PM PIT >> WARNING : Could not load com.google.gson.functional.ArrayTest (ClassNotFoundException: com.google.gson.functional.ArrayTest)
8:55:22 PM PIT >> WARNING : Could not load com.google.gson.functional.ArrayTest (ClassNotFoundException: com.google.gson.functional.ArrayTest)
8:55:22 PM PIT >> WARNING : Could not load com.google.gson.functional.ArrayTest (ClassNotFoundException: com.google.gson.functional.ArrayTest)
8:55:22 PM PIT >> WARNING : Could not load com.google.gson.functional.CircularReferenceTest (ClassNotFoundException: com.google.gson.functional.CircularReferenceTest)
8:55:22 PM PIT >> WARNING : Could not load com.google.gson.functional.CircularReferenceTest (ClassNotFoundException: com.google.gson.functional.CircularReferenceTest)
8:55:22 PM PIT >> WARNING : Could not load com.google.gson.functional.CircularReferenceTest (ClassNotFoundException: com.google.gson.functional.CircularReferenceTest)
8:55:22 PM PIT >> WARNING : Could not load com.google.gson.functional.CircularReferenceTest (ClassNotFoundException: com.google.gson.functional.CircularReferenceTest)
8:55:22 PM PIT >> WARNING : Could not load com.google.gson.functional.CircularReferenceTest (ClassNotFoundException: com.google.gson.functional.CircularReferenceTest)
8:55:22 PM PIT >> WARNING : Could not load com.google.gson.functional.CircularReferenceTest (ClassNotFoundException: com.google.gson.functional.CircularReferenceTest)
8:55:22 PM PIT >> WARNING : Could not load com.google.gson.functional.CollectionTest (ClassNotFoundException: com.google.gson.functional.CollectionTest)
8:55:22 PM PIT >> WARNING : Could not load com.google.gson.functional.CollectionTest (ClassNotFoundException: com.google.gson.functional.CollectionTest)
8:55:22 PM PIT >> WARNING : Could not load com.google.gson.functional.CollectionTest (ClassNotFoundException: com.google.gson.functional.CollectionTest)
8:55:22 PM PIT >> WARNING : Could not load com.google.gson.functional.CollectionTest (ClassNotFoundException: com.google.gson.functional.CollectionTest)
8:55:22 PM PIT >> WARNING : Could not load com.google.gson.functional.CollectionTest (ClassNotFoundException: com.google.gson.functional.CollectionTest)
8:55:22 PM PIT >> WARNING : Could not load com.google.gson.functional.CollectionTest (ClassNotFoundException: com.google.gson.functional.CollectionTest)
8:55:22 PM PIT >> WARNING : Could not load com.google.gson.functional.CollectionTest (ClassNotFoundException: com.google.gson.functional.CollectionTest)
8:55:22 PM PIT >> WARNING : Could not load com.google.gson.functional.CollectionTest (ClassNotFoundException: com.google.gson.functional.CollectionTest)
8:55:22 PM PIT >> WARNING : Could not load com.google.gson.functional.CollectionTest (ClassNotFoundException: com.google.gson.functional.CollectionTest)
8:55:22 PM PIT >> WARNING : Could not load com.google.gson.functional.CollectionTest (ClassNotFoundException: com.google.gson.functional.CollectionTest)
8:55:22 PM PIT >> WARNING : Could not load com.google.gson.functional.CollectionTest (ClassNotFoundException: com.google.gson.functional.CollectionTest)
8:55:22 PM PIT >> WARNING : Could not load com.google.gson.functional.CollectionTest (ClassNotFoundException: com.google.gson.functional.CollectionTest)
8:55:22 PM PIT >> WARNING : Could not load com.google.gson.functional.CollectionTest (ClassNotFoundException: com.google.gson.functional.CollectionTest)
8:55:22 PM PIT >> WARNING : Could not load com.google.gson.functional.CollectionTest (ClassNotFoundException: com.google.gson.functional.CollectionTest)
8:55:22 PM PIT >> WARNING : Could not load com.google.gson.functional.CollectionTest (ClassNotFoundException: com.google.gson.functional.CollectionTest)
8:55:22 PM PIT >> WARNING : Could not load com.google.gson.functional.CollectionTest (ClassNotFoundException: com.google.gson.functional.CollectionTest)
8:55:22 PM PIT >> WARNING : Could not load com.google.gson.functional.CollectionTest (ClassNotFoundException: com.google.gson.functional.CollectionTest)
8:55:22 PM PIT >> WARNING : Could not load com.google.gson.functional.CollectionTest (ClassNotFoundException: com.google.gson.functional.CollectionTest)
8:55:22 PM PIT >> WARNING : Could not load com.google.gson.functional.CollectionTest (ClassNotFoundException: com.google.gson.functional.CollectionTest)
8:55:22 PM PIT >> WARNING : Could not load com.google.gson.functional.CollectionTest (ClassNotFoundException: com.google.gson.functional.CollectionTest)
8:55:22 PM PIT >> WARNING : Could not load com.google.gson.functional.CollectionTest (ClassNotFoundException: com.google.gson.functional.CollectionTest)
8:55:22 PM PIT >> WARNING : Could not load com.google.gson.functional.CollectionTest (ClassNotFoundException: com.google.gson.functional.CollectionTest)
8:55:22 PM PIT >> WARNING : Could not load com.google.gson.functional.CollectionTest (ClassNotFoundException: com.google.gson.functional.CollectionTest)
8:55:22 PM PIT >> WARNING : Could not load com.google.gson.functional.CollectionTest (ClassNotFoundException: com.google.gson.functional.CollectionTest)
8:55:22 PM PIT >> WARNING : Could not load com.google.gson.functional.CollectionTest (ClassNotFoundException: com.google.gson.functional.CollectionTest)
8:55:22 PM PIT >> WARNING : Could not load com.google.gson.functional.CollectionTest (ClassNotFoundException: com.google.gson.functional.CollectionTest)
8:55:22 PM PIT >> WARNING : Could not load com.google.gson.functional.CollectionTest (ClassNotFoundException: com.google.gson.functional.CollectionTest)
8:55:22 PM PIT >> WARNING : Could not load com.google.gson.functional.CollectionTest (ClassNotFoundException: com.google.gson.functional.CollectionTest)
8:55:22 PM PIT >> WARNING : Could not load com.google.gson.functional.ConcurrencyTest (ClassNotFoundException: com.google.gson.functional.ConcurrencyTest)
8:55:22 PM PIT >> WARNING : Could not load com.google.gson.functional.ConcurrencyTest (ClassNotFoundException: com.google.gson.functional.ConcurrencyTest)
8:55:22 PM PIT >> WARNING : Could not load com.google.gson.functional.ConcurrencyTest (ClassNotFoundException: com.google.gson.functional.ConcurrencyTest)
8:55:22 PM PIT >> WARNING : Could not load com.google.gson.functional.ConcurrencyTest (ClassNotFoundException: com.google.gson.functional.ConcurrencyTest)
8:55:22 PM PIT >> WARNING : Could not load com.google.gson.functional.CustomDeserializerTest (ClassNotFoundException: com.google.gson.functional.CustomDeserializerTest)
8:55:22 PM PIT >> WARNING : Could not load com.google.gson.functional.CustomDeserializerTest (ClassNotFoundException: com.google.gson.functional.CustomDeserializerTest)
8:55:22 PM PIT >> WARNING : Could not load com.google.gson.functional.CustomDeserializerTest (ClassNotFoundException: com.google.gson.functional.CustomDeserializerTest)
8:55:22 PM PIT >> WARNING : Could not load com.google.gson.functional.CustomDeserializerTest (ClassNotFoundException: com.google.gson.functional.CustomDeserializerTest)
8:55:22 PM PIT >> WARNING : Could not load com.google.gson.functional.CustomDeserializerTest (ClassNotFoundException: com.google.gson.functional.CustomDeserializerTest)
8:55:22 PM PIT >> WARNING : Could not load com.google.gson.functional.CustomDeserializerTest (ClassNotFoundException: com.google.gson.functional.CustomDeserializerTest)
8:55:22 PM PIT >> WARNING : Could not load com.google.gson.functional.CustomDeserializerTest (ClassNotFoundException: com.google.gson.functional.CustomDeserializerTest)
8:55:22 PM PIT >> WARNING : Could not load com.google.gson.functional.CustomSerializerTest (ClassNotFoundException: com.google.gson.functional.CustomSerializerTest)
8:55:22 PM PIT >> WARNING : Could not load com.google.gson.functional.CustomSerializerTest (ClassNotFoundException: com.google.gson.functional.CustomSerializerTest)
8:55:22 PM PIT >> WARNING : Could not load com.google.gson.functional.CustomSerializerTest (ClassNotFoundException: com.google.gson.functional.CustomSerializerTest)
8:55:22 PM PIT >> WARNING : Could not load com.google.gson.functional.CustomSerializerTest (ClassNotFoundException: com.google.gson.functional.CustomSerializerTest)
8:55:22 PM PIT >> WARNING : Could not load com.google.gson.functional.CustomSerializerTest (ClassNotFoundException: com.google.gson.functional.CustomSerializerTest)
8:55:22 PM PIT >> WARNING : Could not load com.google.gson.functional.CustomTypeAdaptersTest (ClassNotFoundException: com.google.gson.functional.CustomTypeAdaptersTest)
8:55:22 PM PIT >> WARNING : Could not load com.google.gson.functional.CustomTypeAdaptersTest (ClassNotFoundException: com.google.gson.functional.CustomTypeAdaptersTest)
8:55:22 PM PIT >> WARNING : Could not load com.google.gson.functional.CustomTypeAdaptersTest (ClassNotFoundException: com.google.gson.functional.CustomTypeAdaptersTest)
8:55:22 PM PIT >> WARNING : Could not load com.google.gson.functional.CustomTypeAdaptersTest (ClassNotFoundException: com.google.gson.functional.CustomTypeAdaptersTest)
8:55:22 PM PIT >> WARNING : Could not load com.google.gson.functional.CustomTypeAdaptersTest (ClassNotFoundException: com.google.gson.functional.CustomTypeAdaptersTest)
8:55:22 PM PIT >> WARNING : Could not load com.google.gson.functional.CustomTypeAdaptersTest (ClassNotFoundException: com.google.gson.functional.CustomTypeAdaptersTest)
8:55:22 PM PIT >> WARNING : Could not load com.google.gson.functional.CustomTypeAdaptersTest (ClassNotFoundException: com.google.gson.functional.CustomTypeAdaptersTest)
8:55:22 PM PIT >> WARNING : Could not load com.google.gson.functional.CustomTypeAdaptersTest (ClassNotFoundException: com.google.gson.functional.CustomTypeAdaptersTest)
8:55:22 PM PIT >> WARNING : Could not load com.google.gson.functional.CustomTypeAdaptersTest (ClassNotFoundException: com.google.gson.functional.CustomTypeAdaptersTest)
8:55:22 PM PIT >> WARNING : Could not load com.google.gson.functional.CustomTypeAdaptersTest (ClassNotFoundException: com.google.gson.functional.CustomTypeAdaptersTest)
8:55:22 PM PIT >> WARNING : Could not load com.google.gson.functional.CustomTypeAdaptersTest (ClassNotFoundException: com.google.gson.functional.CustomTypeAdaptersTest)
8:55:22 PM PIT >> WARNING : Could not load com.google.gson.functional.CustomTypeAdaptersTest (ClassNotFoundException: com.google.gson.functional.CustomTypeAdaptersTest)
8:55:22 PM PIT >> WARNING : Could not load com.google.gson.functional.CustomTypeAdaptersTest (ClassNotFoundException: com.google.gson.functional.CustomTypeAdaptersTest)
8:55:22 PM PIT >> WARNING : Could not load com.google.gson.functional.CustomTypeAdaptersTest (ClassNotFoundException: com.google.gson.functional.CustomTypeAdaptersTest)
8:55:22 PM PIT >> WARNING : Could not load com.google.gson.functional.CustomTypeAdaptersTest (ClassNotFoundException: com.google.gson.functional.CustomTypeAdaptersTest)
8:55:22 PM PIT >> WARNING : Could not load com.google.gson.functional.CustomTypeAdaptersTest (ClassNotFoundException: com.google.gson.functional.CustomTypeAdaptersTest)
8:55:22 PM PIT >> WARNING : Could not load com.google.gson.functional.CustomTypeAdaptersTest (ClassNotFoundException: com.google.gson.functional.CustomTypeAdaptersTest)
8:55:22 PM PIT >> WARNING : Could not load com.google.gson.functional.CustomTypeAdaptersTest (ClassNotFoundException: com.google.gson.functional.CustomTypeAdaptersTest)
8:55:22 PM PIT >> WARNING : Could not load com.google.gson.functional.CustomTypeAdaptersTest (ClassNotFoundException: com.google.gson.functional.CustomTypeAdaptersTest)
8:55:22 PM PIT >> WARNING : Could not load com.google.gson.functional.DefaultTypeAdaptersTest (ClassNotFoundException: com.google.gson.functional.DefaultTypeAdaptersTest)
8:55:22 PM PIT >> WARNING : Could not load com.google.gson.functional.DefaultTypeAdaptersTest (ClassNotFoundException: com.google.gson.functional.DefaultTypeAdaptersTest)
8:55:22 PM PIT >> WARNING : Could not load com.google.gson.functional.DefaultTypeAdaptersTest (ClassNotFoundException: com.google.gson.functional.DefaultTypeAdaptersTest)
8:55:22 PM PIT >> WARNING : Could not load com.google.gson.functional.DefaultTypeAdaptersTest (ClassNotFoundException: com.google.gson.functional.DefaultTypeAdaptersTest)
8:55:22 PM PIT >> WARNING : Could not load com.google.gson.functional.DefaultTypeAdaptersTest (ClassNotFoundException: com.google.gson.functional.DefaultTypeAdaptersTest)
8:55:22 PM PIT >> WARNING : Could not load com.google.gson.functional.DefaultTypeAdaptersTest (ClassNotFoundException: com.google.gson.functional.DefaultTypeAdaptersTest)
8:55:22 PM PIT >> WARNING : Could not load com.google.gson.functional.DefaultTypeAdaptersTest (ClassNotFoundException: com.google.gson.functional.DefaultTypeAdaptersTest)
8:55:22 PM PIT >> WARNING : Could not load com.google.gson.functional.DefaultTypeAdaptersTest (ClassNotFoundException: com.google.gson.functional.DefaultTypeAdaptersTest)
8:55:22 PM PIT >> WARNING : Could not load com.google.gson.functional.DefaultTypeAdaptersTest (ClassNotFoundException: com.google.gson.functional.DefaultTypeAdaptersTest)
8:55:22 PM PIT >> WARNING : Could not load com.google.gson.functional.DefaultTypeAdaptersTest (ClassNotFoundException: com.google.gson.functional.DefaultTypeAdaptersTest)
8:55:22 PM PIT >> WARNING : Could not load com.google.gson.functional.DefaultTypeAdaptersTest (ClassNotFoundException: com.google.gson.functional.DefaultTypeAdaptersTest)
8:55:22 PM PIT >> WARNING : Could not load com.google.gson.functional.DefaultTypeAdaptersTest (ClassNotFoundException: com.google.gson.functional.DefaultTypeAdaptersTest)
8:55:22 PM PIT >> WARNING : Could not load com.google.gson.functional.DefaultTypeAdaptersTest (ClassNotFoundException: com.google.gson.functional.DefaultTypeAdaptersTest)
8:55:22 PM PIT >> WARNING : Could not load com.google.gson.functional.DefaultTypeAdaptersTest (ClassNotFoundException: com.google.gson.functional.DefaultTypeAdaptersTest)
8:55:22 PM PIT >> WARNING : Could not load com.google.gson.functional.DefaultTypeAdaptersTest (ClassNotFoundException: com.google.gson.functional.DefaultTypeAdaptersTest)
8:55:22 PM PIT >> WARNING : Could not load com.google.gson.functional.DefaultTypeAdaptersTest (ClassNotFoundException: com.google.gson.functional.DefaultTypeAdaptersTest)
8:55:22 PM PIT >> WARNING : Could not load com.google.gson.functional.DefaultTypeAdaptersTest (ClassNotFoundException: com.google.gson.functional.DefaultTypeAdaptersTest)
8:55:22 PM PIT >> WARNING : Could not load com.google.gson.functional.DefaultTypeAdaptersTest (ClassNotFoundException: com.google.gson.functional.DefaultTypeAdaptersTest)
8:55:22 PM PIT >> WARNING : Could not load com.google.gson.functional.DefaultTypeAdaptersTest (ClassNotFoundException: com.google.gson.functional.DefaultTypeAdaptersTest)
8:55:22 PM PIT >> WARNING : Could not load com.google.gson.functional.DefaultTypeAdaptersTest (ClassNotFoundException: com.google.gson.functional.DefaultTypeAdaptersTest)
8:55:22 PM PIT >> WARNING : Could not load com.google.gson.functional.DefaultTypeAdaptersTest (ClassNotFoundException: com.google.gson.functional.DefaultTypeAdaptersTest)
8:55:22 PM PIT >> WARNING : Could not load com.google.gson.functional.DefaultTypeAdaptersTest (ClassNotFoundException: com.google.gson.functional.DefaultTypeAdaptersTest)
8:55:22 PM PIT >> WARNING : Could not load com.google.gson.functional.DefaultTypeAdaptersTest (ClassNotFoundException: com.google.gson.functional.DefaultTypeAdaptersTest)
8:55:22 PM PIT >> WARNING : Could not load com.google.gson.functional.DefaultTypeAdaptersTest (ClassNotFoundException: com.google.gson.functional.DefaultTypeAdaptersTest)
8:55:22 PM PIT >> WARNING : Could not load com.google.gson.functional.DefaultTypeAdaptersTest (ClassNotFoundException: com.google.gson.functional.DefaultTypeAdaptersTest)
8:55:22 PM PIT >> WARNING : Could not load com.google.gson.functional.DefaultTypeAdaptersTest (ClassNotFoundException: com.google.gson.functional.DefaultTypeAdaptersTest)
8:55:22 PM PIT >> WARNING : Could not load com.google.gson.functional.DefaultTypeAdaptersTest (ClassNotFoundException: com.google.gson.functional.DefaultTypeAdaptersTest)
8:55:22 PM PIT >> WARNING : Could not load com.google.gson.functional.DefaultTypeAdaptersTest (ClassNotFoundException: com.google.gson.functional.DefaultTypeAdaptersTest)
8:55:22 PM PIT >> WARNING : Could not load com.google.gson.functional.DefaultTypeAdaptersTest (ClassNotFoundException: com.google.gson.functional.DefaultTypeAdaptersTest)
8:55:22 PM PIT >> WARNING : Could not load com.google.gson.functional.DefaultTypeAdaptersTest (ClassNotFoundException: com.google.gson.functional.DefaultTypeAdaptersTest)
8:55:22 PM PIT >> WARNING : Could not load com.google.gson.functional.DefaultTypeAdaptersTest (ClassNotFoundException: com.google.gson.functional.DefaultTypeAdaptersTest)
8:55:22 PM PIT >> WARNING : Could not load com.google.gson.functional.DefaultTypeAdaptersTest (ClassNotFoundException: com.google.gson.functional.DefaultTypeAdaptersTest)
8:55:22 PM PIT >> WARNING : Could not load com.google.gson.functional.DefaultTypeAdaptersTest (ClassNotFoundException: com.google.gson.functional.DefaultTypeAdaptersTest)
8:55:22 PM PIT >> WARNING : Could not load com.google.gson.functional.DefaultTypeAdaptersTest (ClassNotFoundException: com.google.gson.functional.DefaultTypeAdaptersTest)
8:55:22 PM PIT >> WARNING : Could not load com.google.gson.functional.DefaultTypeAdaptersTest (ClassNotFoundException: com.google.gson.functional.DefaultTypeAdaptersTest)
8:55:22 PM PIT >> WARNING : Could not load com.google.gson.functional.DefaultTypeAdaptersTest (ClassNotFoundException: com.google.gson.functional.DefaultTypeAdaptersTest)
8:55:22 PM PIT >> WARNING : Could not load com.google.gson.functional.DefaultTypeAdaptersTest (ClassNotFoundException: com.google.gson.functional.DefaultTypeAdaptersTest)
8:55:22 PM PIT >> WARNING : Could not load com.google.gson.functional.DefaultTypeAdaptersTest (ClassNotFoundException: com.google.gson.functional.DefaultTypeAdaptersTest)
8:55:22 PM PIT >> WARNING : Could not load com.google.gson.functional.DefaultTypeAdaptersTest (ClassNotFoundException: com.google.gson.functional.DefaultTypeAdaptersTest)
8:55:22 PM PIT >> WARNING : Could not load com.google.gson.functional.DefaultTypeAdaptersTest (ClassNotFoundException: com.google.gson.functional.DefaultTypeAdaptersTest)
8:55:22 PM PIT >> WARNING : Could not load com.google.gson.functional.DefaultTypeAdaptersTest (ClassNotFoundException: com.google.gson.functional.DefaultTypeAdaptersTest)
8:55:22 PM PIT >> WARNING : Could not load com.google.gson.functional.DefaultTypeAdaptersTest (ClassNotFoundException: com.google.gson.functional.DefaultTypeAdaptersTest)
8:55:22 PM PIT >> WARNING : Could not load com.google.gson.functional.DefaultTypeAdaptersTest (ClassNotFoundException: com.google.gson.functional.DefaultTypeAdaptersTest)
8:55:22 PM PIT >> WARNING : Could not load com.google.gson.functional.DefaultTypeAdaptersTest (ClassNotFoundException: com.google.gson.functional.DefaultTypeAdaptersTest)
8:55:22 PM PIT >> WARNING : Could not load com.google.gson.functional.DefaultTypeAdaptersTest (ClassNotFoundException: com.google.gson.functional.DefaultTypeAdaptersTest)
8:55:22 PM PIT >> WARNING : Could not load com.google.gson.functional.DefaultTypeAdaptersTest (ClassNotFoundException: com.google.gson.functional.DefaultTypeAdaptersTest)
8:55:22 PM PIT >> WARNING : Could not load com.google.gson.functional.DefaultTypeAdaptersTest (ClassNotFoundException: com.google.gson.functional.DefaultTypeAdaptersTest)
8:55:22 PM PIT >> WARNING : Could not load com.google.gson.functional.DefaultTypeAdaptersTest (ClassNotFoundException: com.google.gson.functional.DefaultTypeAdaptersTest)
8:55:22 PM PIT >> WARNING : Could not load com.google.gson.functional.DefaultTypeAdaptersTest (ClassNotFoundException: com.google.gson.functional.DefaultTypeAdaptersTest)
8:55:22 PM PIT >> WARNING : Could not load com.google.gson.functional.DefaultTypeAdaptersTest (ClassNotFoundException: com.google.gson.functional.DefaultTypeAdaptersTest)
8:55:22 PM PIT >> WARNING : Could not load com.google.gson.functional.DefaultTypeAdaptersTest (ClassNotFoundException: com.google.gson.functional.DefaultTypeAdaptersTest)
8:55:22 PM PIT >> WARNING : Could not load com.google.gson.functional.DefaultTypeAdaptersTest (ClassNotFoundException: com.google.gson.functional.DefaultTypeAdaptersTest)
8:55:22 PM PIT >> WARNING : Could not load com.google.gson.functional.DefaultTypeAdaptersTest (ClassNotFoundException: com.google.gson.functional.DefaultTypeAdaptersTest)
8:55:22 PM PIT >> WARNING : Could not load com.google.gson.functional.DefaultTypeAdaptersTest (ClassNotFoundException: com.google.gson.functional.DefaultTypeAdaptersTest)
8:55:22 PM PIT >> WARNING : Could not load com.google.gson.functional.DefaultTypeAdaptersTest (ClassNotFoundException: com.google.gson.functional.DefaultTypeAdaptersTest)
8:55:22 PM PIT >> WARNING : Could not load com.google.gson.functional.DefaultTypeAdaptersTest (ClassNotFoundException: com.google.gson.functional.DefaultTypeAdaptersTest)
8:55:22 PM PIT >> WARNING : Could not load com.google.gson.functional.DefaultTypeAdaptersTest (ClassNotFoundException: com.google.gson.functional.DefaultTypeAdaptersTest)
8:55:22 PM PIT >> WARNING : Could not load com.google.gson.functional.DefaultTypeAdaptersTest (ClassNotFoundException: com.google.gson.functional.DefaultTypeAdaptersTest)
8:55:22 PM PIT >> WARNING : Could not load com.google.gson.functional.DefaultTypeAdaptersTest (ClassNotFoundException: com.google.gson.functional.DefaultTypeAdaptersTest)
8:55:22 PM PIT >> WARNING : Could not load com.google.gson.functional.DefaultTypeAdaptersTest (ClassNotFoundException: com.google.gson.functional.DefaultTypeAdaptersTest)
8:55:22 PM PIT >> WARNING : Could not load com.google.gson.functional.DefaultTypeAdaptersTest (ClassNotFoundException: com.google.gson.functional.DefaultTypeAdaptersTest)
8:55:22 PM PIT >> WARNING : Could not load com.google.gson.functional.DefaultTypeAdaptersTest (ClassNotFoundException: com.google.gson.functional.DefaultTypeAdaptersTest)
8:55:22 PM PIT >> WARNING : Could not load com.google.gson.functional.DefaultTypeAdaptersTest (ClassNotFoundException: com.google.gson.functional.DefaultTypeAdaptersTest)
8:55:22 PM PIT >> WARNING : Could not load com.google.gson.functional.DefaultTypeAdaptersTest (ClassNotFoundException: com.google.gson.functional.DefaultTypeAdaptersTest)
8:55:22 PM PIT >> WARNING : Could not load com.google.gson.functional.DefaultTypeAdaptersTest (ClassNotFoundException: com.google.gson.functional.DefaultTypeAdaptersTest)
8:55:22 PM PIT >> WARNING : Could not load com.google.gson.functional.DelegateTypeAdapterTest (ClassNotFoundException: com.google.gson.functional.DelegateTypeAdapterTest)
8:55:22 PM PIT >> WARNING : Could not load com.google.gson.functional.DelegateTypeAdapterTest (ClassNotFoundException: com.google.gson.functional.DelegateTypeAdapterTest)
8:55:22 PM PIT >> WARNING : Could not load com.google.gson.functional.EnumTest (ClassNotFoundException: com.google.gson.functional.EnumTest)
8:55:22 PM PIT >> WARNING : Could not load com.google.gson.functional.EnumTest (ClassNotFoundException: com.google.gson.functional.EnumTest)
8:55:22 PM PIT >> WARNING : Could not load com.google.gson.functional.EnumTest (ClassNotFoundException: com.google.gson.functional.EnumTest)
8:55:22 PM PIT >> WARNING : Could not load com.google.gson.functional.EnumTest (ClassNotFoundException: com.google.gson.functional.EnumTest)
8:55:22 PM PIT >> WARNING : Could not load com.google.gson.functional.EnumTest (ClassNotFoundException: com.google.gson.functional.EnumTest)
8:55:22 PM PIT >> WARNING : Could not load com.google.gson.functional.EnumTest (ClassNotFoundException: com.google.gson.functional.EnumTest)
8:55:22 PM PIT >> WARNING : Could not load com.google.gson.functional.EnumTest (ClassNotFoundException: com.google.gson.functional.EnumTest)
8:55:22 PM PIT >> WARNING : Could not load com.google.gson.functional.EnumTest (ClassNotFoundException: com.google.gson.functional.EnumTest)
8:55:22 PM PIT >> WARNING : Could not load com.google.gson.functional.EnumTest (ClassNotFoundException: com.google.gson.functional.EnumTest)
8:55:22 PM PIT >> WARNING : Could not load com.google.gson.functional.EnumTest (ClassNotFoundException: com.google.gson.functional.EnumTest)
8:55:22 PM PIT >> WARNING : Could not load com.google.gson.functional.EnumTest (ClassNotFoundException: com.google.gson.functional.EnumTest)
8:55:22 PM PIT >> WARNING : Could not load com.google.gson.functional.EscapingTest (ClassNotFoundException: com.google.gson.functional.EscapingTest)
8:55:22 PM PIT >> WARNING : Could not load com.google.gson.functional.EscapingTest (ClassNotFoundException: com.google.gson.functional.EscapingTest)
8:55:22 PM PIT >> WARNING : Could not load com.google.gson.functional.EscapingTest (ClassNotFoundException: com.google.gson.functional.EscapingTest)
8:55:22 PM PIT >> WARNING : Could not load com.google.gson.functional.EscapingTest (ClassNotFoundException: com.google.gson.functional.EscapingTest)
8:55:22 PM PIT >> WARNING : Could not load com.google.gson.functional.EscapingTest (ClassNotFoundException: com.google.gson.functional.EscapingTest)
8:55:22 PM PIT >> WARNING : Could not load com.google.gson.functional.ExclusionStrategyFunctionalTest (ClassNotFoundException: com.google.gson.functional.ExclusionStrategyFunctionalTest)
8:55:22 PM PIT >> WARNING : Could not load com.google.gson.functional.ExclusionStrategyFunctionalTest (ClassNotFoundException: com.google.gson.functional.ExclusionStrategyFunctionalTest)
8:55:22 PM PIT >> WARNING : Could not load com.google.gson.functional.ExclusionStrategyFunctionalTest (ClassNotFoundException: com.google.gson.functional.ExclusionStrategyFunctionalTest)
8:55:22 PM PIT >> WARNING : Could not load com.google.gson.functional.ExclusionStrategyFunctionalTest (ClassNotFoundException: com.google.gson.functional.ExclusionStrategyFunctionalTest)
8:55:22 PM PIT >> WARNING : Could not load com.google.gson.functional.ExclusionStrategyFunctionalTest (ClassNotFoundException: com.google.gson.functional.ExclusionStrategyFunctionalTest)
8:55:22 PM PIT >> WARNING : Could not load com.google.gson.functional.ExclusionStrategyFunctionalTest (ClassNotFoundException: com.google.gson.functional.ExclusionStrategyFunctionalTest)
8:55:22 PM PIT >> WARNING : Could not load com.google.gson.functional.ExclusionStrategyFunctionalTest (ClassNotFoundException: com.google.gson.functional.ExclusionStrategyFunctionalTest)
8:55:22 PM PIT >> WARNING : Could not load com.google.gson.functional.ExclusionStrategyFunctionalTest (ClassNotFoundException: com.google.gson.functional.ExclusionStrategyFunctionalTest)
8:55:22 PM PIT >> WARNING : Could not load com.google.gson.functional.ExclusionStrategyFunctionalTest (ClassNotFoundException: com.google.gson.functional.ExclusionStrategyFunctionalTest)
8:55:22 PM PIT >> WARNING : Could not load com.google.gson.functional.ExposeFieldsTest (ClassNotFoundException: com.google.gson.functional.ExposeFieldsTest)
8:55:22 PM PIT >> WARNING : Could not load com.google.gson.functional.ExposeFieldsTest (ClassNotFoundException: com.google.gson.functional.ExposeFieldsTest)
8:55:22 PM PIT >> WARNING : Could not load com.google.gson.functional.ExposeFieldsTest (ClassNotFoundException: com.google.gson.functional.ExposeFieldsTest)
8:55:22 PM PIT >> WARNING : Could not load com.google.gson.functional.ExposeFieldsTest (ClassNotFoundException: com.google.gson.functional.ExposeFieldsTest)
8:55:22 PM PIT >> WARNING : Could not load com.google.gson.functional.ExposeFieldsTest (ClassNotFoundException: com.google.gson.functional.ExposeFieldsTest)
8:55:22 PM PIT >> WARNING : Could not load com.google.gson.functional.ExposeFieldsTest (ClassNotFoundException: com.google.gson.functional.ExposeFieldsTest)
8:55:22 PM PIT >> WARNING : Could not load com.google.gson.functional.ExposeFieldsTest (ClassNotFoundException: com.google.gson.functional.ExposeFieldsTest)
8:55:22 PM PIT >> WARNING : Could not load com.google.gson.functional.ExposeFieldsTest (ClassNotFoundException: com.google.gson.functional.ExposeFieldsTest)
8:55:22 PM PIT >> WARNING : Could not load com.google.gson.functional.FieldExclusionTest (ClassNotFoundException: com.google.gson.functional.FieldExclusionTest)
8:55:22 PM PIT >> WARNING : Could not load com.google.gson.functional.FieldExclusionTest (ClassNotFoundException: com.google.gson.functional.FieldExclusionTest)
8:55:22 PM PIT >> WARNING : Could not load com.google.gson.functional.FieldExclusionTest (ClassNotFoundException: com.google.gson.functional.FieldExclusionTest)
8:55:22 PM PIT >> WARNING : Could not load com.google.gson.functional.FieldNamingTest (ClassNotFoundException: com.google.gson.functional.FieldNamingTest)
8:55:22 PM PIT >> WARNING : Could not load com.google.gson.functional.FieldNamingTest (ClassNotFoundException: com.google.gson.functional.FieldNamingTest)
8:55:22 PM PIT >> WARNING : Could not load com.google.gson.functional.FieldNamingTest (ClassNotFoundException: com.google.gson.functional.FieldNamingTest)
8:55:22 PM PIT >> WARNING : Could not load com.google.gson.functional.FieldNamingTest (ClassNotFoundException: com.google.gson.functional.FieldNamingTest)
8:55:22 PM PIT >> WARNING : Could not load com.google.gson.functional.FieldNamingTest (ClassNotFoundException: com.google.gson.functional.FieldNamingTest)
8:55:22 PM PIT >> WARNING : Could not load com.google.gson.functional.InheritanceTest (ClassNotFoundException: com.google.gson.functional.InheritanceTest)
8:55:22 PM PIT >> WARNING : Could not load com.google.gson.functional.InheritanceTest (ClassNotFoundException: com.google.gson.functional.InheritanceTest)
8:55:22 PM PIT >> WARNING : Could not load com.google.gson.functional.InheritanceTest (ClassNotFoundException: com.google.gson.functional.InheritanceTest)
8:55:22 PM PIT >> WARNING : Could not load com.google.gson.functional.InheritanceTest (ClassNotFoundException: com.google.gson.functional.InheritanceTest)
8:55:22 PM PIT >> WARNING : Could not load com.google.gson.functional.InheritanceTest (ClassNotFoundException: com.google.gson.functional.InheritanceTest)
8:55:22 PM PIT >> WARNING : Could not load com.google.gson.functional.InheritanceTest (ClassNotFoundException: com.google.gson.functional.InheritanceTest)
8:55:22 PM PIT >> WARNING : Could not load com.google.gson.functional.InheritanceTest (ClassNotFoundException: com.google.gson.functional.InheritanceTest)
8:55:22 PM PIT >> WARNING : Could not load com.google.gson.functional.InheritanceTest (ClassNotFoundException: com.google.gson.functional.InheritanceTest)
8:55:22 PM PIT >> WARNING : Could not load com.google.gson.functional.InheritanceTest (ClassNotFoundException: com.google.gson.functional.InheritanceTest)
8:55:22 PM PIT >> WARNING : Could not load com.google.gson.functional.InheritanceTest (ClassNotFoundException: com.google.gson.functional.InheritanceTest)
8:55:22 PM PIT >> WARNING : Could not load com.google.gson.functional.InheritanceTest (ClassNotFoundException: com.google.gson.functional.InheritanceTest)
8:55:22 PM PIT >> WARNING : Could not load com.google.gson.functional.InheritanceTest (ClassNotFoundException: com.google.gson.functional.InheritanceTest)
8:55:22 PM PIT >> WARNING : Could not load com.google.gson.functional.InheritanceTest (ClassNotFoundException: com.google.gson.functional.InheritanceTest)
8:55:22 PM PIT >> WARNING : Could not load com.google.gson.functional.InstanceCreatorTest (ClassNotFoundException: com.google.gson.functional.InstanceCreatorTest)
8:55:22 PM PIT >> WARNING : Could not load com.google.gson.functional.InstanceCreatorTest (ClassNotFoundException: com.google.gson.functional.InstanceCreatorTest)
8:55:22 PM PIT >> WARNING : Could not load com.google.gson.functional.InstanceCreatorTest (ClassNotFoundException: com.google.gson.functional.InstanceCreatorTest)
8:55:22 PM PIT >> WARNING : Could not load com.google.gson.functional.InstanceCreatorTest (ClassNotFoundException: com.google.gson.functional.InstanceCreatorTest)
8:55:22 PM PIT >> WARNING : Could not load com.google.gson.functional.InstanceCreatorTest (ClassNotFoundException: com.google.gson.functional.InstanceCreatorTest)
8:55:22 PM PIT >> WARNING : Could not load com.google.gson.functional.InterfaceTest (ClassNotFoundException: com.google.gson.functional.InterfaceTest)
8:55:22 PM PIT >> WARNING : Could not load com.google.gson.functional.InterfaceTest (ClassNotFoundException: com.google.gson.functional.InterfaceTest)
8:55:22 PM PIT >> WARNING : Could not load com.google.gson.functional.InternationalizationTest (ClassNotFoundException: com.google.gson.functional.InternationalizationTest)
8:55:22 PM PIT >> WARNING : Could not load com.google.gson.functional.InternationalizationTest (ClassNotFoundException: com.google.gson.functional.InternationalizationTest)
8:55:22 PM PIT >> WARNING : Could not load com.google.gson.functional.InternationalizationTest (ClassNotFoundException: com.google.gson.functional.InternationalizationTest)
8:55:22 PM PIT >> WARNING : Could not load com.google.gson.functional.InternationalizationTest (ClassNotFoundException: com.google.gson.functional.InternationalizationTest)
8:55:22 PM PIT >> WARNING : Could not load com.google.gson.functional.JavaUtilConcurrentAtomicTest (ClassNotFoundException: com.google.gson.functional.JavaUtilConcurrentAtomicTest)
8:55:22 PM PIT >> WARNING : Could not load com.google.gson.functional.JavaUtilConcurrentAtomicTest (ClassNotFoundException: com.google.gson.functional.JavaUtilConcurrentAtomicTest)
8:55:22 PM PIT >> WARNING : Could not load com.google.gson.functional.JavaUtilConcurrentAtomicTest (ClassNotFoundException: com.google.gson.functional.JavaUtilConcurrentAtomicTest)
8:55:22 PM PIT >> WARNING : Could not load com.google.gson.functional.JavaUtilConcurrentAtomicTest (ClassNotFoundException: com.google.gson.functional.JavaUtilConcurrentAtomicTest)
8:55:22 PM PIT >> WARNING : Could not load com.google.gson.functional.JavaUtilConcurrentAtomicTest (ClassNotFoundException: com.google.gson.functional.JavaUtilConcurrentAtomicTest)
8:55:22 PM PIT >> WARNING : Could not load com.google.gson.functional.JavaUtilConcurrentAtomicTest (ClassNotFoundException: com.google.gson.functional.JavaUtilConcurrentAtomicTest)
8:55:22 PM PIT >> WARNING : Could not load com.google.gson.functional.JavaUtilConcurrentAtomicTest (ClassNotFoundException: com.google.gson.functional.JavaUtilConcurrentAtomicTest)
8:55:22 PM PIT >> WARNING : Could not load com.google.gson.functional.JavaUtilTest (ClassNotFoundException: com.google.gson.functional.JavaUtilTest)
8:55:22 PM PIT >> WARNING : Could not load com.google.gson.functional.JavaUtilTest (ClassNotFoundException: com.google.gson.functional.JavaUtilTest)
8:55:22 PM PIT >> WARNING : Could not load com.google.gson.functional.JsonAdapterAnnotationOnClassesTest (ClassNotFoundException: com.google.gson.functional.JsonAdapterAnnotationOnClassesTest)
8:55:22 PM PIT >> WARNING : Could not load com.google.gson.functional.JsonAdapterAnnotationOnClassesTest (ClassNotFoundException: com.google.gson.functional.JsonAdapterAnnotationOnClassesTest)
8:55:22 PM PIT >> WARNING : Could not load com.google.gson.functional.JsonAdapterAnnotationOnClassesTest (ClassNotFoundException: com.google.gson.functional.JsonAdapterAnnotationOnClassesTest)
8:55:22 PM PIT >> WARNING : Could not load com.google.gson.functional.JsonAdapterAnnotationOnClassesTest (ClassNotFoundException: com.google.gson.functional.JsonAdapterAnnotationOnClassesTest)
8:55:22 PM PIT >> WARNING : Could not load com.google.gson.functional.JsonAdapterAnnotationOnClassesTest (ClassNotFoundException: com.google.gson.functional.JsonAdapterAnnotationOnClassesTest)
8:55:22 PM PIT >> WARNING : Could not load com.google.gson.functional.JsonAdapterAnnotationOnClassesTest (ClassNotFoundException: com.google.gson.functional.JsonAdapterAnnotationOnClassesTest)
8:55:22 PM PIT >> WARNING : Could not load com.google.gson.functional.JsonAdapterAnnotationOnClassesTest (ClassNotFoundException: com.google.gson.functional.JsonAdapterAnnotationOnClassesTest)
8:55:22 PM PIT >> WARNING : Could not load com.google.gson.functional.JsonAdapterAnnotationOnClassesTest (ClassNotFoundException: com.google.gson.functional.JsonAdapterAnnotationOnClassesTest)
8:55:22 PM PIT >> WARNING : Could not load com.google.gson.functional.JsonAdapterAnnotationOnClassesTest (ClassNotFoundException: com.google.gson.functional.JsonAdapterAnnotationOnClassesTest)
8:55:22 PM PIT >> WARNING : Could not load com.google.gson.functional.JsonAdapterAnnotationOnFieldsTest (ClassNotFoundException: com.google.gson.functional.JsonAdapterAnnotationOnFieldsTest)
8:55:22 PM PIT >> WARNING : Could not load com.google.gson.functional.JsonAdapterAnnotationOnFieldsTest (ClassNotFoundException: com.google.gson.functional.JsonAdapterAnnotationOnFieldsTest)
8:55:22 PM PIT >> WARNING : Could not load com.google.gson.functional.JsonAdapterAnnotationOnFieldsTest (ClassNotFoundException: com.google.gson.functional.JsonAdapterAnnotationOnFieldsTest)
8:55:22 PM PIT >> WARNING : Could not load com.google.gson.functional.JsonAdapterAnnotationOnFieldsTest (ClassNotFoundException: com.google.gson.functional.JsonAdapterAnnotationOnFieldsTest)
8:55:22 PM PIT >> WARNING : Could not load com.google.gson.functional.JsonAdapterAnnotationOnFieldsTest (ClassNotFoundException: com.google.gson.functional.JsonAdapterAnnotationOnFieldsTest)
8:55:22 PM PIT >> WARNING : Could not load com.google.gson.functional.JsonAdapterAnnotationOnFieldsTest (ClassNotFoundException: com.google.gson.functional.JsonAdapterAnnotationOnFieldsTest)
8:55:22 PM PIT >> WARNING : Could not load com.google.gson.functional.JsonAdapterAnnotationOnFieldsTest (ClassNotFoundException: com.google.gson.functional.JsonAdapterAnnotationOnFieldsTest)
8:55:22 PM PIT >> WARNING : Could not load com.google.gson.functional.JsonAdapterAnnotationOnFieldsTest (ClassNotFoundException: com.google.gson.functional.JsonAdapterAnnotationOnFieldsTest)
8:55:22 PM PIT >> WARNING : Could not load com.google.gson.functional.JsonAdapterAnnotationOnFieldsTest (ClassNotFoundException: com.google.gson.functional.JsonAdapterAnnotationOnFieldsTest)
8:55:22 PM PIT >> WARNING : Could not load com.google.gson.functional.JsonAdapterAnnotationOnFieldsTest (ClassNotFoundException: com.google.gson.functional.JsonAdapterAnnotationOnFieldsTest)
8:55:22 PM PIT >> WARNING : Could not load com.google.gson.functional.JsonAdapterSerializerDeserializerTest (ClassNotFoundException: com.google.gson.functional.JsonAdapterSerializerDeserializerTest)
8:55:22 PM PIT >> WARNING : Could not load com.google.gson.functional.JsonAdapterSerializerDeserializerTest (ClassNotFoundException: com.google.gson.functional.JsonAdapterSerializerDeserializerTest)
8:55:22 PM PIT >> WARNING : Could not load com.google.gson.functional.JsonAdapterSerializerDeserializerTest (ClassNotFoundException: com.google.gson.functional.JsonAdapterSerializerDeserializerTest)
8:55:22 PM PIT >> WARNING : Could not load com.google.gson.functional.JsonArrayTest (ClassNotFoundException: com.google.gson.functional.JsonArrayTest)
8:55:22 PM PIT >> WARNING : Could not load com.google.gson.functional.JsonArrayTest (ClassNotFoundException: com.google.gson.functional.JsonArrayTest)
8:55:22 PM PIT >> WARNING : Could not load com.google.gson.functional.JsonArrayTest (ClassNotFoundException: com.google.gson.functional.JsonArrayTest)
8:55:22 PM PIT >> WARNING : Could not load com.google.gson.functional.JsonArrayTest (ClassNotFoundException: com.google.gson.functional.JsonArrayTest)
8:55:22 PM PIT >> WARNING : Could not load com.google.gson.functional.JsonArrayTest (ClassNotFoundException: com.google.gson.functional.JsonArrayTest)
8:55:22 PM PIT >> WARNING : Could not load com.google.gson.functional.JsonArrayTest (ClassNotFoundException: com.google.gson.functional.JsonArrayTest)
8:55:22 PM PIT >> WARNING : Could not load com.google.gson.functional.JsonArrayTest (ClassNotFoundException: com.google.gson.functional.JsonArrayTest)
8:55:22 PM PIT >> WARNING : Could not load com.google.gson.functional.JsonArrayTest (ClassNotFoundException: com.google.gson.functional.JsonArrayTest)
8:55:22 PM PIT >> WARNING : Could not load com.google.gson.functional.JsonParserTest (ClassNotFoundException: com.google.gson.functional.JsonParserTest)
8:55:22 PM PIT >> WARNING : Could not load com.google.gson.functional.JsonParserTest (ClassNotFoundException: com.google.gson.functional.JsonParserTest)
8:55:22 PM PIT >> WARNING : Could not load com.google.gson.functional.JsonParserTest (ClassNotFoundException: com.google.gson.functional.JsonParserTest)
8:55:22 PM PIT >> WARNING : Could not load com.google.gson.functional.JsonParserTest (ClassNotFoundException: com.google.gson.functional.JsonParserTest)
8:55:22 PM PIT >> WARNING : Could not load com.google.gson.functional.JsonParserTest (ClassNotFoundException: com.google.gson.functional.JsonParserTest)
8:55:22 PM PIT >> WARNING : Could not load com.google.gson.functional.JsonParserTest (ClassNotFoundException: com.google.gson.functional.JsonParserTest)
8:55:22 PM PIT >> WARNING : Could not load com.google.gson.functional.JsonParserTest (ClassNotFoundException: com.google.gson.functional.JsonParserTest)
8:55:22 PM PIT >> WARNING : Could not load com.google.gson.functional.JsonParserTest (ClassNotFoundException: com.google.gson.functional.JsonParserTest)
8:55:22 PM PIT >> WARNING : Could not load com.google.gson.functional.JsonTreeTest (ClassNotFoundException: com.google.gson.functional.JsonTreeTest)
8:55:22 PM PIT >> WARNING : Could not load com.google.gson.functional.JsonTreeTest (ClassNotFoundException: com.google.gson.functional.JsonTreeTest)
8:55:22 PM PIT >> WARNING : Could not load com.google.gson.functional.JsonTreeTest (ClassNotFoundException: com.google.gson.functional.JsonTreeTest)
8:55:22 PM PIT >> WARNING : Could not load com.google.gson.functional.JsonTreeTest (ClassNotFoundException: com.google.gson.functional.JsonTreeTest)
8:55:22 PM PIT >> WARNING : Could not load com.google.gson.functional.LeniencyTest (ClassNotFoundException: com.google.gson.functional.LeniencyTest)
8:55:22 PM PIT >> WARNING : Could not load com.google.gson.functional.MapAsArrayTypeAdapterTest (ClassNotFoundException: com.google.gson.functional.MapAsArrayTypeAdapterTest)
8:55:22 PM PIT >> WARNING : Could not load com.google.gson.functional.MapAsArrayTypeAdapterTest (ClassNotFoundException: com.google.gson.functional.MapAsArrayTypeAdapterTest)
8:55:22 PM PIT >> WARNING : Could not load com.google.gson.functional.MapAsArrayTypeAdapterTest (ClassNotFoundException: com.google.gson.functional.MapAsArrayTypeAdapterTest)
8:55:22 PM PIT >> WARNING : Could not load com.google.gson.functional.MapAsArrayTypeAdapterTest (ClassNotFoundException: com.google.gson.functional.MapAsArrayTypeAdapterTest)
8:55:22 PM PIT >> WARNING : Could not load com.google.gson.functional.MapAsArrayTypeAdapterTest (ClassNotFoundException: com.google.gson.functional.MapAsArrayTypeAdapterTest)
8:55:22 PM PIT >> WARNING : Could not load com.google.gson.functional.MapTest (ClassNotFoundException: com.google.gson.functional.MapTest)
8:55:22 PM PIT >> WARNING : Could not load com.google.gson.functional.MapTest (ClassNotFoundException: com.google.gson.functional.MapTest)
8:55:22 PM PIT >> WARNING : Could not load com.google.gson.functional.MapTest (ClassNotFoundException: com.google.gson.functional.MapTest)
8:55:22 PM PIT >> WARNING : Could not load com.google.gson.functional.MapTest (ClassNotFoundException: com.google.gson.functional.MapTest)
8:55:22 PM PIT >> WARNING : Could not load com.google.gson.functional.MapTest (ClassNotFoundException: com.google.gson.functional.MapTest)
8:55:22 PM PIT >> WARNING : Could not load com.google.gson.functional.MapTest (ClassNotFoundException: com.google.gson.functional.MapTest)
8:55:22 PM PIT >> WARNING : Could not load com.google.gson.functional.MapTest (ClassNotFoundException: com.google.gson.functional.MapTest)
8:55:22 PM PIT >> WARNING : Could not load com.google.gson.functional.MapTest (ClassNotFoundException: com.google.gson.functional.MapTest)
8:55:22 PM PIT >> WARNING : Could not load com.google.gson.functional.MapTest (ClassNotFoundException: com.google.gson.functional.MapTest)
8:55:22 PM PIT >> WARNING : Could not load com.google.gson.functional.MapTest (ClassNotFoundException: com.google.gson.functional.MapTest)
8:55:22 PM PIT >> WARNING : Could not load com.google.gson.functional.MapTest (ClassNotFoundException: com.google.gson.functional.MapTest)
8:55:22 PM PIT >> WARNING : Could not load com.google.gson.functional.MapTest (ClassNotFoundException: com.google.gson.functional.MapTest)
8:55:22 PM PIT >> WARNING : Could not load com.google.gson.functional.MapTest (ClassNotFoundException: com.google.gson.functional.MapTest)
8:55:22 PM PIT >> WARNING : Could not load com.google.gson.functional.MapTest (ClassNotFoundException: com.google.gson.functional.MapTest)
8:55:22 PM PIT >> WARNING : Could not load com.google.gson.functional.MapTest (ClassNotFoundException: com.google.gson.functional.MapTest)
8:55:22 PM PIT >> WARNING : Could not load com.google.gson.functional.MapTest (ClassNotFoundException: com.google.gson.functional.MapTest)
8:55:22 PM PIT >> WARNING : Could not load com.google.gson.functional.MapTest (ClassNotFoundException: com.google.gson.functional.MapTest)
8:55:22 PM PIT >> WARNING : Could not load com.google.gson.functional.MapTest (ClassNotFoundException: com.google.gson.functional.MapTest)
8:55:22 PM PIT >> WARNING : Could not load com.google.gson.functional.MapTest (ClassNotFoundException: com.google.gson.functional.MapTest)
8:55:22 PM PIT >> WARNING : Could not load com.google.gson.functional.MapTest (ClassNotFoundException: com.google.gson.functional.MapTest)
8:55:22 PM PIT >> WARNING : Could not load com.google.gson.functional.MapTest (ClassNotFoundException: com.google.gson.functional.MapTest)
8:55:22 PM PIT >> WARNING : Could not load com.google.gson.functional.MapTest (ClassNotFoundException: com.google.gson.functional.MapTest)
8:55:22 PM PIT >> WARNING : Could not load com.google.gson.functional.MapTest (ClassNotFoundException: com.google.gson.functional.MapTest)
8:55:22 PM PIT >> WARNING : Could not load com.google.gson.functional.MapTest (ClassNotFoundException: com.google.gson.functional.MapTest)
8:55:22 PM PIT >> WARNING : Could not load com.google.gson.functional.MapTest (ClassNotFoundException: com.google.gson.functional.MapTest)
8:55:22 PM PIT >> WARNING : Could not load com.google.gson.functional.MapTest (ClassNotFoundException: com.google.gson.functional.MapTest)
8:55:22 PM PIT >> WARNING : Could not load com.google.gson.functional.MapTest (ClassNotFoundException: com.google.gson.functional.MapTest)
8:55:22 PM PIT >> WARNING : Could not load com.google.gson.functional.MapTest (ClassNotFoundException: com.google.gson.functional.MapTest)
8:55:22 PM PIT >> WARNING : Could not load com.google.gson.functional.MapTest (ClassNotFoundException: com.google.gson.functional.MapTest)
8:55:22 PM PIT >> WARNING : Could not load com.google.gson.functional.MapTest (ClassNotFoundException: com.google.gson.functional.MapTest)
8:55:22 PM PIT >> WARNING : Could not load com.google.gson.functional.MapTest (ClassNotFoundException: com.google.gson.functional.MapTest)
8:55:22 PM PIT >> WARNING : Could not load com.google.gson.functional.MapTest (ClassNotFoundException: com.google.gson.functional.MapTest)
8:55:22 PM PIT >> WARNING : Could not load com.google.gson.functional.MapTest (ClassNotFoundException: com.google.gson.functional.MapTest)
8:55:22 PM PIT >> WARNING : Could not load com.google.gson.functional.MapTest (ClassNotFoundException: com.google.gson.functional.MapTest)
8:55:22 PM PIT >> WARNING : Could not load com.google.gson.functional.MapTest (ClassNotFoundException: com.google.gson.functional.MapTest)
8:55:22 PM PIT >> WARNING : Could not load com.google.gson.functional.MapTest (ClassNotFoundException: com.google.gson.functional.MapTest)
8:55:22 PM PIT >> WARNING : Could not load com.google.gson.functional.MapTest (ClassNotFoundException: com.google.gson.functional.MapTest)
8:55:22 PM PIT >> WARNING : Could not load com.google.gson.functional.MapTest (ClassNotFoundException: com.google.gson.functional.MapTest)
8:55:22 PM PIT >> WARNING : Could not load com.google.gson.functional.MapTest (ClassNotFoundException: com.google.gson.functional.MapTest)
8:55:22 PM PIT >> WARNING : Could not load com.google.gson.functional.MapTest (ClassNotFoundException: com.google.gson.functional.MapTest)
8:55:22 PM PIT >> WARNING : Could not load com.google.gson.functional.MapTest (ClassNotFoundException: com.google.gson.functional.MapTest)
8:55:22 PM PIT >> WARNING : Could not load com.google.gson.functional.MapTest (ClassNotFoundException: com.google.gson.functional.MapTest)
8:55:22 PM PIT >> WARNING : Could not load com.google.gson.functional.MapTest (ClassNotFoundException: com.google.gson.functional.MapTest)
8:55:22 PM PIT >> WARNING : Could not load com.google.gson.functional.MapTest (ClassNotFoundException: com.google.gson.functional.MapTest)
8:55:22 PM PIT >> WARNING : Could not load com.google.gson.functional.MapTest (ClassNotFoundException: com.google.gson.functional.MapTest)
8:55:22 PM PIT >> WARNING : Could not load com.google.gson.functional.MapTest (ClassNotFoundException: com.google.gson.functional.MapTest)
8:55:22 PM PIT >> WARNING : Could not load com.google.gson.functional.MapTest (ClassNotFoundException: com.google.gson.functional.MapTest)
8:55:22 PM PIT >> WARNING : Could not load com.google.gson.functional.MapTest (ClassNotFoundException: com.google.gson.functional.MapTest)
8:55:22 PM PIT >> WARNING : Could not load com.google.gson.functional.MoreSpecificTypeSerializationTest (ClassNotFoundException: com.google.gson.functional.MoreSpecificTypeSerializationTest)
8:55:22 PM PIT >> WARNING : Could not load com.google.gson.functional.MoreSpecificTypeSerializationTest (ClassNotFoundException: com.google.gson.functional.MoreSpecificTypeSerializationTest)
8:55:22 PM PIT >> WARNING : Could not load com.google.gson.functional.MoreSpecificTypeSerializationTest (ClassNotFoundException: com.google.gson.functional.MoreSpecificTypeSerializationTest)
8:55:22 PM PIT >> WARNING : Could not load com.google.gson.functional.MoreSpecificTypeSerializationTest (ClassNotFoundException: com.google.gson.functional.MoreSpecificTypeSerializationTest)
8:55:22 PM PIT >> WARNING : Could not load com.google.gson.functional.MoreSpecificTypeSerializationTest (ClassNotFoundException: com.google.gson.functional.MoreSpecificTypeSerializationTest)
8:55:22 PM PIT >> WARNING : Could not load com.google.gson.functional.MoreSpecificTypeSerializationTest (ClassNotFoundException: com.google.gson.functional.MoreSpecificTypeSerializationTest)
8:55:22 PM PIT >> WARNING : Could not load com.google.gson.functional.NamingPolicyTest (ClassNotFoundException: com.google.gson.functional.NamingPolicyTest)
8:55:22 PM PIT >> WARNING : Could not load com.google.gson.functional.NamingPolicyTest (ClassNotFoundException: com.google.gson.functional.NamingPolicyTest)
8:55:22 PM PIT >> WARNING : Could not load com.google.gson.functional.NamingPolicyTest (ClassNotFoundException: com.google.gson.functional.NamingPolicyTest)
8:55:22 PM PIT >> WARNING : Could not load com.google.gson.functional.NamingPolicyTest (ClassNotFoundException: com.google.gson.functional.NamingPolicyTest)
8:55:22 PM PIT >> WARNING : Could not load com.google.gson.functional.NamingPolicyTest (ClassNotFoundException: com.google.gson.functional.NamingPolicyTest)
8:55:22 PM PIT >> WARNING : Could not load com.google.gson.functional.NamingPolicyTest (ClassNotFoundException: com.google.gson.functional.NamingPolicyTest)
8:55:22 PM PIT >> WARNING : Could not load com.google.gson.functional.NamingPolicyTest (ClassNotFoundException: com.google.gson.functional.NamingPolicyTest)
8:55:22 PM PIT >> WARNING : Could not load com.google.gson.functional.NamingPolicyTest (ClassNotFoundException: com.google.gson.functional.NamingPolicyTest)
8:55:22 PM PIT >> WARNING : Could not load com.google.gson.functional.NamingPolicyTest (ClassNotFoundException: com.google.gson.functional.NamingPolicyTest)
8:55:22 PM PIT >> WARNING : Could not load com.google.gson.functional.NamingPolicyTest (ClassNotFoundException: com.google.gson.functional.NamingPolicyTest)
8:55:22 PM PIT >> WARNING : Could not load com.google.gson.functional.NamingPolicyTest (ClassNotFoundException: com.google.gson.functional.NamingPolicyTest)
8:55:22 PM PIT >> WARNING : Could not load com.google.gson.functional.NamingPolicyTest (ClassNotFoundException: com.google.gson.functional.NamingPolicyTest)
8:55:22 PM PIT >> WARNING : Could not load com.google.gson.functional.NamingPolicyTest (ClassNotFoundException: com.google.gson.functional.NamingPolicyTest)
8:55:22 PM PIT >> WARNING : Could not load com.google.gson.functional.NamingPolicyTest (ClassNotFoundException: com.google.gson.functional.NamingPolicyTest)
8:55:22 PM PIT >> WARNING : Could not load com.google.gson.functional.NullObjectAndFieldTest (ClassNotFoundException: com.google.gson.functional.NullObjectAndFieldTest)
8:55:22 PM PIT >> WARNING : Could not load com.google.gson.functional.NullObjectAndFieldTest (ClassNotFoundException: com.google.gson.functional.NullObjectAndFieldTest)
8:55:22 PM PIT >> WARNING : Could not load com.google.gson.functional.NullObjectAndFieldTest (ClassNotFoundException: com.google.gson.functional.NullObjectAndFieldTest)
8:55:22 PM PIT >> WARNING : Could not load com.google.gson.functional.NullObjectAndFieldTest (ClassNotFoundException: com.google.gson.functional.NullObjectAndFieldTest)
8:55:22 PM PIT >> WARNING : Could not load com.google.gson.functional.NullObjectAndFieldTest (ClassNotFoundException: com.google.gson.functional.NullObjectAndFieldTest)
8:55:22 PM PIT >> WARNING : Could not load com.google.gson.functional.NullObjectAndFieldTest (ClassNotFoundException: com.google.gson.functional.NullObjectAndFieldTest)
8:55:22 PM PIT >> WARNING : Could not load com.google.gson.functional.NullObjectAndFieldTest (ClassNotFoundException: com.google.gson.functional.NullObjectAndFieldTest)
8:55:22 PM PIT >> WARNING : Could not load com.google.gson.functional.NullObjectAndFieldTest (ClassNotFoundException: com.google.gson.functional.NullObjectAndFieldTest)
8:55:22 PM PIT >> WARNING : Could not load com.google.gson.functional.NullObjectAndFieldTest (ClassNotFoundException: com.google.gson.functional.NullObjectAndFieldTest)
8:55:22 PM PIT >> WARNING : Could not load com.google.gson.functional.NullObjectAndFieldTest (ClassNotFoundException: com.google.gson.functional.NullObjectAndFieldTest)
8:55:22 PM PIT >> WARNING : Could not load com.google.gson.functional.NullObjectAndFieldTest (ClassNotFoundException: com.google.gson.functional.NullObjectAndFieldTest)
8:55:22 PM PIT >> WARNING : Could not load com.google.gson.functional.NullObjectAndFieldTest (ClassNotFoundException: com.google.gson.functional.NullObjectAndFieldTest)
8:55:22 PM PIT >> WARNING : Could not load com.google.gson.functional.NullObjectAndFieldTest (ClassNotFoundException: com.google.gson.functional.NullObjectAndFieldTest)
8:55:22 PM PIT >> WARNING : Could not load com.google.gson.functional.NullObjectAndFieldTest (ClassNotFoundException: com.google.gson.functional.NullObjectAndFieldTest)
8:55:22 PM PIT >> WARNING : Could not load com.google.gson.functional.NullObjectAndFieldTest (ClassNotFoundException: com.google.gson.functional.NullObjectAndFieldTest)
8:55:22 PM PIT >> WARNING : Could not load com.google.gson.functional.NullObjectAndFieldTest (ClassNotFoundException: com.google.gson.functional.NullObjectAndFieldTest)
8:55:22 PM PIT >> WARNING : Could not load com.google.gson.functional.ObjectTest (ClassNotFoundException: com.google.gson.functional.ObjectTest)
8:55:22 PM PIT >> WARNING : Could not load com.google.gson.functional.ObjectTest (ClassNotFoundException: com.google.gson.functional.ObjectTest)
8:55:22 PM PIT >> WARNING : Could not load com.google.gson.functional.ObjectTest (ClassNotFoundException: com.google.gson.functional.ObjectTest)
8:55:22 PM PIT >> WARNING : Could not load com.google.gson.functional.ObjectTest (ClassNotFoundException: com.google.gson.functional.ObjectTest)
8:55:22 PM PIT >> WARNING : Could not load com.google.gson.functional.ObjectTest (ClassNotFoundException: com.google.gson.functional.ObjectTest)
8:55:22 PM PIT >> WARNING : Could not load com.google.gson.functional.ObjectTest (ClassNotFoundException: com.google.gson.functional.ObjectTest)
8:55:22 PM PIT >> WARNING : Could not load com.google.gson.functional.ObjectTest (ClassNotFoundException: com.google.gson.functional.ObjectTest)
8:55:22 PM PIT >> WARNING : Could not load com.google.gson.functional.ObjectTest (ClassNotFoundException: com.google.gson.functional.ObjectTest)
8:55:22 PM PIT >> WARNING : Could not load com.google.gson.functional.ObjectTest (ClassNotFoundException: com.google.gson.functional.ObjectTest)
8:55:22 PM PIT >> WARNING : Could not load com.google.gson.functional.ObjectTest (ClassNotFoundException: com.google.gson.functional.ObjectTest)
8:55:22 PM PIT >> WARNING : Could not load com.google.gson.functional.ObjectTest (ClassNotFoundException: com.google.gson.functional.ObjectTest)
8:55:22 PM PIT >> WARNING : Could not load com.google.gson.functional.ObjectTest (ClassNotFoundException: com.google.gson.functional.ObjectTest)
8:55:22 PM PIT >> WARNING : Could not load com.google.gson.functional.ObjectTest (ClassNotFoundException: com.google.gson.functional.ObjectTest)
8:55:22 PM PIT >> WARNING : Could not load com.google.gson.functional.ObjectTest (ClassNotFoundException: com.google.gson.functional.ObjectTest)
8:55:22 PM PIT >> WARNING : Could not load com.google.gson.functional.ObjectTest (ClassNotFoundException: com.google.gson.functional.ObjectTest)
8:55:22 PM PIT >> WARNING : Could not load com.google.gson.functional.ObjectTest (ClassNotFoundException: com.google.gson.functional.ObjectTest)
8:55:22 PM PIT >> WARNING : Could not load com.google.gson.functional.ObjectTest (ClassNotFoundException: com.google.gson.functional.ObjectTest)
8:55:22 PM PIT >> WARNING : Could not load com.google.gson.functional.ObjectTest (ClassNotFoundException: com.google.gson.functional.ObjectTest)
8:55:22 PM PIT >> WARNING : Could not load com.google.gson.functional.ObjectTest (ClassNotFoundException: com.google.gson.functional.ObjectTest)
8:55:22 PM PIT >> WARNING : Could not load com.google.gson.functional.ObjectTest (ClassNotFoundException: com.google.gson.functional.ObjectTest)
8:55:22 PM PIT >> WARNING : Could not load com.google.gson.functional.ObjectTest (ClassNotFoundException: com.google.gson.functional.ObjectTest)
8:55:22 PM PIT >> WARNING : Could not load com.google.gson.functional.ObjectTest (ClassNotFoundException: com.google.gson.functional.ObjectTest)
8:55:22 PM PIT >> WARNING : Could not load com.google.gson.functional.ObjectTest (ClassNotFoundException: com.google.gson.functional.ObjectTest)
8:55:22 PM PIT >> WARNING : Could not load com.google.gson.functional.ObjectTest (ClassNotFoundException: com.google.gson.functional.ObjectTest)
8:55:22 PM PIT >> WARNING : Could not load com.google.gson.functional.ObjectTest (ClassNotFoundException: com.google.gson.functional.ObjectTest)
8:55:22 PM PIT >> WARNING : Could not load com.google.gson.functional.ObjectTest (ClassNotFoundException: com.google.gson.functional.ObjectTest)
8:55:22 PM PIT >> WARNING : Could not load com.google.gson.functional.ObjectTest (ClassNotFoundException: com.google.gson.functional.ObjectTest)
8:55:22 PM PIT >> WARNING : Could not load com.google.gson.functional.ObjectTest (ClassNotFoundException: com.google.gson.functional.ObjectTest)
8:55:22 PM PIT >> WARNING : Could not load com.google.gson.functional.ObjectTest (ClassNotFoundException: com.google.gson.functional.ObjectTest)
8:55:22 PM PIT >> WARNING : Could not load com.google.gson.functional.ObjectTest (ClassNotFoundException: com.google.gson.functional.ObjectTest)
8:55:22 PM PIT >> WARNING : Could not load com.google.gson.functional.ObjectTest (ClassNotFoundException: com.google.gson.functional.ObjectTest)
8:55:22 PM PIT >> WARNING : Could not load com.google.gson.functional.ObjectTest (ClassNotFoundException: com.google.gson.functional.ObjectTest)
8:55:22 PM PIT >> WARNING : Could not load com.google.gson.functional.ObjectTest (ClassNotFoundException: com.google.gson.functional.ObjectTest)
8:55:22 PM PIT >> WARNING : Could not load com.google.gson.functional.ObjectTest (ClassNotFoundException: com.google.gson.functional.ObjectTest)
8:55:22 PM PIT >> WARNING : Could not load com.google.gson.functional.ObjectTest (ClassNotFoundException: com.google.gson.functional.ObjectTest)
8:55:22 PM PIT >> WARNING : Could not load com.google.gson.functional.ObjectTest (ClassNotFoundException: com.google.gson.functional.ObjectTest)
8:55:22 PM PIT >> WARNING : Could not load com.google.gson.functional.ObjectTest (ClassNotFoundException: com.google.gson.functional.ObjectTest)
8:55:22 PM PIT >> WARNING : Could not load com.google.gson.functional.ObjectTest (ClassNotFoundException: com.google.gson.functional.ObjectTest)
8:55:22 PM PIT >> WARNING : Could not load com.google.gson.functional.ObjectTest (ClassNotFoundException: com.google.gson.functional.ObjectTest)
8:55:22 PM PIT >> WARNING : Could not load com.google.gson.functional.ObjectTest (ClassNotFoundException: com.google.gson.functional.ObjectTest)
8:55:22 PM PIT >> WARNING : Could not load com.google.gson.functional.ObjectTest (ClassNotFoundException: com.google.gson.functional.ObjectTest)
8:55:22 PM PIT >> WARNING : Could not load com.google.gson.functional.ObjectTest (ClassNotFoundException: com.google.gson.functional.ObjectTest)
8:55:22 PM PIT >> WARNING : Could not load com.google.gson.functional.ObjectTest (ClassNotFoundException: com.google.gson.functional.ObjectTest)
8:55:22 PM PIT >> WARNING : Could not load com.google.gson.functional.ObjectTest (ClassNotFoundException: com.google.gson.functional.ObjectTest)
8:55:22 PM PIT >> WARNING : Could not load com.google.gson.functional.ParameterizedTypesTest (ClassNotFoundException: com.google.gson.functional.ParameterizedTypesTest)
8:55:22 PM PIT >> WARNING : Could not load com.google.gson.functional.ParameterizedTypesTest (ClassNotFoundException: com.google.gson.functional.ParameterizedTypesTest)
8:55:22 PM PIT >> WARNING : Could not load com.google.gson.functional.ParameterizedTypesTest (ClassNotFoundException: com.google.gson.functional.ParameterizedTypesTest)
8:55:22 PM PIT >> WARNING : Could not load com.google.gson.functional.ParameterizedTypesTest (ClassNotFoundException: com.google.gson.functional.ParameterizedTypesTest)
8:55:22 PM PIT >> WARNING : Could not load com.google.gson.functional.ParameterizedTypesTest (ClassNotFoundException: com.google.gson.functional.ParameterizedTypesTest)
8:55:22 PM PIT >> WARNING : Could not load com.google.gson.functional.ParameterizedTypesTest (ClassNotFoundException: com.google.gson.functional.ParameterizedTypesTest)
8:55:22 PM PIT >> WARNING : Could not load com.google.gson.functional.ParameterizedTypesTest (ClassNotFoundException: com.google.gson.functional.ParameterizedTypesTest)
8:55:22 PM PIT >> WARNING : Could not load com.google.gson.functional.ParameterizedTypesTest (ClassNotFoundException: com.google.gson.functional.ParameterizedTypesTest)
8:55:22 PM PIT >> WARNING : Could not load com.google.gson.functional.ParameterizedTypesTest (ClassNotFoundException: com.google.gson.functional.ParameterizedTypesTest)
8:55:22 PM PIT >> WARNING : Could not load com.google.gson.functional.ParameterizedTypesTest (ClassNotFoundException: com.google.gson.functional.ParameterizedTypesTest)
8:55:22 PM PIT >> WARNING : Could not load com.google.gson.functional.ParameterizedTypesTest (ClassNotFoundException: com.google.gson.functional.ParameterizedTypesTest)
8:55:22 PM PIT >> WARNING : Could not load com.google.gson.functional.ParameterizedTypesTest (ClassNotFoundException: com.google.gson.functional.ParameterizedTypesTest)
8:55:22 PM PIT >> WARNING : Could not load com.google.gson.functional.ParameterizedTypesTest (ClassNotFoundException: com.google.gson.functional.ParameterizedTypesTest)
8:55:22 PM PIT >> WARNING : Could not load com.google.gson.functional.ParameterizedTypesTest (ClassNotFoundException: com.google.gson.functional.ParameterizedTypesTest)
8:55:22 PM PIT >> WARNING : Could not load com.google.gson.functional.ParameterizedTypesTest (ClassNotFoundException: com.google.gson.functional.ParameterizedTypesTest)
8:55:22 PM PIT >> WARNING : Could not load com.google.gson.functional.ParameterizedTypesTest (ClassNotFoundException: com.google.gson.functional.ParameterizedTypesTest)
8:55:22 PM PIT >> WARNING : Could not load com.google.gson.functional.ParameterizedTypesTest (ClassNotFoundException: com.google.gson.functional.ParameterizedTypesTest)
8:55:22 PM PIT >> WARNING : Could not load com.google.gson.functional.PrettyPrintingTest (ClassNotFoundException: com.google.gson.functional.PrettyPrintingTest)
8:55:22 PM PIT >> WARNING : Could not load com.google.gson.functional.PrettyPrintingTest (ClassNotFoundException: com.google.gson.functional.PrettyPrintingTest)
8:55:22 PM PIT >> WARNING : Could not load com.google.gson.functional.PrettyPrintingTest (ClassNotFoundException: com.google.gson.functional.PrettyPrintingTest)
8:55:22 PM PIT >> WARNING : Could not load com.google.gson.functional.PrettyPrintingTest (ClassNotFoundException: com.google.gson.functional.PrettyPrintingTest)
8:55:22 PM PIT >> WARNING : Could not load com.google.gson.functional.PrettyPrintingTest (ClassNotFoundException: com.google.gson.functional.PrettyPrintingTest)
8:55:22 PM PIT >> WARNING : Could not load com.google.gson.functional.PrettyPrintingTest (ClassNotFoundException: com.google.gson.functional.PrettyPrintingTest)
8:55:22 PM PIT >> WARNING : Could not load com.google.gson.functional.PrettyPrintingTest (ClassNotFoundException: com.google.gson.functional.PrettyPrintingTest)
8:55:22 PM PIT >> WARNING : Could not load com.google.gson.functional.PrettyPrintingTest (ClassNotFoundException: com.google.gson.functional.PrettyPrintingTest)
8:55:22 PM PIT >> WARNING : Could not load com.google.gson.functional.PrimitiveCharacterTest (ClassNotFoundException: com.google.gson.functional.PrimitiveCharacterTest)
8:55:22 PM PIT >> WARNING : Could not load com.google.gson.functional.PrimitiveCharacterTest (ClassNotFoundException: com.google.gson.functional.PrimitiveCharacterTest)
8:55:22 PM PIT >> WARNING : Could not load com.google.gson.functional.PrimitiveTest (ClassNotFoundException: com.google.gson.functional.PrimitiveTest)
8:55:22 PM PIT >> WARNING : Could not load com.google.gson.functional.PrimitiveTest (ClassNotFoundException: com.google.gson.functional.PrimitiveTest)
8:55:22 PM PIT >> WARNING : Could not load com.google.gson.functional.PrimitiveTest (ClassNotFoundException: com.google.gson.functional.PrimitiveTest)
8:55:22 PM PIT >> WARNING : Could not load com.google.gson.functional.PrimitiveTest (ClassNotFoundException: com.google.gson.functional.PrimitiveTest)
8:55:22 PM PIT >> WARNING : Could not load com.google.gson.functional.PrimitiveTest (ClassNotFoundException: com.google.gson.functional.PrimitiveTest)
8:55:22 PM PIT >> WARNING : Could not load com.google.gson.functional.PrimitiveTest (ClassNotFoundException: com.google.gson.functional.PrimitiveTest)
8:55:22 PM PIT >> WARNING : Could not load com.google.gson.functional.PrimitiveTest (ClassNotFoundException: com.google.gson.functional.PrimitiveTest)
8:55:22 PM PIT >> WARNING : Could not load com.google.gson.functional.PrimitiveTest (ClassNotFoundException: com.google.gson.functional.PrimitiveTest)
8:55:22 PM PIT >> WARNING : Could not load com.google.gson.functional.PrimitiveTest (ClassNotFoundException: com.google.gson.functional.PrimitiveTest)
8:55:22 PM PIT >> WARNING : Could not load com.google.gson.functional.PrimitiveTest (ClassNotFoundException: com.google.gson.functional.PrimitiveTest)
8:55:22 PM PIT >> WARNING : Could not load com.google.gson.functional.PrimitiveTest (ClassNotFoundException: com.google.gson.functional.PrimitiveTest)
8:55:22 PM PIT >> WARNING : Could not load com.google.gson.functional.PrimitiveTest (ClassNotFoundException: com.google.gson.functional.PrimitiveTest)
8:55:22 PM PIT >> WARNING : Could not load com.google.gson.functional.PrimitiveTest (ClassNotFoundException: com.google.gson.functional.PrimitiveTest)
8:55:22 PM PIT >> WARNING : Could not load com.google.gson.functional.PrimitiveTest (ClassNotFoundException: com.google.gson.functional.PrimitiveTest)
8:55:22 PM PIT >> WARNING : Could not load com.google.gson.functional.PrimitiveTest (ClassNotFoundException: com.google.gson.functional.PrimitiveTest)
8:55:22 PM PIT >> WARNING : Could not load com.google.gson.functional.PrimitiveTest (ClassNotFoundException: com.google.gson.functional.PrimitiveTest)
8:55:22 PM PIT >> WARNING : Could not load com.google.gson.functional.PrimitiveTest (ClassNotFoundException: com.google.gson.functional.PrimitiveTest)
8:55:22 PM PIT >> WARNING : Could not load com.google.gson.functional.PrimitiveTest (ClassNotFoundException: com.google.gson.functional.PrimitiveTest)
8:55:22 PM PIT >> WARNING : Could not load com.google.gson.functional.PrimitiveTest (ClassNotFoundException: com.google.gson.functional.PrimitiveTest)
8:55:22 PM PIT >> WARNING : Could not load com.google.gson.functional.PrimitiveTest (ClassNotFoundException: com.google.gson.functional.PrimitiveTest)
8:55:22 PM PIT >> WARNING : Could not load com.google.gson.functional.PrimitiveTest (ClassNotFoundException: com.google.gson.functional.PrimitiveTest)
8:55:22 PM PIT >> WARNING : Could not load com.google.gson.functional.PrimitiveTest (ClassNotFoundException: com.google.gson.functional.PrimitiveTest)
8:55:22 PM PIT >> WARNING : Could not load com.google.gson.functional.PrimitiveTest (ClassNotFoundException: com.google.gson.functional.PrimitiveTest)
8:55:22 PM PIT >> WARNING : Could not load com.google.gson.functional.PrimitiveTest (ClassNotFoundException: com.google.gson.functional.PrimitiveTest)
8:55:22 PM PIT >> WARNING : Could not load com.google.gson.functional.PrimitiveTest (ClassNotFoundException: com.google.gson.functional.PrimitiveTest)
8:55:22 PM PIT >> WARNING : Could not load com.google.gson.functional.PrimitiveTest (ClassNotFoundException: com.google.gson.functional.PrimitiveTest)
8:55:22 PM PIT >> WARNING : Could not load com.google.gson.functional.PrimitiveTest (ClassNotFoundException: com.google.gson.functional.PrimitiveTest)
8:55:22 PM PIT >> WARNING : Could not load com.google.gson.functional.PrimitiveTest (ClassNotFoundException: com.google.gson.functional.PrimitiveTest)
8:55:22 PM PIT >> WARNING : Could not load com.google.gson.functional.PrimitiveTest (ClassNotFoundException: com.google.gson.functional.PrimitiveTest)
8:55:22 PM PIT >> WARNING : Could not load com.google.gson.functional.PrimitiveTest (ClassNotFoundException: com.google.gson.functional.PrimitiveTest)
8:55:22 PM PIT >> WARNING : Could not load com.google.gson.functional.PrimitiveTest (ClassNotFoundException: com.google.gson.functional.PrimitiveTest)
8:55:22 PM PIT >> WARNING : Could not load com.google.gson.functional.PrimitiveTest (ClassNotFoundException: com.google.gson.functional.PrimitiveTest)
8:55:22 PM PIT >> WARNING : Could not load com.google.gson.functional.PrimitiveTest (ClassNotFoundException: com.google.gson.functional.PrimitiveTest)
8:55:22 PM PIT >> WARNING : Could not load com.google.gson.functional.PrimitiveTest (ClassNotFoundException: com.google.gson.functional.PrimitiveTest)
8:55:22 PM PIT >> WARNING : Could not load com.google.gson.functional.PrimitiveTest (ClassNotFoundException: com.google.gson.functional.PrimitiveTest)
8:55:22 PM PIT >> WARNING : Could not load com.google.gson.functional.PrimitiveTest (ClassNotFoundException: com.google.gson.functional.PrimitiveTest)
8:55:22 PM PIT >> WARNING : Could not load com.google.gson.functional.PrimitiveTest (ClassNotFoundException: com.google.gson.functional.PrimitiveTest)
8:55:22 PM PIT >> WARNING : Could not load com.google.gson.functional.PrimitiveTest (ClassNotFoundException: com.google.gson.functional.PrimitiveTest)
8:55:22 PM PIT >> WARNING : Could not load com.google.gson.functional.PrimitiveTest (ClassNotFoundException: com.google.gson.functional.PrimitiveTest)
8:55:22 PM PIT >> WARNING : Could not load com.google.gson.functional.PrimitiveTest (ClassNotFoundException: com.google.gson.functional.PrimitiveTest)
8:55:22 PM PIT >> WARNING : Could not load com.google.gson.functional.PrimitiveTest (ClassNotFoundException: com.google.gson.functional.PrimitiveTest)
8:55:22 PM PIT >> WARNING : Could not load com.google.gson.functional.PrimitiveTest (ClassNotFoundException: com.google.gson.functional.PrimitiveTest)
8:55:22 PM PIT >> WARNING : Could not load com.google.gson.functional.PrimitiveTest (ClassNotFoundException: com.google.gson.functional.PrimitiveTest)
8:55:22 PM PIT >> WARNING : Could not load com.google.gson.functional.PrimitiveTest (ClassNotFoundException: com.google.gson.functional.PrimitiveTest)
8:55:22 PM PIT >> WARNING : Could not load com.google.gson.functional.PrimitiveTest (ClassNotFoundException: com.google.gson.functional.PrimitiveTest)
8:55:22 PM PIT >> WARNING : Could not load com.google.gson.functional.PrimitiveTest (ClassNotFoundException: com.google.gson.functional.PrimitiveTest)
8:55:22 PM PIT >> WARNING : Could not load com.google.gson.functional.PrimitiveTest (ClassNotFoundException: com.google.gson.functional.PrimitiveTest)
8:55:22 PM PIT >> WARNING : Could not load com.google.gson.functional.PrimitiveTest (ClassNotFoundException: com.google.gson.functional.PrimitiveTest)
8:55:22 PM PIT >> WARNING : Could not load com.google.gson.functional.PrimitiveTest (ClassNotFoundException: com.google.gson.functional.PrimitiveTest)
8:55:22 PM PIT >> WARNING : Could not load com.google.gson.functional.PrimitiveTest (ClassNotFoundException: com.google.gson.functional.PrimitiveTest)
8:55:22 PM PIT >> WARNING : Could not load com.google.gson.functional.PrimitiveTest (ClassNotFoundException: com.google.gson.functional.PrimitiveTest)
8:55:22 PM PIT >> WARNING : Could not load com.google.gson.functional.PrimitiveTest (ClassNotFoundException: com.google.gson.functional.PrimitiveTest)
8:55:22 PM PIT >> WARNING : Could not load com.google.gson.functional.PrimitiveTest (ClassNotFoundException: com.google.gson.functional.PrimitiveTest)
8:55:22 PM PIT >> WARNING : Could not load com.google.gson.functional.PrimitiveTest (ClassNotFoundException: com.google.gson.functional.PrimitiveTest)
8:55:22 PM PIT >> WARNING : Could not load com.google.gson.functional.PrimitiveTest (ClassNotFoundException: com.google.gson.functional.PrimitiveTest)
8:55:22 PM PIT >> WARNING : Could not load com.google.gson.functional.PrimitiveTest (ClassNotFoundException: com.google.gson.functional.PrimitiveTest)
8:55:22 PM PIT >> WARNING : Could not load com.google.gson.functional.PrimitiveTest (ClassNotFoundException: com.google.gson.functional.PrimitiveTest)
8:55:22 PM PIT >> WARNING : Could not load com.google.gson.functional.PrimitiveTest (ClassNotFoundException: com.google.gson.functional.PrimitiveTest)
8:55:22 PM PIT >> WARNING : Could not load com.google.gson.functional.PrimitiveTest (ClassNotFoundException: com.google.gson.functional.PrimitiveTest)
8:55:22 PM PIT >> WARNING : Could not load com.google.gson.functional.PrimitiveTest (ClassNotFoundException: com.google.gson.functional.PrimitiveTest)
8:55:22 PM PIT >> WARNING : Could not load com.google.gson.functional.PrimitiveTest (ClassNotFoundException: com.google.gson.functional.PrimitiveTest)
8:55:22 PM PIT >> WARNING : Could not load com.google.gson.functional.PrimitiveTest (ClassNotFoundException: com.google.gson.functional.PrimitiveTest)
8:55:22 PM PIT >> WARNING : Could not load com.google.gson.functional.PrimitiveTest (ClassNotFoundException: com.google.gson.functional.PrimitiveTest)
8:55:22 PM PIT >> WARNING : Could not load com.google.gson.functional.PrimitiveTest (ClassNotFoundException: com.google.gson.functional.PrimitiveTest)
8:55:22 PM PIT >> WARNING : Could not load com.google.gson.functional.PrimitiveTest (ClassNotFoundException: com.google.gson.functional.PrimitiveTest)
8:55:22 PM PIT >> WARNING : Could not load com.google.gson.functional.PrimitiveTest (ClassNotFoundException: com.google.gson.functional.PrimitiveTest)
8:55:22 PM PIT >> WARNING : Could not load com.google.gson.functional.PrimitiveTest (ClassNotFoundException: com.google.gson.functional.PrimitiveTest)
8:55:22 PM PIT >> WARNING : Could not load com.google.gson.functional.PrimitiveTest (ClassNotFoundException: com.google.gson.functional.PrimitiveTest)
8:55:22 PM PIT >> WARNING : Could not load com.google.gson.functional.PrimitiveTest (ClassNotFoundException: com.google.gson.functional.PrimitiveTest)
8:55:22 PM PIT >> WARNING : Could not load com.google.gson.functional.PrimitiveTest (ClassNotFoundException: com.google.gson.functional.PrimitiveTest)
8:55:22 PM PIT >> WARNING : Could not load com.google.gson.functional.PrimitiveTest (ClassNotFoundException: com.google.gson.functional.PrimitiveTest)
8:55:22 PM PIT >> WARNING : Could not load com.google.gson.functional.PrimitiveTest (ClassNotFoundException: com.google.gson.functional.PrimitiveTest)
8:55:22 PM PIT >> WARNING : Could not load com.google.gson.functional.PrimitiveTest (ClassNotFoundException: com.google.gson.functional.PrimitiveTest)
8:55:22 PM PIT >> WARNING : Could not load com.google.gson.functional.PrimitiveTest (ClassNotFoundException: com.google.gson.functional.PrimitiveTest)
8:55:22 PM PIT >> WARNING : Could not load com.google.gson.functional.PrimitiveTest (ClassNotFoundException: com.google.gson.functional.PrimitiveTest)
8:55:22 PM PIT >> WARNING : Could not load com.google.gson.functional.PrimitiveTest (ClassNotFoundException: com.google.gson.functional.PrimitiveTest)
8:55:22 PM PIT >> WARNING : Could not load com.google.gson.functional.PrimitiveTest (ClassNotFoundException: com.google.gson.functional.PrimitiveTest)
8:55:22 PM PIT >> WARNING : Could not load com.google.gson.functional.PrimitiveTest (ClassNotFoundException: com.google.gson.functional.PrimitiveTest)
8:55:22 PM PIT >> WARNING : Could not load com.google.gson.functional.PrimitiveTest (ClassNotFoundException: com.google.gson.functional.PrimitiveTest)
8:55:22 PM PIT >> WARNING : Could not load com.google.gson.functional.PrimitiveTest (ClassNotFoundException: com.google.gson.functional.PrimitiveTest)
8:55:22 PM PIT >> WARNING : Could not load com.google.gson.functional.PrimitiveTest (ClassNotFoundException: com.google.gson.functional.PrimitiveTest)
8:55:22 PM PIT >> WARNING : Could not load com.google.gson.functional.PrimitiveTest (ClassNotFoundException: com.google.gson.functional.PrimitiveTest)
8:55:22 PM PIT >> WARNING : Could not load com.google.gson.functional.PrimitiveTest (ClassNotFoundException: com.google.gson.functional.PrimitiveTest)
8:55:22 PM PIT >> WARNING : Could not load com.google.gson.functional.PrimitiveTest (ClassNotFoundException: com.google.gson.functional.PrimitiveTest)
8:55:22 PM PIT >> WARNING : Could not load com.google.gson.functional.PrimitiveTest (ClassNotFoundException: com.google.gson.functional.PrimitiveTest)
8:55:22 PM PIT >> WARNING : Could not load com.google.gson.functional.PrimitiveTest (ClassNotFoundException: com.google.gson.functional.PrimitiveTest)
8:55:22 PM PIT >> WARNING : Could not load com.google.gson.functional.PrimitiveTest (ClassNotFoundException: com.google.gson.functional.PrimitiveTest)
8:55:22 PM PIT >> WARNING : Could not load com.google.gson.functional.PrimitiveTest (ClassNotFoundException: com.google.gson.functional.PrimitiveTest)
8:55:22 PM PIT >> WARNING : Could not load com.google.gson.functional.PrimitiveTest (ClassNotFoundException: com.google.gson.functional.PrimitiveTest)
8:55:22 PM PIT >> WARNING : Could not load com.google.gson.functional.PrimitiveTest (ClassNotFoundException: com.google.gson.functional.PrimitiveTest)
8:55:22 PM PIT >> WARNING : Could not load com.google.gson.functional.PrimitiveTest (ClassNotFoundException: com.google.gson.functional.PrimitiveTest)
8:55:22 PM PIT >> WARNING : Could not load com.google.gson.functional.PrimitiveTest (ClassNotFoundException: com.google.gson.functional.PrimitiveTest)
8:55:22 PM PIT >> WARNING : Could not load com.google.gson.functional.PrimitiveTest (ClassNotFoundException: com.google.gson.functional.PrimitiveTest)
8:55:22 PM PIT >> WARNING : Could not load com.google.gson.functional.PrimitiveTest (ClassNotFoundException: com.google.gson.functional.PrimitiveTest)
8:55:22 PM PIT >> WARNING : Could not load com.google.gson.functional.PrimitiveTest (ClassNotFoundException: com.google.gson.functional.PrimitiveTest)
8:55:22 PM PIT >> WARNING : Could not load com.google.gson.functional.PrimitiveTest (ClassNotFoundException: com.google.gson.functional.PrimitiveTest)
8:55:22 PM PIT >> WARNING : Could not load com.google.gson.functional.PrimitiveTest (ClassNotFoundException: com.google.gson.functional.PrimitiveTest)
8:55:22 PM PIT >> WARNING : Could not load com.google.gson.functional.PrimitiveTest (ClassNotFoundException: com.google.gson.functional.PrimitiveTest)
8:55:22 PM PIT >> WARNING : Could not load com.google.gson.functional.PrimitiveTest (ClassNotFoundException: com.google.gson.functional.PrimitiveTest)
8:55:22 PM PIT >> WARNING : Could not load com.google.gson.functional.PrintFormattingTest (ClassNotFoundException: com.google.gson.functional.PrintFormattingTest)
8:55:22 PM PIT >> WARNING : Could not load com.google.gson.functional.PrintFormattingTest (ClassNotFoundException: com.google.gson.functional.PrintFormattingTest)
8:55:22 PM PIT >> WARNING : Could not load com.google.gson.functional.PrintFormattingTest (ClassNotFoundException: com.google.gson.functional.PrintFormattingTest)
8:55:22 PM PIT >> WARNING : Could not load com.google.gson.functional.RawSerializationTest (ClassNotFoundException: com.google.gson.functional.RawSerializationTest)
8:55:22 PM PIT >> WARNING : Could not load com.google.gson.functional.RawSerializationTest (ClassNotFoundException: com.google.gson.functional.RawSerializationTest)
8:55:22 PM PIT >> WARNING : Could not load com.google.gson.functional.RawSerializationTest (ClassNotFoundException: com.google.gson.functional.RawSerializationTest)
8:55:22 PM PIT >> WARNING : Could not load com.google.gson.functional.RawSerializationTest (ClassNotFoundException: com.google.gson.functional.RawSerializationTest)
8:55:22 PM PIT >> WARNING : Could not load com.google.gson.functional.RawSerializationTest (ClassNotFoundException: com.google.gson.functional.RawSerializationTest)
8:55:22 PM PIT >> WARNING : Could not load com.google.gson.functional.ReadersWritersTest (ClassNotFoundException: com.google.gson.functional.ReadersWritersTest)
8:55:22 PM PIT >> WARNING : Could not load com.google.gson.functional.ReadersWritersTest (ClassNotFoundException: com.google.gson.functional.ReadersWritersTest)
8:55:22 PM PIT >> WARNING : Could not load com.google.gson.functional.ReadersWritersTest (ClassNotFoundException: com.google.gson.functional.ReadersWritersTest)
8:55:22 PM PIT >> WARNING : Could not load com.google.gson.functional.ReadersWritersTest (ClassNotFoundException: com.google.gson.functional.ReadersWritersTest)
8:55:22 PM PIT >> WARNING : Could not load com.google.gson.functional.ReadersWritersTest (ClassNotFoundException: com.google.gson.functional.ReadersWritersTest)
8:55:22 PM PIT >> WARNING : Could not load com.google.gson.functional.ReadersWritersTest (ClassNotFoundException: com.google.gson.functional.ReadersWritersTest)
8:55:22 PM PIT >> WARNING : Could not load com.google.gson.functional.ReadersWritersTest (ClassNotFoundException: com.google.gson.functional.ReadersWritersTest)
8:55:22 PM PIT >> WARNING : Could not load com.google.gson.functional.ReadersWritersTest (ClassNotFoundException: com.google.gson.functional.ReadersWritersTest)
8:55:22 PM PIT >> WARNING : Could not load com.google.gson.functional.ReadersWritersTest (ClassNotFoundException: com.google.gson.functional.ReadersWritersTest)
8:55:22 PM PIT >> WARNING : Could not load com.google.gson.functional.ReadersWritersTest (ClassNotFoundException: com.google.gson.functional.ReadersWritersTest)
8:55:22 PM PIT >> WARNING : Could not load com.google.gson.functional.RuntimeTypeAdapterFactoryFunctionalTest (ClassNotFoundException: com.google.gson.functional.RuntimeTypeAdapterFactoryFunctionalTest)
8:55:22 PM PIT >> WARNING : Could not load com.google.gson.functional.SecurityTest (ClassNotFoundException: com.google.gson.functional.SecurityTest)
8:55:22 PM PIT >> WARNING : Could not load com.google.gson.functional.SecurityTest (ClassNotFoundException: com.google.gson.functional.SecurityTest)
8:55:22 PM PIT >> WARNING : Could not load com.google.gson.functional.SecurityTest (ClassNotFoundException: com.google.gson.functional.SecurityTest)
8:55:22 PM PIT >> WARNING : Could not load com.google.gson.functional.SecurityTest (ClassNotFoundException: com.google.gson.functional.SecurityTest)
8:55:22 PM PIT >> WARNING : Could not load com.google.gson.functional.SecurityTest (ClassNotFoundException: com.google.gson.functional.SecurityTest)
8:55:22 PM PIT >> WARNING : Could not load com.google.gson.functional.SerializedNameTest (ClassNotFoundException: com.google.gson.functional.SerializedNameTest)
8:55:22 PM PIT >> WARNING : Could not load com.google.gson.functional.SerializedNameTest (ClassNotFoundException: com.google.gson.functional.SerializedNameTest)
8:55:22 PM PIT >> WARNING : Could not load com.google.gson.functional.SerializedNameTest (ClassNotFoundException: com.google.gson.functional.SerializedNameTest)
8:55:22 PM PIT >> WARNING : Could not load com.google.gson.functional.StreamingTypeAdaptersTest (ClassNotFoundException: com.google.gson.functional.StreamingTypeAdaptersTest)
8:55:22 PM PIT >> WARNING : Could not load com.google.gson.functional.StreamingTypeAdaptersTest (ClassNotFoundException: com.google.gson.functional.StreamingTypeAdaptersTest)
8:55:22 PM PIT >> WARNING : Could not load com.google.gson.functional.StreamingTypeAdaptersTest (ClassNotFoundException: com.google.gson.functional.StreamingTypeAdaptersTest)
8:55:22 PM PIT >> WARNING : Could not load com.google.gson.functional.StreamingTypeAdaptersTest (ClassNotFoundException: com.google.gson.functional.StreamingTypeAdaptersTest)
8:55:22 PM PIT >> WARNING : Could not load com.google.gson.functional.StreamingTypeAdaptersTest (ClassNotFoundException: com.google.gson.functional.StreamingTypeAdaptersTest)
8:55:22 PM PIT >> WARNING : Could not load com.google.gson.functional.StreamingTypeAdaptersTest (ClassNotFoundException: com.google.gson.functional.StreamingTypeAdaptersTest)
8:55:22 PM PIT >> WARNING : Could not load com.google.gson.functional.StreamingTypeAdaptersTest (ClassNotFoundException: com.google.gson.functional.StreamingTypeAdaptersTest)
8:55:22 PM PIT >> WARNING : Could not load com.google.gson.functional.StreamingTypeAdaptersTest (ClassNotFoundException: com.google.gson.functional.StreamingTypeAdaptersTest)
8:55:22 PM PIT >> WARNING : Could not load com.google.gson.functional.StreamingTypeAdaptersTest (ClassNotFoundException: com.google.gson.functional.StreamingTypeAdaptersTest)
8:55:22 PM PIT >> WARNING : Could not load com.google.gson.functional.StreamingTypeAdaptersTest (ClassNotFoundException: com.google.gson.functional.StreamingTypeAdaptersTest)
8:55:22 PM PIT >> WARNING : Could not load com.google.gson.functional.StreamingTypeAdaptersTest (ClassNotFoundException: com.google.gson.functional.StreamingTypeAdaptersTest)
8:55:22 PM PIT >> WARNING : Could not load com.google.gson.functional.StreamingTypeAdaptersTest (ClassNotFoundException: com.google.gson.functional.StreamingTypeAdaptersTest)
8:55:22 PM PIT >> WARNING : Could not load com.google.gson.functional.StreamingTypeAdaptersTest (ClassNotFoundException: com.google.gson.functional.StreamingTypeAdaptersTest)
8:55:22 PM PIT >> WARNING : Could not load com.google.gson.functional.StreamingTypeAdaptersTest (ClassNotFoundException: com.google.gson.functional.StreamingTypeAdaptersTest)
8:55:22 PM PIT >> WARNING : Could not load com.google.gson.functional.StreamingTypeAdaptersTest (ClassNotFoundException: com.google.gson.functional.StreamingTypeAdaptersTest)
8:55:22 PM PIT >> WARNING : Could not load com.google.gson.functional.StreamingTypeAdaptersTest (ClassNotFoundException: com.google.gson.functional.StreamingTypeAdaptersTest)
8:55:22 PM PIT >> WARNING : Could not load com.google.gson.functional.StreamingTypeAdaptersTest (ClassNotFoundException: com.google.gson.functional.StreamingTypeAdaptersTest)
8:55:22 PM PIT >> WARNING : Could not load com.google.gson.functional.StringTest (ClassNotFoundException: com.google.gson.functional.StringTest)
8:55:22 PM PIT >> WARNING : Could not load com.google.gson.functional.StringTest (ClassNotFoundException: com.google.gson.functional.StringTest)
8:55:22 PM PIT >> WARNING : Could not load com.google.gson.functional.StringTest (ClassNotFoundException: com.google.gson.functional.StringTest)
8:55:22 PM PIT >> WARNING : Could not load com.google.gson.functional.StringTest (ClassNotFoundException: com.google.gson.functional.StringTest)
8:55:22 PM PIT >> WARNING : Could not load com.google.gson.functional.StringTest (ClassNotFoundException: com.google.gson.functional.StringTest)
8:55:22 PM PIT >> WARNING : Could not load com.google.gson.functional.StringTest (ClassNotFoundException: com.google.gson.functional.StringTest)
8:55:22 PM PIT >> WARNING : Could not load com.google.gson.functional.StringTest (ClassNotFoundException: com.google.gson.functional.StringTest)
8:55:22 PM PIT >> WARNING : Could not load com.google.gson.functional.StringTest (ClassNotFoundException: com.google.gson.functional.StringTest)
8:55:22 PM PIT >> WARNING : Could not load com.google.gson.functional.StringTest (ClassNotFoundException: com.google.gson.functional.StringTest)
8:55:22 PM PIT >> WARNING : Could not load com.google.gson.functional.StringTest (ClassNotFoundException: com.google.gson.functional.StringTest)
8:55:22 PM PIT >> WARNING : Could not load com.google.gson.functional.StringTest (ClassNotFoundException: com.google.gson.functional.StringTest)
8:55:22 PM PIT >> WARNING : Could not load com.google.gson.functional.StringTest (ClassNotFoundException: com.google.gson.functional.StringTest)
8:55:22 PM PIT >> WARNING : Could not load com.google.gson.functional.StringTest (ClassNotFoundException: com.google.gson.functional.StringTest)
8:55:22 PM PIT >> WARNING : Could not load com.google.gson.functional.StringTest (ClassNotFoundException: com.google.gson.functional.StringTest)
8:55:22 PM PIT >> WARNING : Could not load com.google.gson.functional.StringTest (ClassNotFoundException: com.google.gson.functional.StringTest)
8:55:22 PM PIT >> WARNING : Could not load com.google.gson.functional.StringTest (ClassNotFoundException: com.google.gson.functional.StringTest)
8:55:22 PM PIT >> WARNING : Could not load com.google.gson.functional.StringTest (ClassNotFoundException: com.google.gson.functional.StringTest)
8:55:22 PM PIT >> WARNING : Could not load com.google.gson.functional.StringTest (ClassNotFoundException: com.google.gson.functional.StringTest)
8:55:22 PM PIT >> WARNING : Could not load com.google.gson.functional.ThrowableFunctionalTest (ClassNotFoundException: com.google.gson.functional.ThrowableFunctionalTest)
8:55:22 PM PIT >> WARNING : Could not load com.google.gson.functional.ThrowableFunctionalTest (ClassNotFoundException: com.google.gson.functional.ThrowableFunctionalTest)
8:55:22 PM PIT >> WARNING : Could not load com.google.gson.functional.ThrowableFunctionalTest (ClassNotFoundException: com.google.gson.functional.ThrowableFunctionalTest)
8:55:22 PM PIT >> WARNING : Could not load com.google.gson.functional.ThrowableFunctionalTest (ClassNotFoundException: com.google.gson.functional.ThrowableFunctionalTest)
8:55:22 PM PIT >> WARNING : Could not load com.google.gson.functional.ThrowableFunctionalTest (ClassNotFoundException: com.google.gson.functional.ThrowableFunctionalTest)
8:55:22 PM PIT >> WARNING : Could not load com.google.gson.functional.TreeTypeAdaptersTest (ClassNotFoundException: com.google.gson.functional.TreeTypeAdaptersTest)
8:55:22 PM PIT >> WARNING : Could not load com.google.gson.functional.TreeTypeAdaptersTest (ClassNotFoundException: com.google.gson.functional.TreeTypeAdaptersTest)
8:55:22 PM PIT >> WARNING : Could not load com.google.gson.functional.TypeAdapterPrecedenceTest (ClassNotFoundException: com.google.gson.functional.TypeAdapterPrecedenceTest)
8:55:22 PM PIT >> WARNING : Could not load com.google.gson.functional.TypeAdapterPrecedenceTest (ClassNotFoundException: com.google.gson.functional.TypeAdapterPrecedenceTest)
8:55:22 PM PIT >> WARNING : Could not load com.google.gson.functional.TypeAdapterPrecedenceTest (ClassNotFoundException: com.google.gson.functional.TypeAdapterPrecedenceTest)
8:55:22 PM PIT >> WARNING : Could not load com.google.gson.functional.TypeAdapterPrecedenceTest (ClassNotFoundException: com.google.gson.functional.TypeAdapterPrecedenceTest)
8:55:22 PM PIT >> WARNING : Could not load com.google.gson.functional.TypeAdapterPrecedenceTest (ClassNotFoundException: com.google.gson.functional.TypeAdapterPrecedenceTest)
8:55:22 PM PIT >> WARNING : Could not load com.google.gson.functional.TypeAdapterPrecedenceTest (ClassNotFoundException: com.google.gson.functional.TypeAdapterPrecedenceTest)
8:55:22 PM PIT >> WARNING : Could not load com.google.gson.functional.TypeAdapterPrecedenceTest (ClassNotFoundException: com.google.gson.functional.TypeAdapterPrecedenceTest)
8:55:22 PM PIT >> WARNING : Could not load com.google.gson.functional.TypeAdapterPrecedenceTest (ClassNotFoundException: com.google.gson.functional.TypeAdapterPrecedenceTest)
8:55:22 PM PIT >> WARNING : Could not load com.google.gson.functional.TypeHierarchyAdapterTest (ClassNotFoundException: com.google.gson.functional.TypeHierarchyAdapterTest)
8:55:22 PM PIT >> WARNING : Could not load com.google.gson.functional.TypeHierarchyAdapterTest (ClassNotFoundException: com.google.gson.functional.TypeHierarchyAdapterTest)
8:55:22 PM PIT >> WARNING : Could not load com.google.gson.functional.TypeHierarchyAdapterTest (ClassNotFoundException: com.google.gson.functional.TypeHierarchyAdapterTest)
8:55:22 PM PIT >> WARNING : Could not load com.google.gson.functional.TypeVariableTest (ClassNotFoundException: com.google.gson.functional.TypeVariableTest)
8:55:22 PM PIT >> WARNING : Could not load com.google.gson.functional.TypeVariableTest (ClassNotFoundException: com.google.gson.functional.TypeVariableTest)
8:55:22 PM PIT >> WARNING : Could not load com.google.gson.functional.TypeVariableTest (ClassNotFoundException: com.google.gson.functional.TypeVariableTest)
8:55:22 PM PIT >> WARNING : Could not load com.google.gson.functional.UncategorizedTest (ClassNotFoundException: com.google.gson.functional.UncategorizedTest)
8:55:22 PM PIT >> WARNING : Could not load com.google.gson.functional.UncategorizedTest (ClassNotFoundException: com.google.gson.functional.UncategorizedTest)
8:55:22 PM PIT >> WARNING : Could not load com.google.gson.functional.UncategorizedTest (ClassNotFoundException: com.google.gson.functional.UncategorizedTest)
8:55:22 PM PIT >> WARNING : Could not load com.google.gson.functional.UncategorizedTest (ClassNotFoundException: com.google.gson.functional.UncategorizedTest)
8:55:22 PM PIT >> WARNING : Could not load com.google.gson.functional.UncategorizedTest (ClassNotFoundException: com.google.gson.functional.UncategorizedTest)
8:55:22 PM PIT >> WARNING : Could not load com.google.gson.functional.UncategorizedTest (ClassNotFoundException: com.google.gson.functional.UncategorizedTest)
8:55:22 PM PIT >> WARNING : Could not load com.google.gson.functional.VersioningTest (ClassNotFoundException: com.google.gson.functional.VersioningTest)
8:55:22 PM PIT >> WARNING : Could not load com.google.gson.functional.VersioningTest (ClassNotFoundException: com.google.gson.functional.VersioningTest)
8:55:22 PM PIT >> WARNING : Could not load com.google.gson.functional.VersioningTest (ClassNotFoundException: com.google.gson.functional.VersioningTest)
8:55:22 PM PIT >> WARNING : Could not load com.google.gson.functional.VersioningTest (ClassNotFoundException: com.google.gson.functional.VersioningTest)
8:55:22 PM PIT >> WARNING : Could not load com.google.gson.functional.VersioningTest (ClassNotFoundException: com.google.gson.functional.VersioningTest)
8:55:22 PM PIT >> WARNING : Could not load com.google.gson.functional.VersioningTest (ClassNotFoundException: com.google.gson.functional.VersioningTest)
8:55:22 PM PIT >> WARNING : Could not load com.google.gson.functional.VersioningTest (ClassNotFoundException: com.google.gson.functional.VersioningTest)
8:55:22 PM PIT >> WARNING : Could not load com.google.gson.functional.VersioningTest (ClassNotFoundException: com.google.gson.functional.VersioningTest)
8:55:22 PM PIT >> WARNING : Could not load com.google.gson.functional.VersioningTest (ClassNotFoundException: com.google.gson.functional.VersioningTest)
8:55:22 PM PIT >> WARNING : Could not load com.google.gson.functional.VersioningTest (ClassNotFoundException: com.google.gson.functional.VersioningTest)
8:55:22 PM PIT >> WARNING : Could not load com.google.gson.internal.GsonTypesTest (ClassNotFoundException: com.google.gson.internal.GsonTypesTest)
8:55:22 PM PIT >> WARNING : Could not load com.google.gson.internal.GsonTypesTest (ClassNotFoundException: com.google.gson.internal.GsonTypesTest)
8:55:22 PM PIT >> WARNING : Could not load com.google.gson.internal.LazilyParsedNumberTest (ClassNotFoundException: com.google.gson.internal.LazilyParsedNumberTest)
8:55:22 PM PIT >> WARNING : Could not load com.google.gson.internal.LazilyParsedNumberTest (ClassNotFoundException: com.google.gson.internal.LazilyParsedNumberTest)
8:55:22 PM PIT >> WARNING : Could not load com.google.gson.internal.LinkedHashTreeMapTest (ClassNotFoundException: com.google.gson.internal.LinkedHashTreeMapTest)
8:55:22 PM PIT >> WARNING : Could not load com.google.gson.internal.LinkedHashTreeMapTest (ClassNotFoundException: com.google.gson.internal.LinkedHashTreeMapTest)
8:55:22 PM PIT >> WARNING : Could not load com.google.gson.internal.LinkedHashTreeMapTest (ClassNotFoundException: com.google.gson.internal.LinkedHashTreeMapTest)
8:55:22 PM PIT >> WARNING : Could not load com.google.gson.internal.LinkedHashTreeMapTest (ClassNotFoundException: com.google.gson.internal.LinkedHashTreeMapTest)
8:55:22 PM PIT >> WARNING : Could not load com.google.gson.internal.LinkedHashTreeMapTest (ClassNotFoundException: com.google.gson.internal.LinkedHashTreeMapTest)
8:55:22 PM PIT >> WARNING : Could not load com.google.gson.internal.LinkedHashTreeMapTest (ClassNotFoundException: com.google.gson.internal.LinkedHashTreeMapTest)
8:55:22 PM PIT >> WARNING : Could not load com.google.gson.internal.LinkedHashTreeMapTest (ClassNotFoundException: com.google.gson.internal.LinkedHashTreeMapTest)
8:55:22 PM PIT >> WARNING : Could not load com.google.gson.internal.LinkedHashTreeMapTest (ClassNotFoundException: com.google.gson.internal.LinkedHashTreeMapTest)
8:55:22 PM PIT >> WARNING : Could not load com.google.gson.internal.LinkedHashTreeMapTest (ClassNotFoundException: com.google.gson.internal.LinkedHashTreeMapTest)
8:55:22 PM PIT >> WARNING : Could not load com.google.gson.internal.LinkedHashTreeMapTest (ClassNotFoundException: com.google.gson.internal.LinkedHashTreeMapTest)
8:55:22 PM PIT >> WARNING : Could not load com.google.gson.internal.LinkedHashTreeMapTest (ClassNotFoundException: com.google.gson.internal.LinkedHashTreeMapTest)
8:55:22 PM PIT >> WARNING : Could not load com.google.gson.internal.LinkedHashTreeMapTest (ClassNotFoundException: com.google.gson.internal.LinkedHashTreeMapTest)
8:55:22 PM PIT >> WARNING : Could not load com.google.gson.internal.LinkedHashTreeMapTest (ClassNotFoundException: com.google.gson.internal.LinkedHashTreeMapTest)
8:55:22 PM PIT >> WARNING : Could not load com.google.gson.internal.LinkedHashTreeMapTest (ClassNotFoundException: com.google.gson.internal.LinkedHashTreeMapTest)
8:55:22 PM PIT >> WARNING : Could not load com.google.gson.internal.LinkedHashTreeMapTest (ClassNotFoundException: com.google.gson.internal.LinkedHashTreeMapTest)
8:55:22 PM PIT >> WARNING : Could not load com.google.gson.internal.LinkedTreeMapTest (ClassNotFoundException: com.google.gson.internal.LinkedTreeMapTest)
8:55:22 PM PIT >> WARNING : Could not load com.google.gson.internal.LinkedTreeMapTest (ClassNotFoundException: com.google.gson.internal.LinkedTreeMapTest)
8:55:22 PM PIT >> WARNING : Could not load com.google.gson.internal.LinkedTreeMapTest (ClassNotFoundException: com.google.gson.internal.LinkedTreeMapTest)
8:55:22 PM PIT >> WARNING : Could not load com.google.gson.internal.LinkedTreeMapTest (ClassNotFoundException: com.google.gson.internal.LinkedTreeMapTest)
8:55:22 PM PIT >> WARNING : Could not load com.google.gson.internal.LinkedTreeMapTest (ClassNotFoundException: com.google.gson.internal.LinkedTreeMapTest)
8:55:22 PM PIT >> WARNING : Could not load com.google.gson.internal.LinkedTreeMapTest (ClassNotFoundException: com.google.gson.internal.LinkedTreeMapTest)
8:55:22 PM PIT >> WARNING : Could not load com.google.gson.internal.LinkedTreeMapTest (ClassNotFoundException: com.google.gson.internal.LinkedTreeMapTest)
8:55:22 PM PIT >> WARNING : Could not load com.google.gson.internal.LinkedTreeMapTest (ClassNotFoundException: com.google.gson.internal.LinkedTreeMapTest)
8:55:22 PM PIT >> WARNING : Could not load com.google.gson.internal.LinkedTreeMapTest (ClassNotFoundException: com.google.gson.internal.LinkedTreeMapTest)
8:55:22 PM PIT >> WARNING : Could not load com.google.gson.internal.LinkedTreeMapTest (ClassNotFoundException: com.google.gson.internal.LinkedTreeMapTest)
8:55:22 PM PIT >> WARNING : Could not load com.google.gson.internal.LinkedTreeMapTest (ClassNotFoundException: com.google.gson.internal.LinkedTreeMapTest)
8:55:22 PM PIT >> WARNING : Could not load com.google.gson.internal.UnsafeAllocatorInstantiationTest (ClassNotFoundException: com.google.gson.internal.UnsafeAllocatorInstantiationTest)
8:55:22 PM PIT >> WARNING : Could not load com.google.gson.internal.UnsafeAllocatorInstantiationTest (ClassNotFoundException: com.google.gson.internal.UnsafeAllocatorInstantiationTest)
8:55:22 PM PIT >> WARNING : Could not load com.google.gson.internal.UnsafeAllocatorInstantiationTest (ClassNotFoundException: com.google.gson.internal.UnsafeAllocatorInstantiationTest)
8:55:22 PM PIT >> WARNING : Could not load com.google.gson.internal.bind.JsonElementReaderTest (ClassNotFoundException: com.google.gson.internal.bind.JsonElementReaderTest)
8:55:22 PM PIT >> WARNING : Could not load com.google.gson.internal.bind.JsonElementReaderTest (ClassNotFoundException: com.google.gson.internal.bind.JsonElementReaderTest)
8:55:22 PM PIT >> WARNING : Could not load com.google.gson.internal.bind.JsonElementReaderTest (ClassNotFoundException: com.google.gson.internal.bind.JsonElementReaderTest)
8:55:22 PM PIT >> WARNING : Could not load com.google.gson.internal.bind.JsonElementReaderTest (ClassNotFoundException: com.google.gson.internal.bind.JsonElementReaderTest)
8:55:22 PM PIT >> WARNING : Could not load com.google.gson.internal.bind.JsonElementReaderTest (ClassNotFoundException: com.google.gson.internal.bind.JsonElementReaderTest)
8:55:22 PM PIT >> WARNING : Could not load com.google.gson.internal.bind.JsonElementReaderTest (ClassNotFoundException: com.google.gson.internal.bind.JsonElementReaderTest)
8:55:22 PM PIT >> WARNING : Could not load com.google.gson.internal.bind.JsonElementReaderTest (ClassNotFoundException: com.google.gson.internal.bind.JsonElementReaderTest)
8:55:22 PM PIT >> WARNING : Could not load com.google.gson.internal.bind.JsonElementReaderTest (ClassNotFoundException: com.google.gson.internal.bind.JsonElementReaderTest)
8:55:22 PM PIT >> WARNING : Could not load com.google.gson.internal.bind.JsonElementReaderTest (ClassNotFoundException: com.google.gson.internal.bind.JsonElementReaderTest)
8:55:22 PM PIT >> WARNING : Could not load com.google.gson.internal.bind.JsonElementReaderTest (ClassNotFoundException: com.google.gson.internal.bind.JsonElementReaderTest)
8:55:22 PM PIT >> WARNING : Could not load com.google.gson.internal.bind.JsonElementReaderTest (ClassNotFoundException: com.google.gson.internal.bind.JsonElementReaderTest)
8:55:22 PM PIT >> WARNING : Could not load com.google.gson.internal.bind.JsonElementReaderTest (ClassNotFoundException: com.google.gson.internal.bind.JsonElementReaderTest)
8:55:22 PM PIT >> WARNING : Could not load com.google.gson.internal.bind.JsonElementReaderTest (ClassNotFoundException: com.google.gson.internal.bind.JsonElementReaderTest)
8:55:22 PM PIT >> WARNING : Could not load com.google.gson.internal.bind.JsonElementReaderTest (ClassNotFoundException: com.google.gson.internal.bind.JsonElementReaderTest)
8:55:22 PM PIT >> WARNING : Could not load com.google.gson.internal.bind.JsonElementReaderTest (ClassNotFoundException: com.google.gson.internal.bind.JsonElementReaderTest)
8:55:22 PM PIT >> WARNING : Could not load com.google.gson.internal.bind.JsonElementReaderTest (ClassNotFoundException: com.google.gson.internal.bind.JsonElementReaderTest)
8:55:22 PM PIT >> WARNING : Could not load com.google.gson.internal.bind.JsonElementReaderTest (ClassNotFoundException: com.google.gson.internal.bind.JsonElementReaderTest)
8:55:22 PM PIT >> WARNING : Could not load com.google.gson.internal.bind.JsonTreeReaderTest (ClassNotFoundException: com.google.gson.internal.bind.JsonTreeReaderTest)
8:55:22 PM PIT >> WARNING : Could not load com.google.gson.internal.bind.JsonTreeReaderTest (ClassNotFoundException: com.google.gson.internal.bind.JsonTreeReaderTest)
8:55:22 PM PIT >> WARNING : Could not load com.google.gson.internal.bind.JsonTreeWriterTest (ClassNotFoundException: com.google.gson.internal.bind.JsonTreeWriterTest)
8:55:22 PM PIT >> WARNING : Could not load com.google.gson.internal.bind.JsonTreeWriterTest (ClassNotFoundException: com.google.gson.internal.bind.JsonTreeWriterTest)
8:55:22 PM PIT >> WARNING : Could not load com.google.gson.internal.bind.JsonTreeWriterTest (ClassNotFoundException: com.google.gson.internal.bind.JsonTreeWriterTest)
8:55:22 PM PIT >> WARNING : Could not load com.google.gson.internal.bind.JsonTreeWriterTest (ClassNotFoundException: com.google.gson.internal.bind.JsonTreeWriterTest)
8:55:22 PM PIT >> WARNING : Could not load com.google.gson.internal.bind.JsonTreeWriterTest (ClassNotFoundException: com.google.gson.internal.bind.JsonTreeWriterTest)
8:55:22 PM PIT >> WARNING : Could not load com.google.gson.internal.bind.JsonTreeWriterTest (ClassNotFoundException: com.google.gson.internal.bind.JsonTreeWriterTest)
8:55:22 PM PIT >> WARNING : Could not load com.google.gson.internal.bind.JsonTreeWriterTest (ClassNotFoundException: com.google.gson.internal.bind.JsonTreeWriterTest)
8:55:22 PM PIT >> WARNING : Could not load com.google.gson.internal.bind.JsonTreeWriterTest (ClassNotFoundException: com.google.gson.internal.bind.JsonTreeWriterTest)
8:55:22 PM PIT >> WARNING : Could not load com.google.gson.internal.bind.JsonTreeWriterTest (ClassNotFoundException: com.google.gson.internal.bind.JsonTreeWriterTest)
8:55:22 PM PIT >> WARNING : Could not load com.google.gson.internal.bind.JsonTreeWriterTest (ClassNotFoundException: com.google.gson.internal.bind.JsonTreeWriterTest)
8:55:22 PM PIT >> WARNING : Could not load com.google.gson.internal.bind.JsonTreeWriterTest (ClassNotFoundException: com.google.gson.internal.bind.JsonTreeWriterTest)
8:55:22 PM PIT >> WARNING : Could not load com.google.gson.internal.bind.JsonTreeWriterTest (ClassNotFoundException: com.google.gson.internal.bind.JsonTreeWriterTest)
8:55:22 PM PIT >> WARNING : Could not load com.google.gson.internal.bind.RecursiveTypesResolveTest (ClassNotFoundException: com.google.gson.internal.bind.RecursiveTypesResolveTest)
8:55:22 PM PIT >> WARNING : Could not load com.google.gson.internal.bind.RecursiveTypesResolveTest (ClassNotFoundException: com.google.gson.internal.bind.RecursiveTypesResolveTest)
8:55:22 PM PIT >> WARNING : Could not load com.google.gson.internal.bind.RecursiveTypesResolveTest (ClassNotFoundException: com.google.gson.internal.bind.RecursiveTypesResolveTest)
8:55:22 PM PIT >> WARNING : Could not load com.google.gson.internal.bind.RecursiveTypesResolveTest (ClassNotFoundException: com.google.gson.internal.bind.RecursiveTypesResolveTest)
8:55:22 PM PIT >> WARNING : Could not load com.google.gson.internal.bind.RecursiveTypesResolveTest (ClassNotFoundException: com.google.gson.internal.bind.RecursiveTypesResolveTest)
8:55:22 PM PIT >> WARNING : Could not load com.google.gson.internal.bind.RecursiveTypesResolveTest (ClassNotFoundException: com.google.gson.internal.bind.RecursiveTypesResolveTest)
8:55:22 PM PIT >> WARNING : Could not load com.google.gson.internal.bind.RecursiveTypesResolveTest (ClassNotFoundException: com.google.gson.internal.bind.RecursiveTypesResolveTest)
8:55:22 PM PIT >> WARNING : Could not load com.google.gson.metrics.PerformanceTest (ClassNotFoundException: com.google.gson.metrics.PerformanceTest)
8:55:22 PM PIT >> WARNING : Could not load com.google.gson.reflect.TypeTokenTest (ClassNotFoundException: com.google.gson.reflect.TypeTokenTest)
8:55:22 PM PIT >> WARNING : Could not load com.google.gson.reflect.TypeTokenTest (ClassNotFoundException: com.google.gson.reflect.TypeTokenTest)
8:55:22 PM PIT >> WARNING : Could not load com.google.gson.reflect.TypeTokenTest (ClassNotFoundException: com.google.gson.reflect.TypeTokenTest)
8:55:22 PM PIT >> WARNING : Could not load com.google.gson.reflect.TypeTokenTest (ClassNotFoundException: com.google.gson.reflect.TypeTokenTest)
8:55:22 PM PIT >> WARNING : Could not load com.google.gson.reflect.TypeTokenTest (ClassNotFoundException: com.google.gson.reflect.TypeTokenTest)
8:55:22 PM PIT >> WARNING : Could not load com.google.gson.reflect.TypeTokenTest (ClassNotFoundException: com.google.gson.reflect.TypeTokenTest)
8:55:22 PM PIT >> WARNING : Could not load com.google.gson.regression.JsonAdapterNullSafeTest (ClassNotFoundException: com.google.gson.regression.JsonAdapterNullSafeTest)
8:55:22 PM PIT >> WARNING : Could not load com.google.gson.regression.JsonAdapterNullSafeTest (ClassNotFoundException: com.google.gson.regression.JsonAdapterNullSafeTest)
8:55:22 PM PIT >> WARNING : Could not load com.google.gson.stream.JsonReaderPathTest (ClassNotFoundException: com.google.gson.stream.JsonReaderPathTest)
8:55:22 PM PIT >> WARNING : Could not load com.google.gson.stream.JsonReaderPathTest (ClassNotFoundException: com.google.gson.stream.JsonReaderPathTest)
8:55:22 PM PIT >> WARNING : Could not load com.google.gson.stream.JsonReaderPathTest (ClassNotFoundException: com.google.gson.stream.JsonReaderPathTest)
8:55:22 PM PIT >> WARNING : Could not load com.google.gson.stream.JsonReaderPathTest (ClassNotFoundException: com.google.gson.stream.JsonReaderPathTest)
8:55:22 PM PIT >> WARNING : Could not load com.google.gson.stream.JsonReaderPathTest (ClassNotFoundException: com.google.gson.stream.JsonReaderPathTest)
8:55:22 PM PIT >> WARNING : Could not load com.google.gson.stream.JsonReaderPathTest (ClassNotFoundException: com.google.gson.stream.JsonReaderPathTest)
8:55:22 PM PIT >> WARNING : Could not load com.google.gson.stream.JsonReaderPathTest (ClassNotFoundException: com.google.gson.stream.JsonReaderPathTest)
8:55:22 PM PIT >> WARNING : Could not load com.google.gson.stream.JsonReaderPathTest (ClassNotFoundException: com.google.gson.stream.JsonReaderPathTest)
8:55:22 PM PIT >> WARNING : Could not load com.google.gson.stream.JsonReaderPathTest (ClassNotFoundException: com.google.gson.stream.JsonReaderPathTest)
8:55:22 PM PIT >> WARNING : Could not load com.google.gson.stream.JsonReaderPathTest (ClassNotFoundException: com.google.gson.stream.JsonReaderPathTest)
8:55:22 PM PIT >> WARNING : Could not load com.google.gson.stream.JsonReaderPathTest (ClassNotFoundException: com.google.gson.stream.JsonReaderPathTest)
8:55:22 PM PIT >> WARNING : Could not load com.google.gson.stream.JsonReaderPathTest (ClassNotFoundException: com.google.gson.stream.JsonReaderPathTest)
8:55:22 PM PIT >> WARNING : Could not load com.google.gson.stream.JsonReaderPathTest (ClassNotFoundException: com.google.gson.stream.JsonReaderPathTest)
8:55:22 PM PIT >> WARNING : Could not load com.google.gson.stream.JsonReaderPathTest (ClassNotFoundException: com.google.gson.stream.JsonReaderPathTest)
8:55:22 PM PIT >> WARNING : Could not load com.google.gson.stream.JsonReaderPathTest (ClassNotFoundException: com.google.gson.stream.JsonReaderPathTest)
8:55:22 PM PIT >> WARNING : Could not load com.google.gson.stream.JsonReaderPathTest (ClassNotFoundException: com.google.gson.stream.JsonReaderPathTest)
8:55:22 PM PIT >> WARNING : Could not load com.google.gson.stream.JsonReaderPathTest (ClassNotFoundException: com.google.gson.stream.JsonReaderPathTest)
8:55:22 PM PIT >> WARNING : Could not load com.google.gson.stream.JsonReaderPathTest (ClassNotFoundException: com.google.gson.stream.JsonReaderPathTest)
8:55:22 PM PIT >> WARNING : Could not load com.google.gson.stream.JsonReaderPathTest (ClassNotFoundException: com.google.gson.stream.JsonReaderPathTest)
8:55:22 PM PIT >> WARNING : Could not load com.google.gson.stream.JsonReaderPathTest (ClassNotFoundException: com.google.gson.stream.JsonReaderPathTest)
8:55:22 PM PIT >> WARNING : Could not load com.google.gson.stream.JsonReaderTest (ClassNotFoundException: com.google.gson.stream.JsonReaderTest)
8:55:22 PM PIT >> WARNING : Could not load com.google.gson.stream.JsonReaderTest (ClassNotFoundException: com.google.gson.stream.JsonReaderTest)
8:55:22 PM PIT >> WARNING : Could not load com.google.gson.stream.JsonReaderTest (ClassNotFoundException: com.google.gson.stream.JsonReaderTest)
8:55:22 PM PIT >> WARNING : Could not load com.google.gson.stream.JsonReaderTest (ClassNotFoundException: com.google.gson.stream.JsonReaderTest)
8:55:22 PM PIT >> WARNING : Could not load com.google.gson.stream.JsonReaderTest (ClassNotFoundException: com.google.gson.stream.JsonReaderTest)
8:55:22 PM PIT >> WARNING : Could not load com.google.gson.stream.JsonReaderTest (ClassNotFoundException: com.google.gson.stream.JsonReaderTest)
8:55:22 PM PIT >> WARNING : Could not load com.google.gson.stream.JsonReaderTest (ClassNotFoundException: com.google.gson.stream.JsonReaderTest)
8:55:22 PM PIT >> WARNING : Could not load com.google.gson.stream.JsonReaderTest (ClassNotFoundException: com.google.gson.stream.JsonReaderTest)
8:55:22 PM PIT >> WARNING : Could not load com.google.gson.stream.JsonReaderTest (ClassNotFoundException: com.google.gson.stream.JsonReaderTest)
8:55:22 PM PIT >> WARNING : Could not load com.google.gson.stream.JsonReaderTest (ClassNotFoundException: com.google.gson.stream.JsonReaderTest)
8:55:22 PM PIT >> WARNING : Could not load com.google.gson.stream.JsonReaderTest (ClassNotFoundException: com.google.gson.stream.JsonReaderTest)
8:55:22 PM PIT >> WARNING : Could not load com.google.gson.stream.JsonReaderTest (ClassNotFoundException: com.google.gson.stream.JsonReaderTest)
8:55:22 PM PIT >> WARNING : Could not load com.google.gson.stream.JsonReaderTest (ClassNotFoundException: com.google.gson.stream.JsonReaderTest)
8:55:22 PM PIT >> WARNING : Could not load com.google.gson.stream.JsonReaderTest (ClassNotFoundException: com.google.gson.stream.JsonReaderTest)
8:55:22 PM PIT >> WARNING : Could not load com.google.gson.stream.JsonReaderTest (ClassNotFoundException: com.google.gson.stream.JsonReaderTest)
8:55:22 PM PIT >> WARNING : Could not load com.google.gson.stream.JsonReaderTest (ClassNotFoundException: com.google.gson.stream.JsonReaderTest)
8:55:22 PM PIT >> WARNING : Could not load com.google.gson.stream.JsonReaderTest (ClassNotFoundException: com.google.gson.stream.JsonReaderTest)
8:55:22 PM PIT >> WARNING : Could not load com.google.gson.stream.JsonReaderTest (ClassNotFoundException: com.google.gson.stream.JsonReaderTest)
8:55:22 PM PIT >> WARNING : Could not load com.google.gson.stream.JsonReaderTest (ClassNotFoundException: com.google.gson.stream.JsonReaderTest)
8:55:22 PM PIT >> WARNING : Could not load com.google.gson.stream.JsonReaderTest (ClassNotFoundException: com.google.gson.stream.JsonReaderTest)
8:55:22 PM PIT >> WARNING : Could not load com.google.gson.stream.JsonReaderTest (ClassNotFoundException: com.google.gson.stream.JsonReaderTest)
8:55:22 PM PIT >> WARNING : Could not load com.google.gson.stream.JsonReaderTest (ClassNotFoundException: com.google.gson.stream.JsonReaderTest)
8:55:22 PM PIT >> WARNING : Could not load com.google.gson.stream.JsonReaderTest (ClassNotFoundException: com.google.gson.stream.JsonReaderTest)
8:55:22 PM PIT >> WARNING : Could not load com.google.gson.stream.JsonReaderTest (ClassNotFoundException: com.google.gson.stream.JsonReaderTest)
8:55:22 PM PIT >> WARNING : Could not load com.google.gson.stream.JsonReaderTest (ClassNotFoundException: com.google.gson.stream.JsonReaderTest)
8:55:22 PM PIT >> WARNING : Could not load com.google.gson.stream.JsonReaderTest (ClassNotFoundException: com.google.gson.stream.JsonReaderTest)
8:55:22 PM PIT >> WARNING : Could not load com.google.gson.stream.JsonReaderTest (ClassNotFoundException: com.google.gson.stream.JsonReaderTest)
8:55:22 PM PIT >> WARNING : Could not load com.google.gson.stream.JsonReaderTest (ClassNotFoundException: com.google.gson.stream.JsonReaderTest)
8:55:22 PM PIT >> WARNING : Could not load com.google.gson.stream.JsonReaderTest (ClassNotFoundException: com.google.gson.stream.JsonReaderTest)
8:55:22 PM PIT >> WARNING : Could not load com.google.gson.stream.JsonReaderTest (ClassNotFoundException: com.google.gson.stream.JsonReaderTest)
8:55:22 PM PIT >> WARNING : Could not load com.google.gson.stream.JsonReaderTest (ClassNotFoundException: com.google.gson.stream.JsonReaderTest)
8:55:22 PM PIT >> WARNING : Could not load com.google.gson.stream.JsonReaderTest (ClassNotFoundException: com.google.gson.stream.JsonReaderTest)
8:55:22 PM PIT >> WARNING : Could not load com.google.gson.stream.JsonReaderTest (ClassNotFoundException: com.google.gson.stream.JsonReaderTest)
8:55:22 PM PIT >> WARNING : Could not load com.google.gson.stream.JsonReaderTest (ClassNotFoundException: com.google.gson.stream.JsonReaderTest)
8:55:22 PM PIT >> WARNING : Could not load com.google.gson.stream.JsonReaderTest (ClassNotFoundException: com.google.gson.stream.JsonReaderTest)
8:55:22 PM PIT >> WARNING : Could not load com.google.gson.stream.JsonReaderTest (ClassNotFoundException: com.google.gson.stream.JsonReaderTest)
8:55:22 PM PIT >> WARNING : Could not load com.google.gson.stream.JsonReaderTest (ClassNotFoundException: com.google.gson.stream.JsonReaderTest)
8:55:22 PM PIT >> WARNING : Could not load com.google.gson.stream.JsonReaderTest (ClassNotFoundException: com.google.gson.stream.JsonReaderTest)
8:55:22 PM PIT >> WARNING : Could not load com.google.gson.stream.JsonReaderTest (ClassNotFoundException: com.google.gson.stream.JsonReaderTest)
8:55:22 PM PIT >> WARNING : Could not load com.google.gson.stream.JsonReaderTest (ClassNotFoundException: com.google.gson.stream.JsonReaderTest)
8:55:22 PM PIT >> WARNING : Could not load com.google.gson.stream.JsonReaderTest (ClassNotFoundException: com.google.gson.stream.JsonReaderTest)
8:55:22 PM PIT >> WARNING : Could not load com.google.gson.stream.JsonReaderTest (ClassNotFoundException: com.google.gson.stream.JsonReaderTest)
8:55:22 PM PIT >> WARNING : Could not load com.google.gson.stream.JsonReaderTest (ClassNotFoundException: com.google.gson.stream.JsonReaderTest)
8:55:22 PM PIT >> WARNING : Could not load com.google.gson.stream.JsonReaderTest (ClassNotFoundException: com.google.gson.stream.JsonReaderTest)
8:55:22 PM PIT >> WARNING : Could not load com.google.gson.stream.JsonReaderTest (ClassNotFoundException: com.google.gson.stream.JsonReaderTest)
8:55:22 PM PIT >> WARNING : Could not load com.google.gson.stream.JsonReaderTest (ClassNotFoundException: com.google.gson.stream.JsonReaderTest)
8:55:22 PM PIT >> WARNING : Could not load com.google.gson.stream.JsonReaderTest (ClassNotFoundException: com.google.gson.stream.JsonReaderTest)
8:55:22 PM PIT >> WARNING : Could not load com.google.gson.stream.JsonReaderTest (ClassNotFoundException: com.google.gson.stream.JsonReaderTest)
8:55:22 PM PIT >> WARNING : Could not load com.google.gson.stream.JsonReaderTest (ClassNotFoundException: com.google.gson.stream.JsonReaderTest)
8:55:22 PM PIT >> WARNING : Could not load com.google.gson.stream.JsonReaderTest (ClassNotFoundException: com.google.gson.stream.JsonReaderTest)
8:55:22 PM PIT >> WARNING : Could not load com.google.gson.stream.JsonReaderTest (ClassNotFoundException: com.google.gson.stream.JsonReaderTest)
8:55:22 PM PIT >> WARNING : Could not load com.google.gson.stream.JsonReaderTest (ClassNotFoundException: com.google.gson.stream.JsonReaderTest)
8:55:22 PM PIT >> WARNING : Could not load com.google.gson.stream.JsonReaderTest (ClassNotFoundException: com.google.gson.stream.JsonReaderTest)
8:55:22 PM PIT >> WARNING : Could not load com.google.gson.stream.JsonReaderTest (ClassNotFoundException: com.google.gson.stream.JsonReaderTest)
8:55:22 PM PIT >> WARNING : Could not load com.google.gson.stream.JsonReaderTest (ClassNotFoundException: com.google.gson.stream.JsonReaderTest)
8:55:22 PM PIT >> WARNING : Could not load com.google.gson.stream.JsonReaderTest (ClassNotFoundException: com.google.gson.stream.JsonReaderTest)
8:55:22 PM PIT >> WARNING : Could not load com.google.gson.stream.JsonReaderTest (ClassNotFoundException: com.google.gson.stream.JsonReaderTest)
8:55:22 PM PIT >> WARNING : Could not load com.google.gson.stream.JsonReaderTest (ClassNotFoundException: com.google.gson.stream.JsonReaderTest)
8:55:22 PM PIT >> WARNING : Could not load com.google.gson.stream.JsonReaderTest (ClassNotFoundException: com.google.gson.stream.JsonReaderTest)
8:55:22 PM PIT >> WARNING : Could not load com.google.gson.stream.JsonReaderTest (ClassNotFoundException: com.google.gson.stream.JsonReaderTest)
8:55:22 PM PIT >> WARNING : Could not load com.google.gson.stream.JsonReaderTest (ClassNotFoundException: com.google.gson.stream.JsonReaderTest)
8:55:22 PM PIT >> WARNING : Could not load com.google.gson.stream.JsonReaderTest (ClassNotFoundException: com.google.gson.stream.JsonReaderTest)
8:55:22 PM PIT >> WARNING : Could not load com.google.gson.stream.JsonReaderTest (ClassNotFoundException: com.google.gson.stream.JsonReaderTest)
8:55:22 PM PIT >> WARNING : Could not load com.google.gson.stream.JsonReaderTest (ClassNotFoundException: com.google.gson.stream.JsonReaderTest)
8:55:22 PM PIT >> WARNING : Could not load com.google.gson.stream.JsonReaderTest (ClassNotFoundException: com.google.gson.stream.JsonReaderTest)
8:55:22 PM PIT >> WARNING : Could not load com.google.gson.stream.JsonReaderTest (ClassNotFoundException: com.google.gson.stream.JsonReaderTest)
8:55:22 PM PIT >> WARNING : Could not load com.google.gson.stream.JsonReaderTest (ClassNotFoundException: com.google.gson.stream.JsonReaderTest)
8:55:22 PM PIT >> WARNING : Could not load com.google.gson.stream.JsonReaderTest (ClassNotFoundException: com.google.gson.stream.JsonReaderTest)
8:55:22 PM PIT >> WARNING : Could not load com.google.gson.stream.JsonReaderTest (ClassNotFoundException: com.google.gson.stream.JsonReaderTest)
8:55:22 PM PIT >> WARNING : Could not load com.google.gson.stream.JsonReaderTest (ClassNotFoundException: com.google.gson.stream.JsonReaderTest)
8:55:22 PM PIT >> WARNING : Could not load com.google.gson.stream.JsonReaderTest (ClassNotFoundException: com.google.gson.stream.JsonReaderTest)
8:55:22 PM PIT >> WARNING : Could not load com.google.gson.stream.JsonReaderTest (ClassNotFoundException: com.google.gson.stream.JsonReaderTest)
8:55:22 PM PIT >> WARNING : Could not load com.google.gson.stream.JsonReaderTest (ClassNotFoundException: com.google.gson.stream.JsonReaderTest)
8:55:22 PM PIT >> WARNING : Could not load com.google.gson.stream.JsonReaderTest (ClassNotFoundException: com.google.gson.stream.JsonReaderTest)
8:55:22 PM PIT >> WARNING : Could not load com.google.gson.stream.JsonReaderTest (ClassNotFoundException: com.google.gson.stream.JsonReaderTest)
8:55:22 PM PIT >> WARNING : Could not load com.google.gson.stream.JsonReaderTest (ClassNotFoundException: com.google.gson.stream.JsonReaderTest)
8:55:22 PM PIT >> WARNING : Could not load com.google.gson.stream.JsonReaderTest (ClassNotFoundException: com.google.gson.stream.JsonReaderTest)
8:55:22 PM PIT >> WARNING : Could not load com.google.gson.stream.JsonReaderTest (ClassNotFoundException: com.google.gson.stream.JsonReaderTest)
8:55:22 PM PIT >> WARNING : Could not load com.google.gson.stream.JsonReaderTest (ClassNotFoundException: com.google.gson.stream.JsonReaderTest)
8:55:22 PM PIT >> WARNING : Could not load com.google.gson.stream.JsonReaderTest (ClassNotFoundException: com.google.gson.stream.JsonReaderTest)
8:55:22 PM PIT >> WARNING : Could not load com.google.gson.stream.JsonReaderTest (ClassNotFoundException: com.google.gson.stream.JsonReaderTest)
8:55:22 PM PIT >> WARNING : Could not load com.google.gson.stream.JsonReaderTest (ClassNotFoundException: com.google.gson.stream.JsonReaderTest)
8:55:22 PM PIT >> WARNING : Could not load com.google.gson.stream.JsonReaderTest (ClassNotFoundException: com.google.gson.stream.JsonReaderTest)
8:55:22 PM PIT >> WARNING : Could not load com.google.gson.stream.JsonReaderTest (ClassNotFoundException: com.google.gson.stream.JsonReaderTest)
8:55:22 PM PIT >> WARNING : Could not load com.google.gson.stream.JsonReaderTest (ClassNotFoundException: com.google.gson.stream.JsonReaderTest)
8:55:22 PM PIT >> WARNING : Could not load com.google.gson.stream.JsonReaderTest (ClassNotFoundException: com.google.gson.stream.JsonReaderTest)
8:55:22 PM PIT >> WARNING : Could not load com.google.gson.stream.JsonReaderTest (ClassNotFoundException: com.google.gson.stream.JsonReaderTest)
8:55:22 PM PIT >> WARNING : Could not load com.google.gson.stream.JsonReaderTest (ClassNotFoundException: com.google.gson.stream.JsonReaderTest)
8:55:22 PM PIT >> WARNING : Could not load com.google.gson.stream.JsonReaderTest (ClassNotFoundException: com.google.gson.stream.JsonReaderTest)
8:55:22 PM PIT >> WARNING : Could not load com.google.gson.stream.JsonReaderTest (ClassNotFoundException: com.google.gson.stream.JsonReaderTest)
8:55:22 PM PIT >> WARNING : Could not load com.google.gson.stream.JsonReaderTest (ClassNotFoundException: com.google.gson.stream.JsonReaderTest)
8:55:22 PM PIT >> WARNING : Could not load com.google.gson.stream.JsonReaderTest (ClassNotFoundException: com.google.gson.stream.JsonReaderTest)
8:55:22 PM PIT >> WARNING : Could not load com.google.gson.stream.JsonReaderTest (ClassNotFoundException: com.google.gson.stream.JsonReaderTest)
8:55:22 PM PIT >> WARNING : Could not load com.google.gson.stream.JsonReaderTest (ClassNotFoundException: com.google.gson.stream.JsonReaderTest)
8:55:22 PM PIT >> WARNING : Could not load com.google.gson.stream.JsonReaderTest (ClassNotFoundException: com.google.gson.stream.JsonReaderTest)
8:55:22 PM PIT >> WARNING : Could not load com.google.gson.stream.JsonReaderTest (ClassNotFoundException: com.google.gson.stream.JsonReaderTest)
8:55:22 PM PIT >> WARNING : Could not load com.google.gson.stream.JsonReaderTest (ClassNotFoundException: com.google.gson.stream.JsonReaderTest)
8:55:22 PM PIT >> WARNING : Could not load com.google.gson.stream.JsonReaderTest (ClassNotFoundException: com.google.gson.stream.JsonReaderTest)
8:55:22 PM PIT >> WARNING : Could not load com.google.gson.stream.JsonReaderTest (ClassNotFoundException: com.google.gson.stream.JsonReaderTest)
8:55:22 PM PIT >> WARNING : Could not load com.google.gson.stream.JsonReaderTest (ClassNotFoundException: com.google.gson.stream.JsonReaderTest)
8:55:22 PM PIT >> WARNING : Could not load com.google.gson.stream.JsonReaderTest (ClassNotFoundException: com.google.gson.stream.JsonReaderTest)
8:55:22 PM PIT >> WARNING : Could not load com.google.gson.stream.JsonReaderTest (ClassNotFoundException: com.google.gson.stream.JsonReaderTest)
8:55:22 PM PIT >> WARNING : Could not load com.google.gson.stream.JsonReaderTest (ClassNotFoundException: com.google.gson.stream.JsonReaderTest)
8:55:22 PM PIT >> WARNING : Could not load com.google.gson.stream.JsonReaderTest (ClassNotFoundException: com.google.gson.stream.JsonReaderTest)
8:55:22 PM PIT >> WARNING : Could not load com.google.gson.stream.JsonReaderTest (ClassNotFoundException: com.google.gson.stream.JsonReaderTest)
8:55:22 PM PIT >> WARNING : Could not load com.google.gson.stream.JsonReaderTest (ClassNotFoundException: com.google.gson.stream.JsonReaderTest)
8:55:22 PM PIT >> WARNING : Could not load com.google.gson.stream.JsonReaderTest (ClassNotFoundException: com.google.gson.stream.JsonReaderTest)
8:55:22 PM PIT >> WARNING : Could not load com.google.gson.stream.JsonReaderTest (ClassNotFoundException: com.google.gson.stream.JsonReaderTest)
8:55:22 PM PIT >> WARNING : Could not load com.google.gson.stream.JsonReaderTest (ClassNotFoundException: com.google.gson.stream.JsonReaderTest)
8:55:22 PM PIT >> WARNING : Could not load com.google.gson.stream.JsonReaderTest (ClassNotFoundException: com.google.gson.stream.JsonReaderTest)
8:55:22 PM PIT >> WARNING : Could not load com.google.gson.stream.JsonReaderTest (ClassNotFoundException: com.google.gson.stream.JsonReaderTest)
8:55:22 PM PIT >> WARNING : Could not load com.google.gson.stream.JsonReaderTest (ClassNotFoundException: com.google.gson.stream.JsonReaderTest)
8:55:22 PM PIT >> WARNING : Could not load com.google.gson.stream.JsonReaderTest (ClassNotFoundException: com.google.gson.stream.JsonReaderTest)
8:55:22 PM PIT >> WARNING : Could not load com.google.gson.stream.JsonReaderTest (ClassNotFoundException: com.google.gson.stream.JsonReaderTest)
8:55:22 PM PIT >> WARNING : Could not load com.google.gson.stream.JsonReaderTest (ClassNotFoundException: com.google.gson.stream.JsonReaderTest)
8:55:22 PM PIT >> WARNING : Could not load com.google.gson.stream.JsonReaderTest (ClassNotFoundException: com.google.gson.stream.JsonReaderTest)
8:55:22 PM PIT >> WARNING : Could not load com.google.gson.stream.JsonReaderTest (ClassNotFoundException: com.google.gson.stream.JsonReaderTest)
8:55:22 PM PIT >> WARNING : Could not load com.google.gson.stream.JsonReaderTest (ClassNotFoundException: com.google.gson.stream.JsonReaderTest)
8:55:22 PM PIT >> WARNING : Could not load com.google.gson.stream.JsonReaderTest (ClassNotFoundException: com.google.gson.stream.JsonReaderTest)
8:55:22 PM PIT >> WARNING : Could not load com.google.gson.stream.JsonReaderTest (ClassNotFoundException: com.google.gson.stream.JsonReaderTest)
8:55:22 PM PIT >> WARNING : Could not load com.google.gson.stream.JsonWriterTest (ClassNotFoundException: com.google.gson.stream.JsonWriterTest)
8:55:22 PM PIT >> WARNING : Could not load com.google.gson.stream.JsonWriterTest (ClassNotFoundException: com.google.gson.stream.JsonWriterTest)
8:55:22 PM PIT >> WARNING : Could not load com.google.gson.stream.JsonWriterTest (ClassNotFoundException: com.google.gson.stream.JsonWriterTest)
8:55:22 PM PIT >> WARNING : Could not load com.google.gson.stream.JsonWriterTest (ClassNotFoundException: com.google.gson.stream.JsonWriterTest)
8:55:22 PM PIT >> WARNING : Could not load com.google.gson.stream.JsonWriterTest (ClassNotFoundException: com.google.gson.stream.JsonWriterTest)
8:55:22 PM PIT >> WARNING : Could not load com.google.gson.stream.JsonWriterTest (ClassNotFoundException: com.google.gson.stream.JsonWriterTest)
8:55:22 PM PIT >> WARNING : Could not load com.google.gson.stream.JsonWriterTest (ClassNotFoundException: com.google.gson.stream.JsonWriterTest)
8:55:22 PM PIT >> WARNING : Could not load com.google.gson.stream.JsonWriterTest (ClassNotFoundException: com.google.gson.stream.JsonWriterTest)
8:55:22 PM PIT >> WARNING : Could not load com.google.gson.stream.JsonWriterTest (ClassNotFoundException: com.google.gson.stream.JsonWriterTest)
8:55:22 PM PIT >> WARNING : Could not load com.google.gson.stream.JsonWriterTest (ClassNotFoundException: com.google.gson.stream.JsonWriterTest)
8:55:22 PM PIT >> WARNING : Could not load com.google.gson.stream.JsonWriterTest (ClassNotFoundException: com.google.gson.stream.JsonWriterTest)
8:55:22 PM PIT >> WARNING : Could not load com.google.gson.stream.JsonWriterTest (ClassNotFoundException: com.google.gson.stream.JsonWriterTest)
8:55:22 PM PIT >> WARNING : Could not load com.google.gson.stream.JsonWriterTest (ClassNotFoundException: com.google.gson.stream.JsonWriterTest)
8:55:22 PM PIT >> WARNING : Could not load com.google.gson.stream.JsonWriterTest (ClassNotFoundException: com.google.gson.stream.JsonWriterTest)
8:55:22 PM PIT >> WARNING : Could not load com.google.gson.stream.JsonWriterTest (ClassNotFoundException: com.google.gson.stream.JsonWriterTest)
8:55:22 PM PIT >> WARNING : Could not load com.google.gson.stream.JsonWriterTest (ClassNotFoundException: com.google.gson.stream.JsonWriterTest)
8:55:22 PM PIT >> WARNING : Could not load com.google.gson.stream.JsonWriterTest (ClassNotFoundException: com.google.gson.stream.JsonWriterTest)
8:55:22 PM PIT >> WARNING : Could not load com.google.gson.stream.JsonWriterTest (ClassNotFoundException: com.google.gson.stream.JsonWriterTest)
8:55:22 PM PIT >> WARNING : Could not load com.google.gson.stream.JsonWriterTest (ClassNotFoundException: com.google.gson.stream.JsonWriterTest)
8:55:22 PM PIT >> WARNING : Could not load com.google.gson.stream.JsonWriterTest (ClassNotFoundException: com.google.gson.stream.JsonWriterTest)
8:55:22 PM PIT >> WARNING : Could not load com.google.gson.stream.JsonWriterTest (ClassNotFoundException: com.google.gson.stream.JsonWriterTest)
8:55:22 PM PIT >> WARNING : Could not load com.google.gson.stream.JsonWriterTest (ClassNotFoundException: com.google.gson.stream.JsonWriterTest)
8:55:22 PM PIT >> WARNING : Could not load com.google.gson.stream.JsonWriterTest (ClassNotFoundException: com.google.gson.stream.JsonWriterTest)
8:55:22 PM PIT >> WARNING : Could not load com.google.gson.stream.JsonWriterTest (ClassNotFoundException: com.google.gson.stream.JsonWriterTest)
8:55:22 PM PIT >> WARNING : Could not load com.google.gson.stream.JsonWriterTest (ClassNotFoundException: com.google.gson.stream.JsonWriterTest)
8:55:22 PM PIT >> WARNING : Could not load com.google.gson.stream.JsonWriterTest (ClassNotFoundException: com.google.gson.stream.JsonWriterTest)
8:55:22 PM PIT >> WARNING : Could not load com.google.gson.stream.JsonWriterTest (ClassNotFoundException: com.google.gson.stream.JsonWriterTest)
8:55:22 PM PIT >> WARNING : Could not load com.google.gson.stream.JsonWriterTest (ClassNotFoundException: com.google.gson.stream.JsonWriterTest)
8:55:22 PM PIT >> WARNING : Could not load com.google.gson.stream.JsonWriterTest (ClassNotFoundException: com.google.gson.stream.JsonWriterTest)
8:55:22 PM PIT >> WARNING : Could not load com.google.gson.stream.JsonWriterTest (ClassNotFoundException: com.google.gson.stream.JsonWriterTest)
8:55:22 PM PIT >> WARNING : Could not load com.google.gson.stream.JsonWriterTest (ClassNotFoundException: com.google.gson.stream.JsonWriterTest)
8:55:22 PM PIT >> WARNING : Could not load com.google.gson.stream.JsonWriterTest (ClassNotFoundException: com.google.gson.stream.JsonWriterTest)
8:55:22 PM PIT >> WARNING : Could not load com.google.gson.stream.JsonWriterTest (ClassNotFoundException: com.google.gson.stream.JsonWriterTest)
8:55:22 PM PIT >> WARNING : Could not load com.google.gson.stream.JsonWriterTest (ClassNotFoundException: com.google.gson.stream.JsonWriterTest)
8:55:22 PM PIT >> WARNING : Could not load com.google.gson.stream.JsonWriterTest (ClassNotFoundException: com.google.gson.stream.JsonWriterTest)
8:55:22 PM PIT >> WARNING : Could not load com.google.gson.stream.JsonWriterTest (ClassNotFoundException: com.google.gson.stream.JsonWriterTest)
8:55:22 PM PIT >> WARNING : Could not load com.google.gson.stream.JsonWriterTest (ClassNotFoundException: com.google.gson.stream.JsonWriterTest)
8:55:22 PM PIT >> WARNING : Could not load com.google.gson.stream.JsonWriterTest (ClassNotFoundException: com.google.gson.stream.JsonWriterTest)
8:55:22 PM PIT >> WARNING : Could not load com.google.gson.stream.JsonWriterTest (ClassNotFoundException: com.google.gson.stream.JsonWriterTest)
Found 0 test units
Profiler passed all tests!
Profiler is DONE!
