[INFO] Scanning for projects...
[INFO] 
[INFO] -------------------< org.apache.commons:commons-csv >-------------------
[INFO] Building Commons CSV 1.0-SNAPSHOT
[INFO] --------------------------------[ jar ]---------------------------------
[INFO] 
[INFO] --- uniapr-plugin:profiler-only:validate (default-cli) @ commons-csv ---
Installing UniAPR agent
Profiler is HERE!
Found 130 test units
RUNNING: org.apache.commons.csv.TokenMatchersTest.testHasContent... 
RUNNING: org.apache.commons.csv.TokenMatchersTest.testIsReady... 
RUNNING: org.apache.commons.csv.TokenMatchersTest.testHasType... 
RUNNING: org.apache.commons.csv.TokenMatchersTest.testMatches... 
RUNNING: org.apache.commons.csv.CSVFormatTest.testFormat... 
RUNNING: org.apache.commons.csv.CSVFormatTest.testEquals... 
RUNNING: org.apache.commons.csv.CSVFormatTest.testEqualsEscape... 
RUNNING: org.apache.commons.csv.CSVFormatTest.testSerialization... 
RUNNING: org.apache.commons.csv.CSVFormatTest.testEqualsDelimiter... 
RUNNING: org.apache.commons.csv.CSVFormatTest.testEqualsQuoteChar... 
RUNNING: org.apache.commons.csv.CSVFormatTest.testEqualsQuotePolicy... 
RUNNING: org.apache.commons.csv.CSVFormatTest.testEqualsCommentStart... 
RUNNING: org.apache.commons.csv.CSVFormatTest.testEqualsIgnoreSurroundingSpaces... 
RUNNING: org.apache.commons.csv.CSVFormatTest.testEqualsIgnoreEmptyLines... 
RUNNING: org.apache.commons.csv.CSVFormatTest.testEqualsRecordSeparator... 
RUNNING: org.apache.commons.csv.CSVFormatTest.testEqualsHeader... 
RUNNING: org.apache.commons.csv.ExtendedBufferedReaderTest.testEmptyInput... 
RUNNING: org.apache.commons.csv.ExtendedBufferedReaderTest.testReadChar... 
RUNNING: org.apache.commons.csv.ExtendedBufferedReaderTest.testReadLine... 
RUNNING: org.apache.commons.csv.ExtendedBufferedReaderTest.testReadLookahead1... 
RUNNING: org.apache.commons.csv.ExtendedBufferedReaderTest.testReadLookahead2... 
RUNNING: org.apache.commons.csv.CSVLexerTest.testIgnoreEmptyLines... 
RUNNING: org.apache.commons.csv.CSVLexerTest.testSurroundingSpacesAreDeleted... 
RUNNING: org.apache.commons.csv.CSVLexerTest.testSurroundingTabsAreDeleted... 
RUNNING: org.apache.commons.csv.CSVLexerTest.testCommentsAndEmptyLines... 
RUNNING: org.apache.commons.csv.CSVLexerTest.testBackslashWithoutEscaping... 
RUNNING: org.apache.commons.csv.CSVLexerTest.testBackslashWithEscaping... 
RUNNING: org.apache.commons.csv.CSVLexerTest.testNextToken6... 
RUNNING: org.apache.commons.csv.CSVLexerTest.testDelimiterIsWhitespace... 
RUNNING: org.apache.commons.csv.CSVLexerTest.testEscapedCR... 
RUNNING: org.apache.commons.csv.CSVLexerTest.testEscapedLF... 
RUNNING: org.apache.commons.csv.CSVLexerTest.testEscapedTab... 
RUNNING: org.apache.commons.csv.CSVLexerTest.testEscapeBackspace... 
RUNNING: org.apache.commons.csv.CSVLexerTest.testEscapeFF... 
RUNNING: org.apache.commons.csv.CSVLexerTest.testEscapedMySqlNullValue... 
RUNNING: org.apache.commons.csv.CSVLexerTest.testEscapedCharacter... 
RUNNING: org.apache.commons.csv.CSVLexerTest.testEscapedControlCharacter... 
RUNNING: org.apache.commons.csv.CSVLexerTest.testEscapedControlCharacter2... 
RUNNING: org.apache.commons.csv.CSVLexerTest.testEscapingAtEOF... 
RUNNING: org.apache.commons.csv.CSVLexerTest.testNextToken4... 
RUNNING: org.apache.commons.csv.CSVLexerTest.testComments... 
RUNNING: org.apache.commons.csv.CSVLexerTest.testNextToken5... 
RUNNING: org.apache.commons.csv.CSVRecordTest.testIterator... 
RUNNING: org.apache.commons.csv.CSVRecordTest.testGetStringNoHeader... 
RUNNING: org.apache.commons.csv.CSVRecordTest.testGetStringInconsistentRecord... 
RUNNING: org.apache.commons.csv.CSVRecordTest.testGetInt... 
RUNNING: org.apache.commons.csv.CSVRecordTest.testGetString... 
RUNNING: org.apache.commons.csv.CSVRecordTest.testIsSet... 
RUNNING: org.apache.commons.csv.CSVRecordTest.testIsConsistent... 
RUNNING: org.apache.commons.csv.CSVRecordTest.testIsMapped... 
RUNNING: org.apache.commons.csv.CSVParserTest.testIgnoreEmptyLines... 
RUNNING: org.apache.commons.csv.CSVParserTest.testGetLine... 
RUNNING: org.apache.commons.csv.CSVParserTest.testGetRecords... 
RUNNING: org.apache.commons.csv.CSVParserTest.testExcelFormat1... 
RUNNING: org.apache.commons.csv.CSVParserTest.testExcelFormat2... 
RUNNING: org.apache.commons.csv.CSVParserTest.testEndOfFileBehaviourExcel... 
RUNNING: org.apache.commons.csv.CSVParserTest.testEndOfFileBehaviorCSV... 
RUNNING: org.apache.commons.csv.CSVParserTest.testEmptyLineBehaviourExcel... 
RUNNING: org.apache.commons.csv.CSVParserTest.testEmptyLineBehaviourCSV... 
RUNNING: org.apache.commons.csv.CSVParserTest.testEmptyFile... 
RUNNING: org.apache.commons.csv.CSVParserTest.testCSV57... 
RUNNING: org.apache.commons.csv.CSVParserTest.testBackslashEscaping... 
RUNNING: org.apache.commons.csv.CSVParserTest.testBackslashEscaping2... 
RUNNING: org.apache.commons.csv.CSVParserTest.testDefaultFormat... 
RUNNING: org.apache.commons.csv.CSVParserTest.testCarriageReturnLineFeedEndings... 
RUNNING: org.apache.commons.csv.CSVParserTest.testCarriageReturnEndings... 
RUNNING: org.apache.commons.csv.CSVParserTest.testLineFeedEndings... 
RUNNING: org.apache.commons.csv.CSVParserTest.testForEach... 
RUNNING: org.apache.commons.csv.CSVParserTest.testRoundtrip... 
RUNNING: org.apache.commons.csv.CSVParserTest.testIterator... 
RUNNING: org.apache.commons.csv.CSVParserTest.testHeader... 
RUNNING: org.apache.commons.csv.CSVParserTest.testHeaderComment... 
RUNNING: org.apache.commons.csv.CSVParserTest.testProvidedHeader... 
RUNNING: org.apache.commons.csv.CSVParserTest.testMappedButNotSetAsOutlook2007ContactExport... 
RUNNING: org.apache.commons.csv.CSVParserTest.testGetHeaderMap... 
RUNNING: org.apache.commons.csv.CSVParserTest.testGetLineNumberWithLF... 
RUNNING: org.apache.commons.csv.CSVParserTest.testGetLineNumberWithCRLF... 
RUNNING: org.apache.commons.csv.CSVParserTest.testGetLineNumberWithCR... 
RUNNING: org.apache.commons.csv.CSVParserTest.testGetRecordNumberWithLF... 
RUNNING: org.apache.commons.csv.CSVParserTest.testGetRecordWithMultiiLineValues... 
RUNNING: org.apache.commons.csv.CSVParserTest.testGetRecordNumberWithCRLF... 
RUNNING: org.apache.commons.csv.CSVParserTest.testGetRecordNumberWithCR... 
RUNNING: org.apache.commons.csv.CSVFormatBuilderTest.testEscapeSameAsCommentStartThrowsExceptionForWrapperType... 
RUNNING: org.apache.commons.csv.CSVFormatBuilderTest.testCopiedFormatWithChanges... 
RUNNING: org.apache.commons.csv.CSVFormatBuilderTest.testDelimiter... 
RUNNING: org.apache.commons.csv.CSVFormatBuilderTest.testDelimiterSameAsCommentStartThrowsException... 
RUNNING: org.apache.commons.csv.CSVFormatBuilderTest.testDelimiterSameAsEscapeThrowsException... 
RUNNING: org.apache.commons.csv.CSVFormatBuilderTest.testEscape... 
RUNNING: org.apache.commons.csv.CSVFormatBuilderTest.testEscapeSameAsCommentStartThrowsException... 
RUNNING: org.apache.commons.csv.CSVFormatBuilderTest.testHeaderReferenceCannotEscape... 
RUNNING: org.apache.commons.csv.CSVFormatBuilderTest.testIgnoreEmptyLines... 
RUNNING: org.apache.commons.csv.CSVFormatBuilderTest.testIgnoreSurroundingSpaces... 
RUNNING: org.apache.commons.csv.CSVFormatBuilderTest.testNewFormatCRThrowsException... 
RUNNING: org.apache.commons.csv.CSVFormatBuilderTest.testNewFormatLFThrowsException... 
RUNNING: org.apache.commons.csv.CSVFormatBuilderTest.testQuoteChar... 
RUNNING: org.apache.commons.csv.CSVFormatBuilderTest.testQuoteCharSameAsCommentStartThrowsException... 
RUNNING: org.apache.commons.csv.CSVFormatBuilderTest.testQuoteCharSameAsCommentStartThrowsExceptionForWrapperType... 
RUNNING: org.apache.commons.csv.CSVFormatBuilderTest.testQuoteCharSameAsDelimiterThrowsException... 
RUNNING: org.apache.commons.csv.CSVFormatBuilderTest.testQuotePolicy... 
RUNNING: org.apache.commons.csv.CSVFormatBuilderTest.testQuotePolicyNoneWithoutEscapeThrowsException... 
RUNNING: org.apache.commons.csv.CSVFormatBuilderTest.testRecoardSeparator... 
RUNNING: org.apache.commons.csv.CSVFormatBuilderTest.testRFC4180... 
RUNNING: org.apache.commons.csv.CSVFormatBuilderTest.testWithCommentStartCRThrowsException... 
RUNNING: org.apache.commons.csv.CSVFormatBuilderTest.testWithDelimiterLFThrowsException... 

java.lang.AssertionError: 
Expected: token has content "character\NEscaped"
     but: token content is "characterNEscaped"
	at org.hamcrest.MatcherAssert.assertThat(MatcherAssert.java:20)
	at org.junit.Assert.assertThat(Assert.java:956)
	at org.junit.AsseRUNNING: org.apache.commons.csv.CSVFormatBuilderTest.testWithEscapeCRThrowsExceptions... 
rt.assertThat(Assert.java:923)
	at org.apache.commons.csv.CSVLexerTest.testEscapedMySqlNullValue(CSVLexerTest.java:335)
	at sun.reflect.NativeMethodAccessorImpl.invoke0(Native Method)
	at sun.reflect.NativeMethodAccessorImpl.invoke(NativeMethodAccessorImpl.java:62)
	at sun.reflect.DelegatingMethodAccessorImpl.invoke(DelegatingMethodAccessorImpl.java:43)
	at java.lang.reflect.Method.invoke(Method.java:498)
	at org.junit.runners.model.FrameworkMethod$1.runReflectiveCall(FrameworkMethod.java:50)
	at org.junit.internal.runners.model.ReflectiveCallable.run(ReflectiveCallable.java:12)
	at org.junit.runners.model.FrameworkMethod.invokeExplosively(FrameworkMethod.java:47)
	at org.junit.internal.runners.statements.InvokeMethod.evaluate(InvokeMethod.java:17)
	at org.junit.internal.runners.statements.RunBefores.evaluate(RunBefores.java:26)
	at org.junit.runners.ParentRunner.runLeaf(ParentRunner.java:325)
	at org.junit.runners.BlockJUnit4ClassRunner.runChild(BlockJUnit4ClassRunner.java:78)
	at org.junit.runners.BlockJUnit4ClassRunner.runChild(BlockJUnit4ClassRunner.java:57)
	at org.junit.runners.ParentRunner$3.run(ParentRunner.java:290)
	at org.junit.runners.ParentRunner$1.schedule(ParentRunner.java:71)
	at org.junit.runners.ParentRunner.runChildren(ParentRunner.java:288)
	at org.junit.runners.ParentRunner.access$000(ParentRunner.java:58)
	at org.junit.runners.ParentRunner$2.evaluate(ParentRunner.java:268)
	at org.junit.runners.ParentRunner.run(ParentRunner.java:363)
	at org.pitest.junit.adapter.CustomRunnerExecutor.run(CuRUNNING: org.apache.commons.csv.CSVFormatBuilderTest.testWithQuoteLFThrowsException... stomRunnerExecutor.java:42)
	at org.pitest.junit.adapter.AdaptedJUnitTestUnit.execute(AdaptedJUnitTestUnit.java:69)
	at org.uniapr.profiler.ProfilerDriver$1.execute(ProfilerDriver.java:75)
	at org.uniapr.junit.runner.JUnitRunner.run(JUnitRunner.java:106)
	
at org.uniapr.junit.runner.JUnitRunner.run(JUnitRunner.java:92)
	at org.uniapr.profiler.ProfilerDriver.main(ProfilerDriver.java:46)


java.lang.AssertionError: 
Expected: token has content "character\aEscaped"
     but: token content is "characteraEscaped"
	at org.hamcrest.MatcherAssert.assertThat(MatcherAssert.java:20)
	at org.junit.Assert.assertThat(Assert.java:956)
	at org.junit.Assert.assertThat(Assert.java:923)
	at org.apache.commons.csv.CSVLexerTest.testEscapedCharacter(CSVLexerTest.java:341)
	at sun.reflect.NativeMethodAccessorImpl.invoke0(Native Method)
	at sun.reflect.NativeMethodAccessorImpl.invoke(NativeMethodAccessorImpl.java:62)
	at sun.reflect.DelegatingMethodAccessorImpl.invoke(DelegatingMethodAccessorImpl.java:43)
	at java.lang.reflect.Method.invoke(Method.java:498)
	at org.junit.runners.model.FrameworkMethod$1.runReflectiveCall(FrameworkMethod.java:50)
	at org.junit.internal.runners.model.ReflectiveCallable.run(ReflectiveCallable.java:12)
	at org.junit.runners.model.FrameworkMethod.invokeExplosively(FrameworkMethod.java:47)
	at org.junit.internal.runners.statements.InvokeMethod.evaluate(InvokeMethod.java:17)
	at org.junit.internal.runners.statements.RunBefores.evaluate(RunBefores.java:26)
	at org.junit.runners.ParentRunner.runLeaf(ParentRunner.java:325)
	at org.junit.runners.BlockJUnit4ClassRunner.runChild(BlockJUnit4ClassRunner.java:78)
	at org.junit.runners.BlockJUnit4ClassRunner.runChild(BlockJUnit4ClassRunner.java:57)
	at org.junit.runners.ParentRunner$3.run(ParentRunner.java:290)
	at org.junit.runners.ParentRunner$1.schedule(ParentRunner.java:71)
	at org.junit.runners.ParentRunner.runChildren(ParentRunner.java:288)
	at org.junit.runners.ParentRunner.access$000(ParentRunner.java:58)
	at org.junit.runners.ParentRunner$2.evaluate(ParentRunner.RUNNING: org.apache.commons.csv.CSVFormatBuilderTest.testCommentStart... 
java:268)
	at org.junit.runners.ParentRunner.run(ParentRunner.java:363)
	at org.pitest.junit.adapter.CustomRunnerExecutor.run(CustomRunnerExecutor.java:42)
	at org.pitest.junit.adapter.AdaptedJUnitTestUnit.execute(AdaptedJUnitTestUnit.java:69)
	at org.uniapr.profiler.ProfilerDriver$1.execute(ProfilerDriver.java:75)
	at org.uniapr.junit.runner.JUnitRunner.run(JUnitRunner.java:106)
	at org.uniapr.junit.runner.JUnitRunner.run(JUnitRunner.java:92)
	at org.uniapr.profiler.ProfilerDriver.main(ProfilerDriver.java:46)


Records do not match expected result (entry 8): arrays first differed at element [1]; expected:<   "quoted "" [/]" / string"   > but was:<   "quoted "" []" / string"   >
	at org.junit.internal.ComparisonCriteria.arrayEquals(ComparisonCriteria.java:55)
	at org.junit.Assert.internalArrayEquals(Assert.java:532)
	at org.junit.Assert.assertArrayEquals(Assert.java:283)
	at org.apache.commons.csv.Utils.compare(Utils.java:59)
	at org.apache.commons.csv.CSVParserTest.testBackslashEscaping(CSVParserTest.java:322)
	at sun.reflect.NativeMethodAccessorImpl.invoke0(Native Method)
	at sun.reflect.NativeMethodAccessorImpl.invoke(NativeMethodAccessorImpl.java:62)
	at sun.reflect.DelegatingMethodAccessorImpl.invoke(DelegatingMethodAccessorImpl.java:43)
	at java.lang.reflect.Method.invoke(Method.java:498)
	at org.junit.runners.model.FrameworkMethod$1.runReflectiveCall(FrameworkMethod.java:50)
	at org.junit.internal.runners.model.ReflectiveCallable.run(ReflectiveCallable.java:12)
	at org.junit.runners.model.FrameworkMethod.invokeExplosively(FrameworkMethod.java:47)
	at org.junit.internal.runners.statements.InvokeMethod.evaluate(InvokeMethod.java:17)
	at org.junit.runners.ParentRunner.runLeaf(ParentRunner.java:325)
	at org.junit.runners.BlockJUnit4ClassRunner.runChild(BlockJUnit4ClassRunner.java:78)
	at org.junit.runners.BlockJUnit4ClassRunner.runChild(BlockJUnit4ClassRunner.java:57)
	at org.junit.runners.ParentRunner$3.run(ParentRunner.java:290)
	at org.junit.runners.ParentRunner$1.schedule(ParentRunner.java:71)
	at org.juniRUNNING: org.apache.commons.csv.CSVFormatBuilderTest.testCopiedFormatIsEqualToOriginal... 
t.runners.ParentRunner.runChildren(ParentRunner.java:288)
	at org.junit.runners.ParentRunner.access$000(ParentRunner.java:58)
	at org.junit.runners.ParentRunner$2.evaluate(ParentRunner.java:268)
	at org.junit.runners.ParentRunner.run(ParentRunner.java:363)
	at org.pitest.junit.adapter.CustomRunnerExecutor.run(CustomRunnerExecutor.java:42)
	at org.pitest.junit.adapter.AdaptedJUnitTestUnit.execute(AdaptedJUnitTestUnit.java:69)
	at org.uniapr.profiler.ProfilerDriver$1.execute(ProfilerDriver.java:75)
	at org.uniapr.junit.runner.JUnitRunner.run(JUnitRunner.java:106)
	at org.uniapr.junit.runner.JUnitRunner.run(JUnitRunner.java:92)
	at org.uniapr.profiler.ProfilerDriver.main(ProfilerDriver.java:46)
Caused by: org.junit.ComparisonFailure: expected:<   "quoted "" [/]" / string"   > but was:<   "quoted "" []" / string"   >
	at org.junit.Assert.assertEquals(Assert.java:115)
	at org.junit.Assert.assertEquals(Assert.java:144)
	at org.junit.internal.ExactComparisonCriteria.assertElementsEqual(ExactComparisonCriteria.java:8)
	at org.junit.internal.ComparisonCriteria.arrayEquals(ComparisonCriteria.java:53)
	... 27 more

RUNNING: org.apache.commons.csv.CSVPrinterTest.testDisabledComment... 
RUNNING: org.apache.commons.csv.CSVPrinterTest.testExcelPrintAllArrayOfArrays... 
RUNNING: org.apache.commons.csv.CSVPrinterTest.testExcelPrintAllArrayOfLists... 
RUNNING: org.apache.commons.csv.CSVPrinterTest.testExcelPrintAllIterableOfArrays... 
RUNNING: org.apache.commons.csv.CSVPrinterTest.testExcelPrintAllIterableOfLists... 
RUNNING: org.apache.commons.csv.CSVPrinterTest.testExcelPrinter1... 
RUNNING: org.apache.commons.csv.CSVPrinterTest.testExcelPrinter2... 
RUNNING: org.apache.commons.csv.CSVPrinterTest.testJdbcPrinter... 
RUNNING: org.apache.commons.csv.CSVPrinterTest.testMultiLineComment... 
RUNNING: org.apache.commons.csv.CSVPrinterTest.testPrinter1... 
RUNNING: org.apache.commons.csv.CSVPrinterTest.testPrinter2... 
RUNNING: org.apache.commons.csv.CSVPrinterTest.testPrinter3... 
RUNNING: org.apache.commons.csv.CSVPrinterTest.testPrinter4... 
RUNNING: org.apache.commons.csv.CSVPrinterTest.testPrinter5... 
RUNNING: org.apache.commons.csv.CSVPrinterTest.testPrinter6... 
RUNNING: org.apache.commons.csv.CSVPrinterTest.testPrinter7... 
RUNNING: org.apache.commons.csv.CSVPrinterTest.testPrintNullValues... 
RUNNING: org.apache.commons.csv.CSVPrinterTest.testPrintCustomNullValues... 
RUNNING: org.apache.commons.csv.CSVPrinterTest.testQuoteAll... 
RUNNING: org.apache.commons.csv.CSVPrinterTest.testQuoteNonNumeric... 
RUNNING: org.apache.commons.csv.CSVPrinterTest.testRandom... 
RUNNING: org.apache.commons.csv.CSVPrinterTest.testSingleLineComment... 
Profiler failed test: org.apache.commons.csv.CSVLexerTest.testEscapedMySqlNullValue
Profiler failed test: org.apache.commons.csv.CSVLexerTest.testEscapedCharacter
Profiler failed test: org.apache.commons.csv.CSVParserTest.testBackslashEscaping
Profiler is DONE!
