[INFO] Scanning for projects...
[WARNING] 
[WARNING] Some problems were encountered while building the effective model for org.jsoup:jsoup:jar:1.6.3-SNAPSHOT
[WARNING] 'build.plugins.plugin.version' for org.apache.maven.plugins:maven-jar-plugin is missing. @ line 77, column 15
[WARNING] 
[WARNING] It is highly recommended to fix these problems because they threaten the stability of your build.
[WARNING] 
[WARNING] For this reason, future Maven versions might no longer support building such malformed projects.
[WARNING] 
[INFO] 
[INFO] --------------------------< org.jsoup:jsoup >---------------------------
[INFO] Building jsoup 1.6.3-SNAPSHOT
[INFO] --------------------------------[ jar ]---------------------------------
[INFO] 
[INFO] --- uniapr-plugin:profiler-only:validate (default-cli) @ jsoup ---
Installing UniAPR agent
Profiler is HERE!
Found 323 test units
RUNNING: org.jsoup.helper.StringUtilTest.padding... 
RUNNING: org.jsoup.helper.StringUtilTest.isNumeric... 
RUNNING: org.jsoup.helper.StringUtilTest.normaliseWhiteSpace... 
RUNNING: org.jsoup.helper.StringUtilTest.normaliseWhiteSpaceModified... 
RUNNING: org.jsoup.helper.StringUtilTest.isBlank... 
RUNNING: org.jsoup.helper.StringUtilTest.join... 
RUNNING: org.jsoup.helper.StringUtilTest.isWhitespace... 
RUNNING: org.jsoup.select.ElementsTest.attributes... 
RUNNING: org.jsoup.select.ElementsTest.is... 
RUNNING: org.jsoup.select.ElementsTest.html... 
RUNNING: org.jsoup.select.ElementsTest.text... 
RUNNING: org.jsoup.select.ElementsTest.outerHtml... 
RUNNING: org.jsoup.select.ElementsTest.parents... 
RUNNING: org.jsoup.select.ElementsTest.traverse... 
RUNNING: org.jsoup.select.ElementsTest.hasAttr... 
RUNNING: org.jsoup.select.ElementsTest.hasText... 
RUNNING: org.jsoup.select.ElementsTest.hasAbsAttr... 
RUNNING: org.jsoup.select.ElementsTest.absAttr... 
RUNNING: org.jsoup.select.ElementsTest.setHtml... 
RUNNING: org.jsoup.select.ElementsTest.not... 
RUNNING: org.jsoup.select.ElementsTest.tagNameSet... 
RUNNING: org.jsoup.select.ElementsTest.remove... 
RUNNING: org.jsoup.select.ElementsTest.classes... 
RUNNING: org.jsoup.select.ElementsTest.wrap... 
RUNNING: org.jsoup.select.ElementsTest.unwrap... 
RUNNING: org.jsoup.select.ElementsTest.attr... 
RUNNING: org.jsoup.select.ElementsTest.empty... 
RUNNING: org.jsoup.select.ElementsTest.eq... 
RUNNING: org.jsoup.select.ElementsTest.filter... 
RUNNING: org.jsoup.select.ElementsTest.val... 
RUNNING: org.jsoup.select.ElementsTest.before... 
RUNNING: org.jsoup.select.ElementsTest.after... 
RUNNING: org.jsoup.nodes.DocumentTypeTest.constructorValidationThrowsExceptionOnBlankName... 
RUNNING: org.jsoup.nodes.DocumentTypeTest.constructorValidationThrowsExceptionOnNulls... 
RUNNING: org.jsoup.nodes.DocumentTypeTest.constructorValidationOkWithBlankPublicAndSystemIds... 
RUNNING: org.jsoup.nodes.DocumentTypeTest.outerHtmlGeneration... 
RUNNING: org.jsoup.safety.CleanerTest.testDropComments... 
RUNNING: org.jsoup.safety.CleanerTest.testRelaxed... 
RUNNING: org.jsoup.safety.CleanerTest.testDropXmlProc... 
RUNNING: org.jsoup.safety.CleanerTest.simpleBehaviourTest... 
RUNNING: org.jsoup.safety.CleanerTest.simpleBehaviourTest2... 
RUNNING: org.jsoup.safety.CleanerTest.basicBehaviourTest... 
RUNNING: org.jsoup.safety.CleanerTest.basicWithImagesTest... 
RUNNING: org.jsoup.safety.CleanerTest.testDropScript... 
RUNNING: org.jsoup.safety.CleanerTest.testDropImageScript... 
RUNNING: org.jsoup.safety.CleanerTest.testCleanJavascriptHref... 
RUNNING: org.jsoup.safety.CleanerTest.testDropsUnknownTags... 
RUNNING: org.jsoup.safety.CleanerTest.testHandlesEmptyAttributes... 
RUNNING: org.jsoup.safety.CleanerTest.testIsValid... 
RUNNING: org.jsoup.safety.CleanerTest.resolvesRelativeLinks... 
RUNNING: org.jsoup.safety.CleanerTest.preservesRelatedLinksIfConfigured... 
RUNNING: org.jsoup.safety.CleanerTest.dropsUnresolvableRelativeLinks... 
RUNNING: org.jsoup.safety.CleanerTest.handlesCustomProtocols... 
RUNNING: org.jsoup.nodes.AttributeTest.html... 
RUNNING: org.jsoup.helper.HttpConnectionTest.timeout... 
RUNNING: org.jsoup.helper.HttpConnectionTest.data... 
RUNNING: org.jsoup.helper.HttpConnectionTest.method... 
RUNNING: org.jsoup.helper.HttpConnectionTest.throwsExceptionOnParseWithoutExecute... 
RUNNING: org.jsoup.helper.HttpConnectionTest.throwsExceptionOnBodyWithoutExecute... 
RUNNING: org.jsoup.helper.HttpConnectionTest.throwsExceptionOnBodyAsBytesWithoutExecute... 
RUNNING: org.jsoup.helper.HttpConnectionTest.caseInsensitiveHeaders... 
RUNNING: org.jsoup.helper.HttpConnectionTest.ignoresEmptySetCookies... 
RUNNING: org.jsoup.helper.HttpConnectionTest.ignoresEmptyCookieNameAndVals... 
RUNNING: org.jsoup.helper.HttpConnectionTest.connectWithUrl... 
RUNNING: org.jsoup.helper.HttpConnectionTest.throwsOnMalformedUrl... 
RUNNING: org.jsoup.helper.HttpConnectionTest.userAgent... 
RUNNING: org.jsoup.helper.HttpConnectionTest.referrer... 
RUNNING: org.jsoup.helper.HttpConnectionTest.throwsOnOdddData... 
RUNNING: org.jsoup.helper.HttpConnectionTest.cookie... 
RUNNING: org.jsoup.parser.HtmlParserTest.parsesUnterminatedComments... 
RUNNING: org.jsoup.parser.HtmlParserTest.dropsUnterminatedTag... 
RUNNING: org.jsoup.parser.HtmlParserTest.dropsUnterminatedAttribute... 
RUNNING: org.jsoup.parser.HtmlParserTest.parsesUnterminatedTextarea... 
RUNNING: org.jsoup.parser.HtmlParserTest.parsesUnterminatedOption... 
RUNNING: org.jsoup.parser.HtmlParserTest.testSpaceAfterTag... 
RUNNING: org.jsoup.parser.HtmlParserTest.createsDocumentStructure... 
RUNNING: org.jsoup.parser.HtmlParserTest.createsStructureFromBodySnippet... 
RUNNING: org.jsoup.parser.HtmlParserTest.handlesEscapedData... 
RUNNING: org.jsoup.parser.HtmlParserTest.handlesDataOnlyTags... 
RUNNING: org.jsoup.parser.HtmlParserTest.handlesTextAfterData... 
RUNNING: org.jsoup.parser.HtmlParserTest.handlesTextArea... 
RUNNING: org.jsoup.parser.HtmlParserTest.doesNotCreateImplicitLists... 
RUNNING: org.jsoup.parser.HtmlParserTest.discardsNakedTds... 
RUNNING: org.jsoup.parser.HtmlParserTest.handlesNestedImplicitTable... 
RUNNING: org.jsoup.parser.HtmlParserTest.handlesWhatWgExpensesTableExample... 
RUNNING: org.jsoup.parser.HtmlParserTest.handlesTbodyTable... 
RUNNING: org.jsoup.parser.HtmlParserTest.handlesImplicitCaptionClose... 
RUNNING: org.jsoup.parser.HtmlParserTest.noTableDirectInTable... 
RUNNING: org.jsoup.parser.HtmlParserTest.ignoresDupeEndTrTag... 
RUNNING: org.jsoup.parser.HtmlParserTest.handlesBaseTags... 
RUNNING: org.jsoup.parser.HtmlParserTest.handlesCdata... 
RUNNING: org.jsoup.parser.HtmlParserTest.handlesInvalidStartTags... 
RUNNING: org.jsoup.parser.HtmlParserTest.handlesUnknownTags... 
RUNNING: org.jsoup.parser.HtmlParserTest.handlesUnknownInlineTags... 
RUNNING: org.jsoup.parser.HtmlParserTest.parsesBodyFragment... 
RUNNING: org.jsoup.parser.HtmlParserTest.handlesUnknownNamespaceTags... 
RUNNING: org.jsoup.parser.HtmlParserTest.handlesKnownEmptyBlocks... 
RUNNING: org.jsoup.parser.HtmlParserTest.handlesSolidusAtAttributeEnd... 
RUNNING: org.jsoup.parser.HtmlParserTest.handlesMultiClosingBody... 
RUNNING: org.jsoup.parser.HtmlParserTest.handlesUnclosedDefinitionLists... 
RUNNING: org.jsoup.parser.HtmlParserTest.handlesBlocksInDefinitions... 
RUNNING: org.jsoup.parser.HtmlParserTest.handlesFrames... 
RUNNING: org.jsoup.parser.HtmlParserTest.ignoresContentAfterFrameset... 
RUNNING: org.jsoup.parser.HtmlParserTest.handlesJavadocFont... 
RUNNING: org.jsoup.parser.HtmlParserTest.handlesBaseWithoutHref... 
RUNNING: org.jsoup.parser.HtmlParserTest.normalisesDocument... 
RUNNING: org.jsoup.parser.HtmlParserTest.normalisesEmptyDocument... 
RUNNING: org.jsoup.parser.HtmlParserTest.normalisesHeadlessBody... 
RUNNING: org.jsoup.parser.HtmlParserTest.normalisedBodyAfterContent... 
RUNNING: org.jsoup.parser.HtmlParserTest.findsCharsetInMalformedMeta... 
RUNNING: org.jsoup.parser.HtmlParserTest.testHgroup... 
RUNNING: org.jsoup.parser.HtmlParserTest.testRelaxedTags... 
RUNNING: org.jsoup.parser.HtmlParserTest.parsesComments... 
RUNNING: org.jsoup.parser.HtmlParserTest.parsesSimpleDocument... 
RUNNING: org.jsoup.parser.HtmlParserTest.parsesRoughAttributes... 
RUNNING: org.jsoup.parser.HtmlParserTest.parsesQuiteRoughAttributes... 
RUNNING: org.jsoup.parser.HtmlParserTest.testHeaderContents... 
RUNNING: org.jsoup.parser.HtmlParserTest.testSpanContents... 
RUNNING: org.jsoup.parser.HtmlParserTest.testNoImagesInNoScriptInHead... 
RUNNING: org.jsoup.parser.HtmlParserTest.testAFlowContents... 
RUNNING: org.jsoup.parser.HtmlParserTest.testFontFlowContents... 
RUNNING: org.jsoup.parser.HtmlParserTest.handlesMisnestedTagsBI... 
RUNNING: org.jsoup.parser.HtmlParserTest.handlesMisnestedTagsBP... 
RUNNING: org.jsoup.parser.HtmlParserTest.handlesUnexpectedMarkupInTables... 
RUNNING: org.jsoup.parser.HtmlParserTest.handlesUnclosedFormattingElements... 
RUNNING: org.jsoup.parser.HtmlParserTest.reconstructFormattingElements... 
RUNNING: org.jsoup.parser.HtmlParserTest.reconstructFormattingElementsInTable... 
RUNNING: org.jsoup.parser.HtmlParserTest.commentBeforeHtml... 
RUNNING: org.jsoup.parser.HtmlParserTest.emptyTdTag... 
RUNNING: org.jsoup.parser.HtmlParserTest.handlesSolidusInA... 
RUNNING: org.jsoup.parser.HtmlParserTest.handlesSpanInTbody... 
RUNNING: org.jsoup.parser.HtmlParserTest.handlesUnclosedTitleAtEof... 
RUNNING: org.jsoup.parser.HtmlParserTest.handlesUnclosedTitle... 
RUNNING: org.jsoup.parser.HtmlParserTest.handlesUnclosedScriptAtEof... 
RUNNING: org.jsoup.parser.HtmlParserTest.handlesUnclosedRawtextAtEof... 
RUNNING: org.jsoup.parser.HtmlParserTest.noImplicitFormForTextAreas... 
RUNNING: org.jsoup.parser.HtmlParserTest.handlesEscapedScript... 
RUNNING: org.jsoup.parser.HtmlParserTest.handles0CharacterAsText... 
RUNNING: org.jsoup.parser.HtmlParserTest.handlesNullInData... 
RUNNING: org.jsoup.parser.HtmlParserTest.handlesNullInComments... 
RUNNING: org.jsoup.parser.HtmlParserTest.handlesNewlinesAndWhitespaceInTag... 
RUNNING: org.jsoup.parser.HtmlParserTest.handlesWhitespaceInoDocType... 
RUNNING: org.jsoup.parser.HtmlParserTest.tracksErrorsWhenRequested... 
RUNNING: org.jsoup.parser.HtmlParserTest.tracksLimitedErrorsWhenRequested... 
RUNNING: org.jsoup.parser.HtmlParserTest.noErrorsByDefault... 
RUNNING: org.jsoup.parser.HtmlParserTest.handlesCommentsInTable... 
RUNNING: org.jsoup.parser.TagTest.isCaseInsensitive... 
RUNNING: org.jsoup.parser.TagTest.valueOfChecksNotNull... 
RUNNING: org.jsoup.parser.TagTest.valueOfChecksNotEmpty... 
RUNNING: org.jsoup.parser.TagTest.imgSemantics... 
RUNNING: org.jsoup.parser.TagTest.equality... 
RUNNING: org.jsoup.parser.TagTest.divSemantics... 
RUNNING: org.jsoup.parser.TagTest.defaultSemantics... 
RUNNING: org.jsoup.parser.TagTest.trims... 
RUNNING: org.jsoup.parser.TagTest.pSemantics... 
RUNNING: org.jsoup.select.SelectorTest.testRelaxedTags... 
RUNNING: org.jsoup.select.SelectorTest.testNamespacedTag... 
RUNNING: org.jsoup.select.SelectorTest.testByAttributeStarting... 
RUNNING: org.jsoup.select.SelectorTest.testByAttributeRegex... 
RUNNING: org.jsoup.select.SelectorTest.testByAttributeRegexCharacterClass... 
RUNNING: org.jsoup.select.SelectorTest.testByAttributeRegexCombined... 
RUNNING: org.jsoup.select.SelectorTest.testCombinedWithContains... 
RUNNING: org.jsoup.select.SelectorTest.testAllElements... 
RUNNING: org.jsoup.select.SelectorTest.testAllWithClass... 
RUNNING: org.jsoup.select.SelectorTest.testGroupOr... 
RUNNING: org.jsoup.select.SelectorTest.testGroupOrAttribute... 
RUNNING: org.jsoup.select.SelectorTest.descendant... 
RUNNING: org.jsoup.select.SelectorTest.deeperDescendant... 
RUNNING: org.jsoup.select.SelectorTest.parentChildElement... 
RUNNING: org.jsoup.select.SelectorTest.parentWithClassChild... 
RUNNING: org.jsoup.select.SelectorTest.parentChildStar... 
RUNNING: org.jsoup.select.SelectorTest.multiChildDescent... 
RUNNING: org.jsoup.select.SelectorTest.caseInsensitive... 
RUNNING: org.jsoup.select.SelectorTest.adjacentSiblings... 
RUNNING: org.jsoup.select.SelectorTest.adjacentSiblingsWithId... 
RUNNING: org.jsoup.select.SelectorTest.notAdjacent... 
RUNNING: org.jsoup.select.SelectorTest.mixCombinator... 
RUNNING: org.jsoup.select.SelectorTest.mixCombinatorGroup... 
RUNNING: org.jsoup.select.SelectorTest.generalSiblings... 
RUNNING: org.jsoup.select.SelectorTest.testCharactersInIdAndClass... 
RUNNING: org.jsoup.select.SelectorTest.testSupportsLeadingCombinator... 
RUNNING: org.jsoup.select.SelectorTest.testPseudoLessThan... 
RUNNING: org.jsoup.select.SelectorTest.testByAttribute... 
RUNNING: org.jsoup.select.SelectorTest.testByClass... 
RUNNING: org.jsoup.select.SelectorTest.testById... 
RUNNING: org.jsoup.select.SelectorTest.testByTag... 
RUNNING: org.jsoup.select.SelectorTest.testPseudoGreaterThan... 
RUNNING: org.jsoup.select.SelectorTest.testPseudoEquals... 
RUNNING: org.jsoup.select.SelectorTest.testPseudoBetween... 
RUNNING: org.jsoup.select.SelectorTest.testPseudoCombined... 
RUNNING: org.jsoup.select.SelectorTest.testPseudoHas... 
RUNNING: org.jsoup.select.SelectorTest.testNestedHas... 
RUNNING: org.jsoup.select.SelectorTest.testPseudoContains... 
RUNNING: org.jsoup.select.SelectorTest.testPsuedoContainsWithParentheses... 
RUNNING: org.jsoup.select.SelectorTest.containsOwn... 
RUNNING: org.jsoup.select.SelectorTest.testMatches... 
RUNNING: org.jsoup.select.SelectorTest.matchesOwn... 
RUNNING: org.jsoup.select.SelectorTest.notParas... 
RUNNING: org.jsoup.select.SelectorTest.notAll... 
RUNNING: org.jsoup.select.SelectorTest.notClass... 
RUNNING: org.jsoup.select.SelectorTest.handlesCommasInSelector... 
RUNNING: org.jsoup.select.SelectorTest.and... 
RUNNING: org.jsoup.select.QueryParserTest.testOrGetsCorrectPrecedence... 
RUNNING: org.jsoup.select.QueryParserTest.testParsesMultiCorrectly... 
RUNNING: org.jsoup.nodes.ElementTest.testClone... 
RUNNING: org.jsoup.nodes.ElementTest.dataset... 
RUNNING: org.jsoup.nodes.ElementTest.testGetElementsWithAttribute... 
RUNNING: org.jsoup.nodes.ElementTest.testGetElementsWithAttributeDash... 
RUNNING: org.jsoup.nodes.ElementTest.testGetElementsWithAttributeValue... 
RUNNING: org.jsoup.nodes.ElementTest.testClassDomMethods... 
RUNNING: org.jsoup.nodes.ElementTest.testClassUpdates... 
RUNNING: org.jsoup.nodes.ElementTest.testOuterHtml... 
RUNNING: org.jsoup.nodes.ElementTest.testInnerHtml... 
RUNNING: org.jsoup.nodes.ElementTest.testFormatHtml... 
RUNNING: org.jsoup.nodes.ElementTest.testSetIndent... 
RUNNING: org.jsoup.nodes.ElementTest.testNotPretty... 
RUNNING: org.jsoup.nodes.ElementTest.testEmptyElementFormatHtml... 
RUNNING: org.jsoup.nodes.ElementTest.testNoIndentOnScriptAndStyle... 
RUNNING: org.jsoup.nodes.ElementTest.testContainerOutput... 
RUNNING: org.jsoup.nodes.ElementTest.testSetText... 
RUNNING: org.jsoup.nodes.ElementTest.testAddNewElement... 
RUNNING: org.jsoup.nodes.ElementTest.testAppendRowToTable... 
RUNNING: org.jsoup.nodes.ElementTest.testPrependRowToTable... 
RUNNING: org.jsoup.nodes.ElementTest.testPrependElement... 
RUNNING: org.jsoup.nodes.ElementTest.testAddNewText... 
RUNNING: org.jsoup.nodes.ElementTest.testPrependText... 
RUNNING: org.jsoup.nodes.ElementTest.testAddNewHtml... 
RUNNING: org.jsoup.nodes.ElementTest.testPrependNewHtml... 
RUNNING: org.jsoup.nodes.ElementTest.testSetHtml... 
RUNNING: org.jsoup.nodes.ElementTest.testWrap... 
RUNNING: org.jsoup.nodes.ElementTest.testWrapWithRemainder... 
RUNNING: org.jsoup.nodes.ElementTest.testHasText... 
RUNNING: org.jsoup.nodes.ElementTest.parentlessToString... 
RUNNING: org.jsoup.nodes.ElementTest.testTagNameSet... 
RUNNING: org.jsoup.nodes.ElementTest.testHtmlContainsOuter... 
RUNNING: org.jsoup.nodes.ElementTest.testGetTextNodes... 
RUNNING: org.jsoup.nodes.ElementTest.testManipulateTextNodes... 
RUNNING: org.jsoup.nodes.ElementTest.testGetDataNodes... 
RUNNING: org.jsoup.nodes.ElementTest.elementIsNotASiblingOfItself... 
RUNNING: org.jsoup.nodes.ElementTest.getElementsByTagName... 
RUNNING: org.jsoup.nodes.ElementTest.getNamespacedElementsByTag... 
RUNNING: org.jsoup.nodes.ElementTest.testGetElementById... 
RUNNING: org.jsoup.nodes.ElementTest.testGetText... 
RUNNING: org.jsoup.nodes.ElementTest.testGetChildText... 
RUNNING: org.jsoup.nodes.ElementTest.testNormalisesText... 
RUNNING: org.jsoup.nodes.ElementTest.testKeepsPreText... 
RUNNING: org.jsoup.nodes.ElementTest.testKeepsPreTextInCode... 
RUNNING: org.jsoup.nodes.ElementTest.testBrHasSpace... 
RUNNING: org.jsoup.nodes.ElementTest.testGetSiblings... 
RUNNING: org.jsoup.nodes.ElementTest.testGetParents... 
RUNNING: org.jsoup.nodes.ElementTest.testElementSiblingIndex... 
RUNNING: org.jsoup.nodes.ElementTest.testGetElementsWithClass... 
RUNNING: org.jsoup.nodes.ElementTest.before... 
RUNNING: org.jsoup.nodes.ElementTest.after... 
RUNNING: org.jsoup.nodes.EntitiesTest.quoteReplacements... 
RUNNING: org.jsoup.nodes.EntitiesTest.strictUnescape... 
RUNNING: org.jsoup.nodes.EntitiesTest.caseSensitive... 
RUNNING: org.jsoup.nodes.EntitiesTest.escape... 
RUNNING: org.jsoup.nodes.EntitiesTest.unescape... 
RUNNING: org.jsoup.parser.AttributeParseTest.parsesRoughAttributeString... 
RUNNING: org.jsoup.parser.AttributeParseTest.canStartWithEq... 
RUNNING: org.jsoup.parser.AttributeParseTest.parsesEmptyString... 
RUNNING: org.jsoup.parser.AttributeParseTest.strictAttributeUnescapes... 
RUNNING: org.jsoup.parser.AttributeParseTest.moreAttributeUnescapes... 
RUNNING: org.jsoup.nodes.TextNodeTest.testSplitText... 
RUNNING: org.jsoup.nodes.TextNodeTest.testTextBean... 
RUNNING: org.jsoup.nodes.TextNodeTest.testBlank... 
RUNNING: org.jsoup.nodes.TextNodeTest.testSplitAnEmbolden... 
RUNNING: org.jsoup.parser.TokenQueueTest.addFirst... 
RUNNING: org.jsoup.parser.TokenQueueTest.chompEscapedBalanced... 
RUNNING: org.jsoup.parser.TokenQueueTest.chompBalancedMatchesAsMuchAsPossible... 
RUNNING: org.jsoup.parser.TokenQueueTest.chompToIgnoreCase... 
RUNNING: org.jsoup.parser.TokenQueueTest.chompBalanced... 
RUNNING: org.jsoup.parser.TokenQueueTest.unescape... 
RUNNING: org.jsoup.integration.ParseTest.testSmhBizArticle... 
RUNNING: org.jsoup.integration.ParseTest.testGoogleSearchIpod... 

java.lang.AssertionError: expected:<2> but was:<3>
	at org.junit.Assert.fail(Assert.java:88)
	at org.junit.Assert.failNotEquals(Assert.java:834)
	at org.junit.Assert.assertEquals(Assert.java:645)
	at org.junit.Assert.assertEquals(Assert.java:631)
	at org.jsoup.nodes.ElementTest.elementIsNotASiblingOfItself(ElementTest.java:538)
	at sun.reflect.NativeMethodAccessorImpl.invoke0(Native Method)
	at sun.reflect.NativeMethodAccessorImpl.invoke(NativeMethodAccessorImpl.java:62)
	at sun.reflect.DelegatingMethodAccessorImpl.invoke(DelegatingMethodAccessorImpl.java:43)
	at java.lang.reflect.Method.invoke(Method.java:498)
	at org.junit.runners.model.FrameworkMethod$1.runReflectiveCall(FrameworkMethod.java:50)
	at org.junit.internal.runners.model.ReflectiveCallable.run(ReflectiveCallable.java:12)
	at org.junit.runners.model.FrameworkMethod.invokeExplosively(FrameworkMethod.java:47)
	at org.junit.internal.runners.statements.InvokeMethod.evaluate(InvokeMethod.java:17)
	at org.junit.runners.ParentRunner.runLeaf(ParentRunner.java:325)
	at org.junit.runners.BlockJUnit4ClassRunner.runChild(BlockJUnit4ClassRunner.java:78)
	at org.junit.runners.BlockJUnit4ClassRunner.runChild(BlockJUnit4ClassRunner.java:57)
	at org.junit.runners.ParentRunner$3.run(ParentRunner.java:290)
	at org.junit.runners.ParentRunner$1.schedule(ParentRunner.java:71)
	at org.junit.runners.ParentRunner.runChildren(ParentRunner.java:288)
	at org.junit.runners.ParentRunner.access$000(ParentRunner.java:58)
	at org.junit.runners.ParentRunner$2.evaluate(ParentRunner.java:268)
	at org.junit.runners.ParentRunner.run(ParentRunner.java:363)
	at org.pitest.junit.adapter.CustomRunnerExecutor.run(CustomRunnerExecutor.java:42)
	at org.pitest.junit.adapter.AdaptedJUnitTestUnit.execute(AdaptedJUnitTestUnit.java:69)
	at org.uniapr.profiler.ProfilerDriver$1.execute(ProfilerDriver.java:75)
	at org.uniapr.junit.runner.JUnitRunner.run(JUnitRunner.java:106)
	at org.uniapr.junit.runner.JUnitRunner.run(JUnitRunner.java:92)
	at org.uniapr.profiler.ProfilerDriver.main(ProfilerDriver.java:46)

RUNNING: org.jsoup.integration.ParseTest.testBinary... 
RUNNING: org.jsoup.integration.ParseTest.testYahooJp... 
RUNNING: org.jsoup.integration.ParseTest.testBaidu... 
RUNNING: org.jsoup.integration.ParseTest.testBaiduVariant... 
RUNNING: org.jsoup.integration.ParseTest.testHtml5Charset... 
RUNNING: org.jsoup.integration.ParseTest.testNytArticle... 
RUNNING: org.jsoup.integration.ParseTest.testYahooArticle... 
RUNNING: org.jsoup.integration.ParseTest.testNewsHomepage... 
RUNNING: org.jsoup.nodes.DocumentTest.setTextPreservesDocumentStructure... 
RUNNING: org.jsoup.nodes.DocumentTest.testOutputEncoding... 
RUNNING: org.jsoup.nodes.DocumentTest.testXhtmlReferences... 
RUNNING: org.jsoup.nodes.DocumentTest.testNormalisesStructure... 
RUNNING: org.jsoup.nodes.DocumentTest.testClone... 
RUNNING: org.jsoup.nodes.DocumentTest.testClonesDeclarations... 
RUNNING: org.jsoup.nodes.DocumentTest.testTitles... 
RUNNING: org.jsoup.parser.XmlTreeBuilderTest.testPopToClose... 
RUNNING: org.jsoup.parser.XmlTreeBuilderTest.testSimpleXmlParse... 
RUNNING: org.jsoup.parser.XmlTreeBuilderTest.testCommentAndDocType... 
RUNNING: org.jsoup.parser.XmlTreeBuilderTest.testSupplyParserToJsoupClass... 
RUNNING: org.jsoup.parser.XmlTreeBuilderTest.testSupplyParserToDataStream... 
RUNNING: org.jsoup.parser.XmlTreeBuilderTest.testDoesNotForceSelfClosingKnownTags... 
RUNNING: org.jsoup.helper.DataUtilTest.testCharset... 
RUNNING: org.jsoup.helper.DataUtilTest.testQuotedCharset... 
RUNNING: org.jsoup.helper.DataUtilTest.discardsSpuriousByteOrderMark... 
RUNNING: org.jsoup.nodes.AttributesTest.html... 
RUNNING: org.jsoup.nodes.NodeTest.setBaseUriIsRecursive... 
RUNNING: org.jsoup.nodes.NodeTest.handlesAbsPrefix... 
RUNNING: org.jsoup.nodes.NodeTest.handlesAbsOnImage... 
RUNNING: org.jsoup.nodes.NodeTest.handlesAbsPrefixOnHasAttr... 
RUNNING: org.jsoup.nodes.NodeTest.literalAbsPrefix... 
RUNNING: org.jsoup.nodes.NodeTest.absHandlesRelativeQuery... 
RUNNING: org.jsoup.nodes.NodeTest.testRemove... 
RUNNING: org.jsoup.nodes.NodeTest.testReplace... 
RUNNING: org.jsoup.nodes.NodeTest.ownerDocument... 
RUNNING: org.jsoup.nodes.NodeTest.unwrapNoChildren... 
RUNNING: org.jsoup.nodes.NodeTest.traverse... 
RUNNING: org.jsoup.nodes.NodeTest.orphanNodeReturnsNullForSiblingElements... 

java.lang.NullPointerException
	at org.jsoup.nodes.Node.siblingNodes(Node.java:445)
	at org.jsoup.nodes.NodeTest.orphanNodeReturnsNullForSiblingElements(NodeTest.java:190)
	at sun.reflect.NativeMethodAccessorImpl.invoke0(Native Method)
	at sun.reflect.NativeMethodAccessorImpl.invoke(NativeMethodAccessorImpl.java:62)
	at sun.reflect.DelegatingMethodAccessorImpl.invoke(DelegatingMethodAccessorImpl.java:43)
	at java.lang.reflect.Method.invoke(Method.java:498)
	at org.junit.runners.model.FrameworkMethod$1.runReflectiveCall(FrameworkMethod.java:50)
	at org.junit.internal.runners.model.ReflectiveCallable.run(ReflectiveCallable.java:12)
	at org.junit.runners.model.FrameworkMethod.invokeExplosively(FrameworkMethod.java:47)
	at org.junit.internal.runners.statements.InvokeMethod.evaluate(InvokeMethod.java:17)
	at org.junit.runners.ParentRunner.runLeaf(ParentRunner.java:325)
	at org.junit.runners.BlockJUnit4ClassRunner.runChild(BlockJUnit4ClassRunner.java:78)
	at org.junit.runners.BlockJUnit4ClassRunner.runChild(BlockJUnit4ClassRunner.java:57)
	at org.junit.runners.ParentRunner$3.run(ParentRunner.java:290)
	at org.junit.runners.ParentRunner$1.schedule(ParentRunner.java:71)
	at org.junit.runners.ParentRunner.runChildren(ParentRunner.java:288)
	at org.junit.runners.ParentRunner.access$000(ParentRunner.java:58)
	at org.junit.runners.ParentRunner$2.evaluate(ParentRunner.java:268)
	at org.junit.runners.ParentRunner.run(ParentRunner.java:363)
	at org.pitest.junit.adapter.CustomRunnerExecutor.run(CustomRunnerExecutor.java:42)
	at org.pitest.junit.adapter.AdaptedJUnitTestUnit.execute(AdaptedJUnitTestUnit.java:69)
	at org.uniapr.profiler.ProfilerDriver$1.execute(ProfilerDriver.java:75)
	at org.uniapr.junit.runner.JUnitRunner.run(JUnitRunner.java:106)
	at org.uniapr.junit.runner.JUnitRunner.run(JUnitRunner.java:92)
	at org.uniapr.profiler.ProfilerDriver.main(ProfilerDriver.java:46)

RUNNING: org.jsoup.nodes.NodeTest.nodeIsNotASiblingOfItself... 

java.lang.AssertionError: expected:<2> but was:<3>
	at org.junit.Assert.fail(Assert.java:88)
	at org.junit.Assert.failNotEquals(Assert.java:834)
	at org.junit.Assert.assertEquals(Assert.java:645)
	at org.junit.Assert.assertEquals(Assert.java:631)
	at org.jsoup.nodes.NodeTest.nodeIsNotASiblingOfItself(NodeTest.java:206)
	at sun.reflect.NativeMethodAccessorImpl.invoke0(Native Method)
	at sun.reflect.NativeMethodAccessorImpl.invoke(NativeMethodAccessorImpl.java:62)
	at sun.reflect.DelegatingMethodAccessorImpl.invoke(DelegatingMethodAccessorImpl.java:43)
	at java.lang.reflect.Method.invoke(Method.java:498)
	at org.junit.runners.model.FrameworkMethod$1.runReflectiveCall(FrameworkMethod.java:50)
	at org.junit.internal.runners.model.ReflectiveCallable.run(ReflectiveCallable.java:12)
	at org.junit.runners.model.FrameworkMethod.invokeExplosively(FrameworkMethod.java:47)
	at org.junit.internal.runners.statements.InvokeMethod.evaluate(InvokeMethod.java:17)
	at org.junit.runners.ParentRunner.runLeaf(ParentRunner.java:325)
	at org.junit.runners.BlockJUnit4ClassRunner.runChild(BlockJUnit4ClassRunner.java:78)
	at org.junit.runners.BlockJUnit4ClassRunner.runChild(BlockJUnit4ClassRunner.java:57)
	at org.junit.runners.ParentRunner$3.run(ParentRunner.java:290)
	at org.junit.runners.ParentRunner$1.schedule(ParentRunner.java:71)
	at org.junit.runners.ParentRunner.runChildren(ParentRunner.java:288)
	at org.junit.runners.ParentRunner.access$000(ParentRunner.java:58)
	at org.junit.runners.ParentRunner$2.evaluate(ParentRunner.java:268)
	at org.junit.runners.ParentRunner.run(ParentRunner.java:363)
	at org.pitest.junit.adapter.CustomRunnerExecutor.run(CustomRunnerExecutor.java:42)
	at org.pitest.junit.adapter.AdaptedJUnitTestUnit.execute(AdaptedJUnitTestUnit.java:69)
	at org.uniapr.profiler.ProfilerDriver$1.execute(ProfilerDriver.java:75)
	at org.uniapr.junit.runner.JUnitRunner.run(JUnitRunner.java:106)
	at org.uniapr.junit.runner.JUnitRunner.run(JUnitRunner.java:92)
	at org.uniapr.profiler.ProfilerDriver.main(ProfilerDriver.java:46)

RUNNING: org.jsoup.nodes.NodeTest.handlesBaseUri... 
RUNNING: org.jsoup.nodes.NodeTest.unwrap... 
RUNNING: org.jsoup.nodes.NodeTest.before... 
RUNNING: org.jsoup.nodes.NodeTest.after... 
RUNNING: org.jsoup.parser.CharacterReaderTest.consume... 
RUNNING: org.jsoup.parser.CharacterReaderTest.unconsume... 
RUNNING: org.jsoup.parser.CharacterReaderTest.consumeToEnd... 
RUNNING: org.jsoup.parser.CharacterReaderTest.handleCarriageReturnAsLineFeed... 
RUNNING: org.jsoup.parser.CharacterReaderTest.mark... 
Profiler failed test: org.jsoup.nodes.ElementTest.elementIsNotASiblingOfItself
Profiler failed test: org.jsoup.nodes.NodeTest.orphanNodeReturnsNullForSiblingElements
Profiler failed test: org.jsoup.nodes.NodeTest.nodeIsNotASiblingOfItself
Profiler is DONE!
